                                  1 	#$$m2		- PowerPC mnemonics
                                  2 	#$$pVLE		- PowerPC VLE encoding
                                  3 	#$$oPPC5534  - Optimized for PPC5534
                                  4 	#$$ko 9		- Reorder info
                                  5 		.file		"adc.c"
                                  6 	#$$eb
                                  7 	#$$sz 0
                                  8 	#$$fp 0
                                  9 		.section	.PPC.EMB.apuinfo,,@note
  00000000 01  0000 0008         10 		.4byte		8
  00000004 01  0000 0004         11 		.4byte		4
  00000008 01  0000 0002         12 		.4byte		2
  0000000c 01  4150 5569 6e66    13 		.byte		"APUinfo"
  00000012 01  6f                   	
  00000013 01  00                14 		.byte		0
                                 15 		.align		2
  00000014 01  0104 0001         16 		.4byte		0x01040001
                                 17 		.section	.text_vle,,c
                                 18 		.section	.debug_frame,,n
                                 19 	__local_cie: 
  00000000 02  0000 0010         20 		.word	.LE-.LS
                                 21 	.LS:
  00000004 02  ffff ffff         22 		.word	-1
  00000008 02  01                23 		.byte	1
  00000009 02  00                24 		.byte	0
  0000000a 02  04                25 		.uleb128	4
  0000000b 02  7c                26 		.sleb128	-4
  0000000c 02  6c                27 		.byte	108
  0000000d 02  0c                28 		.byte	0x0c
  0000000e 02  01                29 		.byte	1
  0000000f 02  00                30 		.byte	0
  00000010 02  08                31 		.byte	8
  00000011 02  6c                32 		.byte	108
                                 33 		.fill           (.LS-.)&3
                                 34 	.LE:
                                 35 		.section	.debug_line,,n
                                 36 	.L8:
                                 37 		.section	.text_vle,,c
                                 38 	.L4:
  00000000 00                    39 		.0byte		.L2
  00000000 03  0000 008d 0002    40 		.d2_line_start	.debug_line
  00000006 03  0000 0013 0201       	
  0000000c 03  ff04 0d00 0101       	
  00000012 03  0101 0000 0001       	
  00000018 03  0000 0100 00         	
                                 41 		.section	.debug_abbrev,,n
                                 42 	.L9:
                                 43 		.section	.debug_info,,n
                                 44 	.L2:
  00000000 05  0000 00e5         45 		.4byte		.L3-.L1
                                 46 	.L1:
  00000004 05  0002              47 		.2byte		0x2
  00000006 05  0000 0000         48 		.4byte		.L9
  0000000a 05  04                49 		.byte		0x4
                                 50 		.section	.debug_abbrev,,n
  00000000 04  01                51 		.uleb128	1
  00000001 04  11                52 		.uleb128	17
  00000002 04  01                53 		.byte		0x1
  00000003 04  01                54 		.uleb128	1
  00000004 04  13                55 		.uleb128	19
  00000005 04  03                56 		.uleb128	3
  00000006 04  08                57 		.uleb128	8
  00000007 04  25                58 		.uleb128	37
  00000008 04  08                59 		.uleb128	8
  00000009 04  1b                60 		.uleb128	27
  0000000a 04  08                61 		.uleb128	8
  0000000b 04  13                62 		.uleb128	19
  0000000c 04  0f                63 		.uleb128	15
  0000000d 04  11                64 		.uleb128	17
  0000000e 04  01                65 		.uleb128	1
  0000000f 04  12                66 		.uleb128	18
  00000010 04  01                67 		.uleb128	1
  00000011 04  10                68 		.uleb128	16
  00000012 04  06                69 		.uleb128	6
  00000013 04  00                70 		.uleb128	0
  00000014 04  00                71 		.uleb128	0
                                 72 		.section	.debug_info,,n
  0000000b 05  01                73 		.sleb128	1
  0000000c 05  0000 00e8         74 		.4byte		.L7-.L2
  00000010 05  433a 5c55 7365    75 		.byte		"C:\\Users\\ASE-Lab\\Desktop\\ASEUnit2\\Template\\src\\adc.c"
  00000016 05  7273 5c41 5345       	
  0000001c 05  2d4c 6162 5c44       	
  00000022 05  6573 6b74 6f70       	
  00000028 05  5c41 5345 556e       	
  0000002e 05  6974                 	
  00000044 05  00                76 		.byte		0
  00000045 05  4469 6162 2044    77 		.byte		"Diab Data, Inc:dcc Rel 5.7.0.0:PPC5534"
  0000004b 05  6174 612c 2049       	
  00000051 05  6e63 3a64 6363       	
  00000057 05  2052 656c 2035       	
  0000005d 05  2e37 2e30 2e30       	
  00000063 05  3a50                 	
  0000006b 05  00                78 		.byte		0
  0000006c 05  433a 5c55 7365    79 		.byte		"C:\\Users\\ASE-Lab\\Desktop\\ASEUnit2\\Template"
  00000072 05  7273 5c41 5345       	
  00000078 05  2d4c 6162 5c44       	
  0000007e 05  6573 6b74 6f70       	
  00000084 05  5c41 5345 556e       	
  0000008a 05  6974                 	
  00000096 05  00                80 		.byte		0
  00000097 05  01                81 		.uleb128	1
  00000098 05  0000 0000         82 		.4byte		.L4
  0000009c 05  0000 0000         83 		.4byte		.L5
  000000a0 05  0000 0000         84 		.4byte		.L8
                                 85 		.section	.text_vle,,c
                                 86 	
                                 87 	#$$bf
                                 88 		.align		2
                                 89 		.globl		ADC_StartConversion
  00000014 02  0000 001c 0000    90 		.d2_cfa_start __local_cie
  0000001a 02  0000 0000 0000       	
  00000020 02  0000 002e            	
                                 91 	ADC_StartConversion:
                                 92 		.section	.debug_abbrev,,n
  00000015 04  02                93 		.uleb128	2
  00000016 04  2e                94 		.uleb128	46
  00000017 04  01                95 		.byte		0x1
  00000018 04  01                96 		.uleb128	1
  00000019 04  13                97 		.uleb128	19
  0000001a 04  03                98 		.uleb128	3
  0000001b 04  08                99 		.uleb128	8
  0000001c 04  3a               100 		.uleb128	58
  0000001d 04  06               101 		.uleb128	6
  0000001e 04  3b               102 		.uleb128	59
  0000001f 04  0f               103 		.uleb128	15
  00000020 04  3f               104 		.uleb128	63
  00000021 04  0c               105 		.uleb128	12
  00000022 04  11               106 		.uleb128	17
  00000023 04  01               107 		.uleb128	1
  00000024 04  12               108 		.uleb128	18
  00000025 04  01               109 		.uleb128	1
  00000026 04  00               110 		.uleb128	0
  00000027 04  00               111 		.uleb128	0
                                112 		.section	.debug_info,,n
                                113 	.L5787:
  000000a4 05  02               114 		.sleb128	2
  000000a5 05  0000 00cc        115 		.4byte		.L5783-.L2
  000000a9 05  4144 435f 5374   116 		.byte		"ADC_StartConversion"
  000000af 05  6172 7443 6f6e       	
  000000b5 05  7665 7273 696f       	
  000000bb 05  6e                   	
  000000bc 05  00               117 		.byte		0
  000000bd 05  0000 0001        118 		.4byte		.L5786
  000000c1 05  04               119 		.uleb128	4
  000000c2 05  01               120 		.byte		0x1
  000000c3 05  0000 0000        121 		.4byte		.L5784
  000000c7 05  0000 0000        122 		.4byte		.L5785
                                123 		.section	.text_vle,,c
  0000001d 03  0040 0343 3a5c   124 		.d2file		"C:\\Users\\ASE-Lab\\Desktop\\ASEUnit2\\Template\\src\\adc.c"
  00000023 03  5c55 7365 7273       	
  00000029 03  5c5c 4153 452d       	
  0000002f 03  4c61 625c 5c44       	
  00000035 03  6573 6b74 6f70       	
  0000003b 03  5c5c                 	
  00000061 03  0005 0200 0000   125 	        .d2line         5
  00000067 03  0003 040e            	
                                126 	.L5784:
  00000000 00  1821 06e0        127 		e_stwu		r1,-32(r1)
  00000024 02  410e 20          128 		.d2_cfa_def_cfa_offset	32
  00000004 00  0080             129 		se_mflr		r0,lr
                                130 	#$$br
  00000006 00  1ba1 0914        131 		e_stmw		r29,20(r1)
  00000027 02  419d 039e 029f   132 		.d2_cfa_offset_list	29,31,3,-1
  0000002d 02  01                   	
                                133 	#$$er
  0000000a 00  d901             134 		se_stw		r0,36(r1)
  0000002e 02  116c 7f          135 		.d2_cfa_offset    108,-1
                                136 	#$$ee
  0000006b 03  0206 0a          137 		.d2prologue_end
  0000000c 00  73ff e7e0        138 		e_lis		r31,65504
  00000010 00  01fd             139 		se_mr		r29,r31
  0000006e 03  1c               140 	        .d2line         7
  00000012 00  c06d             141 		se_lwz		r6,0(r29)
                                142 	#$$vo
  00000014 00  6476             143 		se_bseti		r6,7
  00000016 00  d06d             144 		se_stw		r6,0(r29)
                                145 	#$$vo
                                146 	.L5780:
  00000018 00  73df e7e0        147 		e_lis		r30,65504
  0000006f 03  24               148 	        .d2line         9
  0000001c 00  c16e             149 		se_lwz		r6,4(r30)
                                150 	#$$vo
  0000001e 00  6676             151 		se_btsti		r6,7
  00000020 00  e2fc             152 		bc		0,2,.L5780	# ne
  00000070 03  1b               153 	        .d2line         10
                                154 	#$$be
  00000071 03  0200 0b01        155 		.d2epilogue_begin
                                156 	#$$br
  00000022 00  1ba1 0814        157 		e_lmw		r29,20(r1)
                                158 	#$$er
  00000026 00  c901             159 		se_lwz		r0,36(r1)
  00000028 00  0090             160 		se_mtlr		r0
  0000002a 00  21f1             161 		se_addi		r1,32
                                162 	#$$tl 0x0 0x0 0x0
  0000002c 00  0004             163 		se_blr
                                164 	#$$ef
                                165 		.d2_cfa_end 2
                                166 		.section	.debug_info,,n
  000000cb 05  00               167 		.sleb128	0
                                168 	.L5783:
                                169 		.section	.text_vle,,c
                                170 	.L5785:
                                171 		.type		ADC_StartConversion,@function
                                172 		.size		ADC_StartConversion,.-ADC_StartConversion
                                173 	# Number of nodes = 11
                                174 	
                                175 	# Allocations for ADC_StartConversion
                                176 	#	r31		$$1
                                177 	#	r30		$$2
                                178 	#	r29		$$3
                                179 	
                                180 	#$$bf
                                181 		.align		2
                                182 		.globl		ADCInit
  00000034 02  0000 0030 0000   183 		.d2_cfa_start __local_cie
  0000003a 02  0000 0000 0000       	
  00000040 02  0000 0090            	
                                184 	ADCInit:
                                185 		.section	.debug_info,,n
                                186 	.L5792:
  000000cc 05  02               187 		.sleb128	2
  000000cd 05  0000 00e8        188 		.4byte		.L5789-.L2
  000000d1 05  4144 4349 6e69   189 		.byte		"ADCInit"
  000000d7 05  74                   	
  000000d8 05  00               190 		.byte		0
  000000d9 05  0000 0001        191 		.4byte		.L5786
  000000dd 05  0d               192 		.uleb128	13
  000000de 05  01               193 		.byte		0x1
  000000df 05  0000 0000        194 		.4byte		.L5790
  000000e3 05  0000 0000        195 		.4byte		.L5791
                                196 		.section	.text_vle,,c
  00000075 03  0304 2a          197 	        .d2line         14
                                198 	.L5790:
  00000030 00  1821 06c0        199 		e_stwu		r1,-64(r1)
  00000044 02  410e 40          200 		.d2_cfa_def_cfa_offset	64
  00000034 00  0080             201 		se_mflr		r0,lr
                                202 	#$$br
  00000036 00  1a41 0908        203 		e_stmw		r18,8(r1)
  00000047 02  4192 0e93 0d94   204 		.d2_cfa_offset_list	18,31,14,-1
  0000004d 02  0c95 0b96 0a97       	
  00000053 02  0998 0899 079a       	
  00000059 02  069b 059c 049d       	
  0000005f 02  039e 029f 01         	
                                205 	#$$er
  0000003a 00  5401 0044        206 		e_stw		r0,68(r1)
  00000064 02  4111 6c7f        207 		.d2_cfa_offset    108,-1
                                208 	#$$ee
  00000078 03  0207 0a          209 		.d2prologue_end
  0000003e 00  73ff e7e0        210 		e_lis		r31,65504
  00000042 00  01f8             211 		se_mr		r24,r31
  0000007b 03  1c               212 	        .d2line         16
  00000044 00  c068             213 		se_lwz		r6,0(r24)
                                214 	#$$vo
  00000046 00  61f6             215 		se_bclri		r6,31
  00000048 00  d068             216 		se_stw		r6,0(r24)
                                217 	#$$vo
  0000004a 00  73df e7e0        218 		e_lis		r30,65504
  0000004e 00  02ef             219 		se_mtar		r23,r30
  0000007c 03  28               220 	        .d2line         18
  00000050 00  50d7 0000        221 		e_lwz		r6,0(r23)
                                222 	#$$vo
  00000054 00  6426             223 		se_bseti		r6,2
  00000056 00  54d7 0000        224 		e_stw		r6,0(r23)
                                225 	#$$vo
  0000005a 00  73bf e7e0        226 		e_lis		r29,65504
  0000005e 00  02de             227 		se_mtar		r22,r29
  0000007d 03  30               228 	        .d2line         20
  00000060 00  50d6 0000        229 		e_lwz		r6,0(r22)
                                230 	#$$vo
  00000064 00  6406             231 		se_bseti		r6,0
  00000066 00  54d6 0000        232 		e_stw		r6,0(r22)
                                233 	#$$vo
  0000006a 00  739f e7e0        234 		e_lis		r28,65504
  0000007e 03  2c               235 	        .d2line         22
  0000006e 00  1abc 80a4        236 		e_addi		r21,r28,164
  00000072 00  50f5 0000        237 		e_lwz		r7,0(r21)
                                238 	#$$vo
  00000076 00  65b7             239 		se_bseti		r7,27
  00000078 00  54f5 0000        240 		e_stw		r7,0(r21)
                                241 	#$$vo
  0000007c 00  737f e7e0        242 		e_lis		r27,65504
  0000007f 03  34               243 	        .d2line         24
  00000080 00  1a9b 80a4        244 		e_addi		r20,r27,164
  00000084 00  50d4 0000        245 		e_lwz		r6,0(r20)
                                246 	#$$vo
  00000088 00  65d6             247 		se_bseti		r6,29
  0000008a 00  54d4 0000        248 		e_stw		r6,0(r20)
                                249 	#$$vo
  0000008e 00  735f e7e0        250 		e_lis		r26,65504
  00000080 03  34               251 	        .d2line         26
  00000092 00  1a7a 80a4        252 		e_addi		r19,r26,164
  00000096 00  50f3 0000        253 		e_lwz		r7,0(r19)
                                254 	#$$vo
  0000009a 00  65a7             255 		se_bseti		r7,26
  0000009c 00  54f3 0000        256 		e_stw		r7,0(r19)
                                257 	#$$vo
  000000a0 00  733f e7e0        258 		e_lis		r25,65504
  000000a4 00  029a             259 		se_mtar		r18,r25
  00000081 03  38               260 	        .d2line         28
  000000a6 00  50f2 0000        261 		e_lwz		r7,0(r18)
                                262 	#$$vo
  000000aa 00  6477             263 		se_bseti		r7,7
  000000ac 00  54f2 0000        264 		e_stw		r7,0(r18)
                                265 	#$$vo
  00000082 03  23               266 	        .d2line         29
                                267 	#$$be
  00000083 03  0200 0b01        268 		.d2epilogue_begin
                                269 	#$$br
  000000b0 00  1a41 0808        270 		e_lmw		r18,8(r1)
                                271 	#$$er
  000000b4 00  5001 0044        272 		e_lwz		r0,68(r1)
  000000b8 00  0090             273 		se_mtlr		r0
  000000ba 00  1821 8040        274 		e_addi		r1,r1,64
                                275 	#$$tl 0x0 0x0 0x0
  000000be 00  0004             276 		se_blr
                                277 	#$$ef
                                278 		.d2_cfa_end 2
                                279 		.section	.debug_info,,n
  000000e7 05  00               280 		.sleb128	0
                                281 	.L5789:
                                282 		.section	.text_vle,,c
                                283 	.L5791:
                                284 		.type		ADCInit,@function
                                285 		.size		ADCInit,.-ADCInit
                                286 	# Number of nodes = 35
                                287 	
                                288 	# Allocations for ADCInit
                                289 	#	r31		$$4
                                290 	#	r30		$$5
                                291 	#	r29		$$6
                                292 	#	r28		$$7
                                293 	#	r27		$$8
                                294 	#	r26		$$9
                                295 	#	r25		$$10
                                296 	#	r24		$$11
                                297 	#	r23		$$12
                                298 	#	r22		$$13
                                299 	#	r21		$$14
                                300 	#	r20		$$15
                                301 	#	r19		$$16
                                302 	#	r18		$$17
                                303 	
                                304 	# Allocations for module
                                305 		.section	.debug_info,,n
                                306 	.L7:
  000000e8 05  00               307 		.sleb128	0
                                308 	.L3:
                                309 		.section	.text_vle,,c
                                310 	.L5:
                                311 	.L5786:	.d2filenum "C:\\Users\\ASE-Lab\\Desktop\\ASEUnit2\\Template\\src\\adc.c"
  00000087 03  0005 0200 0000   312 		.d2_line_end
  0000008d 03  0000 0101            	
                                313 		.section	.debug_abbrev,,n
  00000028 04  00               314 		.sleb128	0
