                                  1 	#$$m2		- PowerPC mnemonics
                                  2 	#$$pVLE		- PowerPC VLE encoding
                                  3 	#$$oPPC5534  - Optimized for PPC5534
                                  4 	#$$ko 9		- Reorder info
                                  5 		.file		"can.c"
                                  6 	#$$eb
                                  7 	#$$sz 0
                                  8 	#$$fp 0
                                  9 		.section	.PPC.EMB.apuinfo,,@note
  00000000 01  0000 0008         10 		.4byte		8
  00000004 01  0000 0004         11 		.4byte		4
  00000008 01  0000 0002         12 		.4byte		2
  0000000c 01  4150 5569 6e66    13 		.byte		"APUinfo"
  00000012 01  6f                   	
  00000013 01  00                14 		.byte		0
                                 15 		.align		2
  00000014 01  0104 0001         16 		.4byte		0x01040001
                                 17 		.section	.text_vle,,c
                                 18 		.section	.debug_frame,,n
                                 19 	__local_cie: 
  00000000 02  0000 0010         20 		.word	.LE-.LS
                                 21 	.LS:
  00000004 02  ffff ffff         22 		.word	-1
  00000008 02  01                23 		.byte	1
  00000009 02  00                24 		.byte	0
  0000000a 02  04                25 		.uleb128	4
  0000000b 02  7c                26 		.sleb128	-4
  0000000c 02  6c                27 		.byte	108
  0000000d 02  0c                28 		.byte	0x0c
  0000000e 02  01                29 		.byte	1
  0000000f 02  00                30 		.byte	0
  00000010 02  08                31 		.byte	8
  00000011 02  6c                32 		.byte	108
                                 33 		.fill           (.LS-.)&3
                                 34 	.LE:
                                 35 		.section	.debug_line,,n
                                 36 	.L8:
                                 37 		.section	.text_vle,,c
                                 38 	.L4:
  00000000 00                    39 		.0byte		.L2
  00000000 03  0000 00e5 0002    40 		.d2_line_start	.debug_line
  00000006 03  0000 0013 0201       	
  0000000c 03  ff04 0d00 0101       	
  00000012 03  0101 0000 0001       	
  00000018 03  0000 0100 00         	
                                 41 		.section	.debug_abbrev,,n
                                 42 	.L9:
                                 43 		.section	.debug_info,,n
                                 44 	.L2:
  00000000 05  0000 0187         45 		.4byte		.L3-.L1
                                 46 	.L1:
  00000004 05  0002              47 		.2byte		0x2
  00000006 05  0000 0000         48 		.4byte		.L9
  0000000a 05  04                49 		.byte		0x4
                                 50 		.section	.debug_abbrev,,n
  00000000 04  01                51 		.uleb128	1
  00000001 04  11                52 		.uleb128	17
  00000002 04  01                53 		.byte		0x1
  00000003 04  01                54 		.uleb128	1
  00000004 04  13                55 		.uleb128	19
  00000005 04  03                56 		.uleb128	3
  00000006 04  08                57 		.uleb128	8
  00000007 04  25                58 		.uleb128	37
  00000008 04  08                59 		.uleb128	8
  00000009 04  1b                60 		.uleb128	27
  0000000a 04  08                61 		.uleb128	8
  0000000b 04  13                62 		.uleb128	19
  0000000c 04  0f                63 		.uleb128	15
  0000000d 04  11                64 		.uleb128	17
  0000000e 04  01                65 		.uleb128	1
  0000000f 04  12                66 		.uleb128	18
  00000010 04  01                67 		.uleb128	1
  00000011 04  10                68 		.uleb128	16
  00000012 04  06                69 		.uleb128	6
  00000013 04  00                70 		.uleb128	0
  00000014 04  00                71 		.uleb128	0
                                 72 		.section	.debug_info,,n
  0000000b 05  01                73 		.sleb128	1
  0000000c 05  0000 018a         74 		.4byte		.L7-.L2
  00000010 05  433a 5c55 7365    75 		.byte		"C:\\Users\\ASE-Lab\\Desktop\\ASEUnit2\\Template\\src\\can.c"
  00000016 05  7273 5c41 5345       	
  0000001c 05  2d4c 6162 5c44       	
  00000022 05  6573 6b74 6f70       	
  00000028 05  5c41 5345 556e       	
  0000002e 05  6974                 	
  00000044 05  00                76 		.byte		0
  00000045 05  4469 6162 2044    77 		.byte		"Diab Data, Inc:dcc Rel 5.7.0.0:PPC5534"
  0000004b 05  6174 612c 2049       	
  00000051 05  6e63 3a64 6363       	
  00000057 05  2052 656c 2035       	
  0000005d 05  2e37 2e30 2e30       	
  00000063 05  3a50                 	
  0000006b 05  00                78 		.byte		0
  0000006c 05  433a 5c55 7365    79 		.byte		"C:\\Users\\ASE-Lab\\Desktop\\ASEUnit2\\Template"
  00000072 05  7273 5c41 5345       	
  00000078 05  2d4c 6162 5c44       	
  0000007e 05  6573 6b74 6f70       	
  00000084 05  5c41 5345 556e       	
  0000008a 05  6974                 	
  00000096 05  00                80 		.byte		0
  00000097 05  01                81 		.uleb128	1
  00000098 05  0000 0000         82 		.4byte		.L4
  0000009c 05  0000 0000         83 		.4byte		.L5
  000000a0 05  0000 0000         84 		.4byte		.L8
                                 85 		.section	.text_vle,,c
                                 86 	
                                 87 	#$$bf
                                 88 		.align		2
                                 89 		.globl		CANMsgBufInit
  00000014 02  0000 0028 0000    90 		.d2_cfa_start __local_cie
  0000001a 02  0000 0000 0000       	
  00000020 02  0000 0078            	
                                 91 	CANMsgBufInit:
                                 92 		.section	.debug_abbrev,,n
  00000015 04  02                93 		.uleb128	2
  00000016 04  2e                94 		.uleb128	46
  00000017 04  01                95 		.byte		0x1
  00000018 04  01                96 		.uleb128	1
  00000019 04  13                97 		.uleb128	19
  0000001a 04  03                98 		.uleb128	3
  0000001b 04  08                99 		.uleb128	8
  0000001c 04  3a               100 		.uleb128	58
  0000001d 04  06               101 		.uleb128	6
  0000001e 04  3b               102 		.uleb128	59
  0000001f 04  0f               103 		.uleb128	15
  00000020 04  3f               104 		.uleb128	63
  00000021 04  0c               105 		.uleb128	12
  00000022 04  27               106 		.uleb128	39
  00000023 04  0c               107 		.uleb128	12
  00000024 04  11               108 		.uleb128	17
  00000025 04  01               109 		.uleb128	1
  00000026 04  12               110 		.uleb128	18
  00000027 04  01               111 		.uleb128	1
  00000028 04  00               112 		.uleb128	0
  00000029 04  00               113 		.uleb128	0
                                114 		.section	.debug_info,,n
                                115 	.L5794:
  000000a4 05  02               116 		.sleb128	2
  000000a5 05  0000 00c7        117 		.4byte		.L5790-.L2
  000000a9 05  4341 4e4d 7367   118 		.byte		"CANMsgBufInit"
  000000af 05  4275 6649 6e69       	
  000000b5 05  74                   	
  000000b6 05  00               119 		.byte		0
  000000b7 05  0000 0001        120 		.4byte		.L5793
  000000bb 05  0c               121 		.uleb128	12
  000000bc 05  01               122 		.byte		0x1
  000000bd 05  01               123 		.byte		0x1
  000000be 05  0000 0000        124 		.4byte		.L5791
  000000c2 05  0000 0000        125 		.4byte		.L5792
                                126 		.section	.text_vle,,c
  0000001d 03  0040 0343 3a5c   127 		.d2file		"C:\\Users\\ASE-Lab\\Desktop\\ASEUnit2\\Template\\src\\can.c"
  00000023 03  5c55 7365 7273       	
  00000029 03  5c5c 4153 452d       	
  0000002f 03  4c61 625c 5c44       	
  00000035 03  6573 6b74 6f70       	
  0000003b 03  5c5c                 	
  00000061 03  0005 0200 0000   128 	        .d2line         13
  00000067 03  0003 0c0e            	
                                129 	.L5791:
  00000000 00  1821 06d0        130 		e_stwu		r1,-48(r1)
  00000024 02  410e 30          131 		.d2_cfa_def_cfa_offset	48
  00000004 00  0080             132 		se_mflr		r0,lr
                                133 	#$$br
  00000006 00  1ac1 0908        134 		e_stmw		r22,8(r1)
  00000027 02  4196 0a97 0998   135 		.d2_cfa_offset_list	22,31,10,-1
  0000002d 02  0899 079a 069b       	
  00000033 02  059c 049d 039e       	
  00000039 02  029f 01              	
                                136 	#$$er
  0000000a 00  dd01             137 		se_stw		r0,52(r1)
  0000003c 02  116c 7f          138 		.d2_cfa_offset    108,-1
                                139 	#$$ee
  0000006b 03  0206 0a          140 		.d2prologue_end
  0000000c 00  73e0 6000        141 		e_li		r31,-262144
  0000006e 03  030a 16          142 	        .d2line         23
  00000010 00  1b3f 8101        143 		e_addi		r25,r31,256
  00000014 00  c079             144 		se_lwz		r7,0(r25)
                                145 	#$$vo
  00000016 00  74e7 0207        146 		e_rlwinm		r7,r7,0,8,3
  0000001a 00  18e7 d30c        147 		e_ori		r7,r7,201326592
  0000001e 00  d079             148 		se_stw		r7,0(r25)
                                149 	#$$vo
  00000020 00  73c0 6000        150 		e_li		r30,-262144
  00000071 03  38               151 	        .d2line         25
  00000024 00  1b1e 8101        152 		e_addi		r24,r30,256
  00000028 00  c068             153 		se_lwz		r6,0(r24)
                                154 	#$$vo
  0000002a 00  60a6             155 		se_bclri		r6,10
  0000002c 00  d068             156 		se_stw		r6,0(r24)
                                157 	#$$vo
  0000002e 00  73a0 6000        158 		e_li		r29,-262144
  00000072 03  0304 2a          159 	        .d2line         29
  00000032 00  1afd 8101        160 		e_addi		r23,r29,256
  00000036 00  50f7 0000        161 		e_lwz		r7,0(r23)
                                162 	#$$vo
  0000003a 00  60b7             163 		se_bclri		r7,11
  0000003c 00  54f7 0000        164 		e_stw		r7,0(r23)
                                165 	#$$vo
  00000040 00  7380 6000        166 		e_li		r28,-262144
  00000075 03  34               167 	        .d2line         31
  00000044 00  1adc 8101        168 		e_addi		r22,r28,256
  00000048 00  50d6 0000        169 		e_lwz		r6,0(r22)
                                170 	#$$vo
  0000004c 00  74c6 0417        171 		e_rlwinm		r6,r6,0,16,11
  00000050 00  64d6             172 		se_bseti		r6,13
  00000052 00  54d6 0000        173 		e_stw		r6,0(r22)
                                174 	#$$vo
  00000056 00  7360 6000        175 		e_li		r27,-262144
  00000076 03  0312 3a          176 	        .d2line         49
  0000005a 00  4c76             177 		se_li		r6,71
  0000005c 00  54db 00e0        178 		e_stw		r6,224(r27)
                                179 	#$$vo
  00000060 00  7340 6000        180 		e_li		r26,-262144
  00000079 03  23               181 	        .d2line         50
  00000064 00  4806             182 		se_li		r6,0
  00000066 00  54da 0880        183 		e_stw		r6,2176(r26)
                                184 	#$$vo
  0000007a 03  0305 1a          185 	        .d2line         55
                                186 	#$$be
  0000007d 03  0200 0b01        187 		.d2epilogue_begin
                                188 	#$$br
  0000006a 00  1ac1 0808        189 		e_lmw		r22,8(r1)
                                190 	#$$er
  0000006e 00  cd01             191 		se_lwz		r0,52(r1)
  00000070 00  0090             192 		se_mtlr		r0
  00000072 00  1821 8030        193 		e_addi		r1,r1,48
                                194 	#$$tl 0x0 0x0 0x0
  00000076 00  0004             195 		se_blr
                                196 	#$$ef
                                197 		.d2_cfa_end 2
                                198 		.section	.debug_info,,n
  000000c6 05  00               199 		.sleb128	0
                                200 	.L5790:
                                201 		.section	.text_vle,,c
                                202 	.L5792:
                                203 		.type		CANMsgBufInit,@function
                                204 		.size		CANMsgBufInit,.-CANMsgBufInit
                                205 	# Number of nodes = 28
                                206 	
                                207 	# Allocations for CANMsgBufInit
                                208 	#	r31		$$1
                                209 	#	r30		$$2
                                210 	#	r29		$$3
                                211 	#	r28		$$4
                                212 	#	r27		$$5
                                213 	#	r26		$$6
                                214 	#	r25		$$7
                                215 	#	r24		$$8
                                216 	#	r23		$$9
                                217 	#	r22		$$10
                                218 	
                                219 	#$$bf
                                220 		.align		2
                                221 		.globl		CAN_Write
  00000040 02  0000 0024 0000   222 		.d2_cfa_start __local_cie
  00000046 02  0000 0000 0000       	
  0000004c 02  0000 009e            	
                                223 	CAN_Write:
                                224 		.section	.debug_info,,n
                                225 	.L5799:
  000000c7 05  02               226 		.sleb128	2
  000000c8 05  0000 0120        227 		.4byte		.L5796-.L2
  000000cc 05  4341 4e5f 5772   228 		.byte		"CAN_Write"
  000000d2 05  6974 65              	
  000000d5 05  00               229 		.byte		0
  000000d6 05  0000 0001        230 		.4byte		.L5793
  000000da 05  39               231 		.uleb128	57
  000000db 05  01               232 		.byte		0x1
  000000dc 05  01               233 		.byte		0x1
  000000dd 05  0000 0000        234 		.4byte		.L5797
  000000e1 05  0000 0000        235 		.4byte		.L5798
                                236 		.section	.debug_abbrev,,n
  0000002a 04  03               237 		.uleb128	3
  0000002b 04  05               238 		.uleb128	5
  0000002c 04  00               239 		.byte		0x0
  0000002d 04  3a               240 		.uleb128	58
  0000002e 04  06               241 		.uleb128	6
  0000002f 04  3b               242 		.uleb128	59
  00000030 04  0f               243 		.uleb128	15
  00000031 04  03               244 		.uleb128	3
  00000032 04  08               245 		.uleb128	8
  00000033 04  49               246 		.uleb128	73
  00000034 04  10               247 		.uleb128	16
  00000035 04  02               248 		.uleb128	2
  00000036 04  09               249 		.uleb128	9
  00000037 04  00               250 		.uleb128	0
  00000038 04  00               251 		.uleb128	0
                                252 		.section	.debug_info,,n
                                253 	.L5800:
  000000e5 05  03               254 		.sleb128	3
  000000e6 05  0000 0001        255 		.4byte		.L5793
  000000ea 05  39               256 		.uleb128	57
  000000eb 05  6d65 7373 6167   257 		.byte		"messageBufferNo"
  000000f1 05  6542 7566 6665       	
  000000f7 05  724e 6f              	
  000000fa 05  00               258 		.byte		0
  000000fb 05  0000 0000        259 		.4byte		.L5801
  000000ff 05  02               260 		.sleb128	2
  00000100 05  90               261 		.byte		0x90
  00000101 05  1f               262 		.uleb128	31
                                263 	.L5802:
  00000102 05  03               264 		.sleb128	3
  00000103 05  0000 0001        265 		.4byte		.L5793
  00000107 05  39               266 		.uleb128	57
  00000108 05  696e 7075 744d   267 		.byte		"inputMsgPacket"
  0000010e 05  7367 5061 636b       	
  00000114 05  6574                 	
  00000116 05  00               268 		.byte		0
  00000117 05  0000 0000        269 		.4byte		.L5803
  0000011b 05  03               270 		.sleb128	3
  0000011c 05  92               271 		.byte		0x92
  0000011d 05  1e               272 		.uleb128	30
  0000011e 05  00               273 		.sleb128	0
                                274 		.section	.text_vle,,c
  00000081 03  2c               275 	        .d2line         57
                                276 	.L5797:
  00000078 00  1821 06d0        277 		e_stwu		r1,-48(r1)
  00000050 02  410e 30          278 		.d2_cfa_def_cfa_offset	48
  0000007c 00  0080             279 		se_mflr		r0,lr
                                280 	#$$br
  0000007e 00  1b01 0910        281 		e_stmw		r24,16(r1)
  00000053 02  4198 0899 079a   282 		.d2_cfa_offset_list	24,31,8,-1
  00000059 02  069b 059c 049d       	
  0000005f 02  039e 029f 01         	
                                283 	#$$er
  00000082 00  dd01             284 		se_stw		r0,52(r1)
  00000064 02  116c 7f          285 		.d2_cfa_offset    108,-1
                                286 	#$$ee
  00000082 03  0206 0a          287 		.d2prologue_end
  00000084 00  013f             288 		se_mr		r31,r3
  00000086 00  014e             289 		se_mr		r30,r4
  00000085 03  0305 16          290 	        .d2line         62
  00000088 00  77fd 2037        291 		e_rlwinm		r29,r31,4,0,27
  0000008c 00  70c0 6100        292 		e_li		r6,-261888
  00000090 00  046d             293 		se_add		r29,r6
  00000092 00  c07d             294 		se_lwz		r7,0(r29)
                                295 	#$$vo
  00000094 00  60a7             296 		se_bclri		r7,10
  00000096 00  d07d             297 		se_stw		r7,0(r29)
                                298 	#$$vo
  00000088 03  0304 2e          299 	        .d2line         66
  00000098 00  77fc 2037        300 		e_rlwinm		r28,r31,4,0,27
  0000009c 00  70e0 6100        301 		e_li		r7,-261888
  000000a0 00  047c             302 		se_add		r28,r7
  000000a2 00  c06c             303 		se_lwz		r6,0(r28)
                                304 	#$$vo
  000000a4 00  60b6             305 		se_bclri		r6,11
  000000a6 00  d06c             306 		se_stw		r6,0(r28)
                                307 	#$$vo
  0000008b 03  30               308 	        .d2line         68
  000000a8 00  77fb 2037        309 		e_rlwinm		r27,r31,4,0,27
  000000ac 00  70c0 6100        310 		e_li		r6,-261888
  000000b0 00  046b             311 		se_add		r27,r6
  000000b2 00  c07b             312 		se_lwz		r7,0(r27)
                                313 	#$$vo
  000000b4 00  74e7 0417        314 		e_rlwinm		r7,r7,0,16,11
  000000b8 00  64e7             315 		se_bseti		r7,14
  000000ba 00  d07b             316 		se_stw		r7,0(r27)
                                317 	#$$vo
  0000008c 03  38               318 	        .d2line         70
  000000bc 00  77fa 2037        319 		e_rlwinm		r26,r31,4,0,27
  000000c0 00  70e0 6104        320 		e_li		r7,-261884
  000000c4 00  047a             321 		se_add		r26,r7
  000000c6 00  c09e             322 		se_lwz		r25,0(r30)
                                323 	#$$vo
  000000c8 00  c07a             324 		se_lwz		r7,0(r26)
                                325 	#$$vo
  000000ca 00  7727 90da        326 		e_rlwimi		r7,r25,18,3,13
  000000ce 00  d07a             327 		se_stw		r7,0(r26)
                                328 	#$$vo
  0000008d 03  37               329 	        .d2line         71
  000000d0 00  77e6 2037        330 		e_rlwinm		r6,r31,4,0,27
  000000d4 00  70e0 6108        331 		e_li		r7,-261880
  000000d8 00  0476             332 		se_add		r6,r7
  000000da 00  c15e             333 		se_lwz		r5,4(r30)
  000000dc 00  00c5             334 		se_extzb		r5,r5
  000000de 00  9056             335 		se_stb		r5,0(r6)
                                336 	#$$vo
  0000008e 03  2f               337 	        .d2line         72
  000000e0 00  77e7 2037        338 		e_rlwinm		r7,r31,4,0,27
  000000e4 00  70c0 6109        339 		e_li		r6,-261879
  000000e8 00  0467             340 		se_add		r7,r6
  000000ea 00  c15e             341 		se_lwz		r5,4(r30)
  000000ec 00  74a5 c7ff        342 		e_rlwinm		r5,r5,24,31,31
  000000f0 00  9057             343 		se_stb		r5,0(r7)
                                344 	#$$vo
  0000008f 03  33               345 	        .d2line         73
  000000f2 00  77f8 2037        346 		e_rlwinm		r24,r31,4,0,27
  000000f6 00  70c0 6100        347 		e_li		r6,-261888
  000000fa 00  0468             348 		se_add		r24,r6
  000000fc 00  c078             349 		se_lwz		r7,0(r24)
                                350 	#$$vo
  000000fe 00  74e7 0207        351 		e_rlwinm		r7,r7,0,8,3
  00000102 00  18e7 d30c        352 		e_ori		r7,r7,201326592
  00000106 00  d078             353 		se_stw		r7,0(r24)
                                354 	#$$vo
  00000090 03  3c               355 	        .d2line         75
                                356 	#$$be
  00000091 03  0200 0b01        357 		.d2epilogue_begin
                                358 	#$$br
  00000108 00  1b01 0810        359 		e_lmw		r24,16(r1)
                                360 	#$$er
  0000010c 00  cd01             361 		se_lwz		r0,52(r1)
  0000010e 00  0090             362 		se_mtlr		r0
  00000110 00  1821 8030        363 		e_addi		r1,r1,48
                                364 	#$$tl 0x0 0x0 0x0
  00000114 00  0004             365 		se_blr
                                366 	#$$ef
                                367 		.d2_cfa_end 2
                                368 		.section	.debug_info,,n
  0000011f 05  00               369 		.sleb128	0
                                370 	.L5796:
                                371 		.section	.text_vle,,c
                                372 	.L5798:
                                373 		.type		CAN_Write,@function
                                374 		.size		CAN_Write,.-CAN_Write
                                375 	# Number of nodes = 95
                                376 	
                                377 	# Allocations for CAN_Write
                                378 	#	r31		messageBufferNo
                                379 	#	r30		inputMsgPacket
                                380 	#	r29		$$11
                                381 	#	r28		$$12
                                382 	#	r27		$$13
                                383 	#	r26		$$14
                                384 	#	r25		$$15
                                385 	#	r24		$$16
                                386 	
                                387 	#$$bf
                                388 		.align		2
                                389 		.globl		CANInit
  00000068 02  0000 003c 0000   390 		.d2_cfa_start __local_cie
  0000006e 02  0000 0000 0000       	
  00000074 02  0000 02be            	
                                391 	CANInit:
                                392 		.section	.debug_info,,n
                                393 	.L5808:
  00000120 05  02               394 		.sleb128	2
  00000121 05  0000 014c        395 		.4byte		.L5805-.L2
  00000125 05  4341 4e49 6e69   396 		.byte		"CANInit"
  0000012b 05  74                   	
  0000012c 05  00               397 		.byte		0
  0000012d 05  0000 0001        398 		.4byte		.L5793
  00000131 05  53               399 		.uleb128	83
  00000132 05  01               400 		.byte		0x1
  00000133 05  01               401 		.byte		0x1
  00000134 05  0000 0000        402 		.4byte		.L5806
  00000138 05  0000 0000        403 		.4byte		.L5807
                                404 		.section	.debug_abbrev,,n
  00000039 04  04               405 		.uleb128	4
  0000003a 04  34               406 		.uleb128	52
  0000003b 04  00               407 		.byte		0x0
  0000003c 04  3a               408 		.uleb128	58
  0000003d 04  06               409 		.uleb128	6
  0000003e 04  3b               410 		.uleb128	59
  0000003f 04  0f               411 		.uleb128	15
  00000040 04  03               412 		.uleb128	3
  00000041 04  08               413 		.uleb128	8
  00000042 04  49               414 		.uleb128	73
  00000043 04  10               415 		.uleb128	16
  00000044 04  02               416 		.uleb128	2
  00000045 04  09               417 		.uleb128	9
  00000046 04  00               418 		.uleb128	0
  00000047 04  00               419 		.uleb128	0
                                420 		.section	.debug_info,,n
                                421 	.L5809:
  0000013c 05  04               422 		.sleb128	4
  0000013d 05  0000 0001        423 		.4byte		.L5793
  00000141 05  55               424 		.uleb128	85
  00000142 05  69               425 		.byte		"i"
  00000143 05  00               426 		.byte		0
  00000144 05  0000 0000        427 		.4byte		.L5810
  00000148 05  02               428 		.sleb128	2
  00000149 05  90               429 		.byte		0x90
  0000014a 05  1f               430 		.uleb128	31
                                431 		.section	.text_vle,,c
  00000095 03  0309 2e          432 	        .d2line         84
                                433 	.L5806:
  00000118 00  701f 7f20        434 		e_li		r0,-224
  0000011c 00  7c21 016e        435 		stwux		r1,r1,r0
  00000078 02  420e e001        436 		.d2_cfa_def_cfa_offset	224
  00000120 00  0080             437 		se_mflr		r0,lr
                                438 	#$$br
  00000122 00  1961 8098        439 		e_addi		r11,r1,152
  00000126 00  19cb 0900        440 		e_stmw		r14,0(r11)
  0000007c 02  428e 128f 1190   441 		.d2_cfa_offset_list	14,31,18,-1
  00000082 02  1091 0f92 0e93       	
  00000088 02  0d94 0c95 0b96       	
  0000008e 02  0a97 0998 0899       	
  00000094 02  079a 069b 059c       	
  0000009a 02  049d                 	
                                442 	#$$er
  0000012a 00  5401 00e4        443 		e_stw		r0,228(r1)
  000000a1 02  4111 6c7f        444 		.d2_cfa_offset    108,-1
                                445 	#$$ee
  00000098 03  020b 0a          446 		.d2prologue_end
  0000012e 00  70e0 6000        447 		e_li		r7,-262144
  00000132 00  d871             448 		se_stw		r7,32(r1)
  0000009b 03  0304 1a          449 	        .d2line         88
  00000134 00  c8e1             450 		se_lwz		r30,32(r1)
  00000136 00  203e             451 		se_addi		r30,4
  00000138 00  c07e             452 		se_lwz		r7,0(r30)
                                453 	#$$vo
  0000013a 00  6527             454 		se_bseti		r7,18
  0000013c 00  d07e             455 		se_stw		r7,0(r30)
                                456 	#$$vo
  0000013e 00  70c0 6000        457 		e_li		r6,-262144
  00000142 00  d961             458 		se_stw		r6,36(r1)
  00000144 00  c9d1             459 		se_lwz		r29,36(r1)
  0000009e 03  0304 32          460 	        .d2line         92
  00000146 00  c06d             461 		se_lwz		r6,0(r29)
                                462 	#$$vo
  00000148 00  6006             463 		se_bclri		r6,32
  0000014a 00  d06d             464 		se_stw		r6,0(r29)
                                465 	#$$vo
  0000014c 00  70e0 6000        466 		e_li		r7,-262144
  00000150 00  da71             467 		se_stw		r7,40(r1)
  00000152 00  cac1             468 		se_lwz		r28,40(r1)
  000000a1 03  2c               469 	        .d2line         94
  00000154 00  c07c             470 		se_lwz		r7,0(r28)
                                471 	#$$vo
  00000156 00  64f7             472 		se_bseti		r7,15
  00000158 00  d07c             473 		se_stw		r7,0(r28)
                                474 	#$$vo
  0000015a 00  70c0 6000        475 		e_li		r6,-262144
  0000015e 00  db61             476 		se_stw		r6,44(r1)
  00000160 00  cbb1             477 		se_lwz		r27,44(r1)
  000000a2 03  2c               478 	        .d2line         96
  00000162 00  c06b             479 		se_lwz		r6,0(r27)
                                480 	#$$vo
  00000164 00  64a6             481 		se_bseti		r6,10
  00000166 00  d06b             482 		se_stw		r6,0(r27)
                                483 	#$$vo
  00000168 00  70e0 6000        484 		e_li		r7,-262144
  0000016c 00  dc71             485 		se_stw		r7,48(r1)
  0000016e 00  cca1             486 		se_lwz		r26,48(r1)
  000000a3 03  2c               487 	        .d2line         98
  00000170 00  c07a             488 		se_lwz		r7,0(r26)
                                489 	#$$vo
  00000172 00  64e7             490 		se_bseti		r7,14
  00000174 00  d07a             491 		se_stw		r7,0(r26)
                                492 	#$$vo
  00000176 00  70c0 6000        493 		e_li		r6,-262144
  0000017a 00  dd61             494 		se_stw		r6,52(r1)
  0000017c 00  cd91             495 		se_lwz		r25,52(r1)
  000000a4 03  2c               496 	        .d2line         100
  0000017e 00  c069             497 		se_lwz		r6,0(r25)
                                498 	#$$vo
  00000180 00  6426             499 		se_bseti		r6,2
  00000182 00  d069             500 		se_stw		r6,0(r25)
                                501 	#$$vo
  00000184 00  70e0 6000        502 		e_li		r7,-262144
  00000188 00  de71             503 		se_stw		r7,56(r1)
  0000018a 00  ce81             504 		se_lwz		r24,56(r1)
  000000a5 03  2c               505 	        .d2line         102
  0000018c 00  c078             506 		se_lwz		r7,0(r24)
                                507 	#$$vo
  0000018e 00  74e7 062b        508 		e_rlwinm		r7,r7,0,24,21
  00000192 00  d078             509 		se_stw		r7,0(r24)
                                510 	#$$vo
  00000194 00  70c0 6000        511 		e_li		r6,-262144
  00000198 00  df61             512 		se_stw		r6,60(r1)
  0000019a 00  52e1 003c        513 		e_lwz		r23,60(r1)
  000000a6 03  34               514 	        .d2line         104
  0000019e 00  50d7 0000        515 		e_lwz		r6,0(r23)
                                516 	#$$vo
  000001a2 00  6536             517 		se_bseti		r6,19
  000001a4 00  54d7 0000        518 		e_stw		r6,0(r23)
                                519 	#$$vo
  000001a8 00  70e0 6000        520 		e_li		r7,-262144
  000001ac 00  54e1 0040        521 		e_stw		r7,64(r1)
  000001b0 00  52c1 0040        522 		e_lwz		r22,64(r1)
  000000a7 03  3c               523 	        .d2line         106
  000001b4 00  50f6 0000        524 		e_lwz		r7,0(r22)
                                525 	#$$vo
  000001b8 00  6127             526 		se_bclri		r7,18
  000001ba 00  54f6 0000        527 		e_stw		r7,0(r22)
                                528 	#$$vo
  000001be 00  70c0 6000        529 		e_li		r6,-262144
  000001c2 00  54c1 0044        530 		e_stw		r6,68(r1)
  000001c6 00  52a1 0044        531 		e_lwz		r21,68(r1)
  000000a8 03  3c               532 	        .d2line         108
  000001ca 00  50d5 0000        533 		e_lwz		r6,0(r21)
                                534 	#$$vo
  000001ce 00  74c6 0033        535 		e_rlwinm		r6,r6,0,0,25
  000001d2 00  18c6 d011        536 		e_ori		r6,r6,17
  000001d6 00  54d5 0000        537 		e_stw		r6,0(r21)
                                538 	#$$vo
  000001da 00  70e0 6000        539 		e_li		r7,-262144
  000001de 00  54e1 0048        540 		e_stw		r7,72(r1)
  000000a9 03  0304 3e          541 	        .d2line         112
  000001e2 00  5281 0048        542 		e_lwz		r20,72(r1)
  000001e6 00  1a94 8004        543 		e_addi		r20,r20,4
  000001ea 00  50f4 0000        544 		e_lwz		r7,0(r20)
                                545 	#$$vo
  000001ee 00  74e7 0039        546 		e_rlwinm		r7,r7,0,0,28
  000001f2 00  65e7             547 		se_bseti		r7,30
  000001f4 00  54f4 0000        548 		e_stw		r7,0(r20)
                                549 	#$$vo
  000001f8 00  70c0 6000        550 		e_li		r6,-262144
  000001fc 00  54c1 004c        551 		e_stw		r6,76(r1)
  000000ac 03  4c               552 	        .d2line         114
  00000200 00  5261 004c        553 		e_lwz		r19,76(r1)
  00000204 00  1a73 8004        554 		e_addi		r19,r19,4
  00000208 00  50d3 0000        555 		e_lwz		r6,0(r19)
                                556 	#$$vo
  0000020c 00  74c6 0353        557 		e_rlwinm		r6,r6,0,13,9
  00000210 00  64c6             558 		se_bseti		r6,12
  00000212 00  54d3 0000        559 		e_stw		r6,0(r19)
                                560 	#$$vo
  00000216 00  70e0 6000        561 		e_li		r7,-262144
  0000021a 00  54e1 0050        562 		e_stw		r7,80(r1)
  000000ad 03  4c               563 	        .d2line         116
  0000021e 00  5241 0050        564 		e_lwz		r18,80(r1)
  00000222 00  1a52 8004        565 		e_addi		r18,r18,4
  00000226 00  50f2 0000        566 		e_lwz		r7,0(r18)
                                567 	#$$vo
  0000022a 00  74e7 0419        568 		e_rlwinm		r7,r7,0,16,12
  0000022e 00  64f7             569 		se_bseti		r7,15
  00000230 00  54f2 0000        570 		e_stw		r7,0(r18)
                                571 	#$$vo
  00000234 00  70c0 6000        572 		e_li		r6,-262144
  00000238 00  54c1 0054        573 		e_stw		r6,84(r1)
  000000ae 03  4c               574 	        .d2line         118
  0000023c 00  5221 0054        575 		e_lwz		r17,84(r1)
  00000240 00  1a31 8004        576 		e_addi		r17,r17,4
  00000244 00  50d1 0000        577 		e_lwz		r6,0(r17)
                                578 	#$$vo
  00000248 00  74c6 028f        579 		e_rlwinm		r6,r6,0,10,7
  0000024c 00  54d1 0000        580 		e_stw		r6,0(r17)
                                581 	#$$vo
  00000250 00  70e0 6000        582 		e_li		r7,-262144
  00000254 00  54e1 0058        583 		e_stw		r7,88(r1)
  000000af 03  48               584 	        .d2line         120
  00000258 00  5201 0058        585 		e_lwz		r16,88(r1)
  0000025c 00  1a10 8004        586 		e_addi		r16,r16,4
  00000260 00  50f0 0000        587 		e_lwz		r7,0(r16)
                                588 	#$$vo
  00000264 00  74e7 023f        589 		e_rlwinm		r7,r7,0,8,31
  00000268 00  18e7 d303        590 		e_ori		r7,r7,50331648
  0000026c 00  54f0 0000        591 		e_stw		r7,0(r16)
                                592 	#$$vo
  00000270 00  70c0 6000        593 		e_li		r6,-262144
  00000274 00  54c1 005c        594 		e_stw		r6,92(r1)
  000000b0 03  50               595 	        .d2line         122
  00000278 00  51e1 005c        596 		e_lwz		r15,92(r1)
  0000027c 00  19ef 8004        597 		e_addi		r15,r15,4
  00000280 00  50cf 0000        598 		e_lwz		r6,0(r15)
                                599 	#$$vo
  00000284 00  65b6             600 		se_bseti		r6,27
  00000286 00  54cf 0000        601 		e_stw		r6,0(r15)
                                602 	#$$vo
  0000028a 00  70e0 6000        603 		e_li		r7,-262144
  0000028e 00  54e1 0060        604 		e_stw		r7,96(r1)
  000000b1 03  44               605 	        .d2line         124
  00000292 00  51c1 0060        606 		e_lwz		r14,96(r1)
  00000296 00  19ce 8004        607 		e_addi		r14,r14,4
  0000029a 00  50ee 0000        608 		e_lwz		r7,0(r14)
                                609 	#$$vo
  0000029e 00  6137             610 		se_bclri		r7,19
  000002a0 00  54ee 0000        611 		e_stw		r7,0(r14)
                                612 	#$$vo
  000000b2 03  0303 32          613 	        .d2line         127
  000002a4 00  480f             614 		se_li		r31,0
                                615 	.L5785:
  000002a6 00  227f             616 		se_cmpli		r31,8
  000002a8 00  e00a             617 		bc		0,0,.L5783	# ge
  000000b5 03  1c               618 	        .d2line         129
  000002aa 00  77e7 103b        619 		e_rlwinm		r7,r31,2,0,29
  000002ae 00  70c0 60e0        620 		e_li		r6,-261920
  000002b2 00  0467             621 		se_add		r7,r6
  000002b4 00  4805             622 		se_li		r5,0
  000002b6 00  d057             623 		se_stw		r5,0(r7)
                                624 	#$$vo
  000000b6 03  037e 2a          625 	        .d2line         127
  000002b8 00  200f             626 		se_addi		r31,1
  000000b9 03  0303 12          627 	        .d2line         130
  000002ba 00  e8f6             628 		b		.L5785
                                629 	.L5783:
  000002bc 00  70e0 6000        630 		e_li		r7,-262144
  000002c0 00  54e1 0064        631 		e_stw		r7,100(r1)
  000000bc 03  0305 22          632 	        .d2line         135
  000002c4 00  50c1 0064        633 		e_lwz		r6,100(r1)
  000002c8 00  4807             634 		se_li		r7,0
  000002ca 00  d476             635 		se_stw		r7,16(r6)
                                636 	#$$vo
  000002cc 00  70c0 6000        637 		e_li		r6,-262144
  000002d0 00  54c1 0068        638 		e_stw		r6,104(r1)
  000000bf 03  30               639 	        .d2line         137
  000002d4 00  50e1 0068        640 		e_lwz		r7,104(r1)
  000002d8 00  4806             641 		se_li		r6,0
  000002da 00  d567             642 		se_stw		r6,20(r7)
                                643 	#$$vo
  000002dc 00  70e0 6000        644 		e_li		r7,-262144
  000002e0 00  54e1 006c        645 		e_stw		r7,108(r1)
  000000c0 03  30               646 	        .d2line         139
  000002e4 00  50c1 006c        647 		e_lwz		r6,108(r1)
  000002e8 00  4807             648 		se_li		r7,0
  000002ea 00  d676             649 		se_stw		r7,24(r6)
                                650 	#$$vo
  000002ec 00  70c0 6000        651 		e_li		r6,-262144
  000002f0 00  54c1 0070        652 		e_stw		r6,112(r1)
  000000c1 03  0303 2e          653 	        .d2line         142
  000002f4 00  50e1 0070        654 		e_lwz		r7,112(r1)
  000002f8 00  2037             655 		se_addi		r7,4
  000002fa 00  d271             656 		se_stw		r7,8(r1)
  000002fc 00  c261             657 		se_lwz		r6,8(r1)
  000002fe 00  c271             658 		se_lwz		r7,8(r1)
  00000300 00  c077             659 		se_lwz		r7,0(r7)
                                660 	#$$vo
  00000302 00  6507             661 		se_bseti		r7,16
  00000304 00  d076             662 		se_stw		r7,0(r6)
                                663 	#$$vo
  00000306 00  70c0 6000        664 		e_li		r6,-262144
  0000030a 00  54c1 0074        665 		e_stw		r6,116(r1)
  000000c4 03  44               666 	        .d2line         144
  0000030e 00  50e1 0074        667 		e_lwz		r7,116(r1)
  00000312 00  2037             668 		se_addi		r7,4
  00000314 00  d371             669 		se_stw		r7,12(r1)
  00000316 00  c361             670 		se_lwz		r6,12(r1)
  00000318 00  c371             671 		se_lwz		r7,12(r1)
  0000031a 00  c077             672 		se_lwz		r7,0(r7)
                                673 	#$$vo
  0000031c 00  6517             674 		se_bseti		r7,17
  0000031e 00  d076             675 		se_stw		r7,0(r6)
                                676 	#$$vo
  00000320 00  70c0 6000        677 		e_li		r6,-262144
  00000324 00  54c1 0078        678 		e_stw		r6,120(r1)
  000000c5 03  44               679 	        .d2line         146
  00000328 00  50e1 0078        680 		e_lwz		r7,120(r1)
  0000032c 00  2037             681 		se_addi		r7,4
  0000032e 00  d471             682 		se_stw		r7,16(r1)
  00000330 00  c461             683 		se_lwz		r6,16(r1)
  00000332 00  c471             684 		se_lwz		r7,16(r1)
  00000334 00  c077             685 		se_lwz		r7,0(r7)
                                686 	#$$vo
  00000336 00  6547             687 		se_bseti		r7,20
  00000338 00  d076             688 		se_stw		r7,0(r6)
                                689 	#$$vo
  0000033a 00  70c0 6000        690 		e_li		r6,-262144
  0000033e 00  54c1 007c        691 		e_stw		r6,124(r1)
  000000c6 03  44               692 	        .d2line         148
  00000342 00  50e1 007c        693 		e_lwz		r7,124(r1)
  00000346 00  2037             694 		se_addi		r7,4
  00000348 00  d571             695 		se_stw		r7,20(r1)
  0000034a 00  c561             696 		se_lwz		r6,20(r1)
  0000034c 00  c571             697 		se_lwz		r7,20(r1)
  0000034e 00  c077             698 		se_lwz		r7,0(r7)
                                699 	#$$vo
  00000350 00  6557             700 		se_bseti		r7,21
  00000352 00  d076             701 		se_stw		r7,0(r6)
                                702 	#$$vo
  00000354 00  70c0 6000        703 		e_li		r6,-262144
  00000358 00  54c1 0080        704 		e_stw		r6,128(r1)
  0000035c 00  50e1 0080        705 		e_lwz		r7,128(r1)
  00000360 00  d671             706 		se_stw		r7,24(r1)
  000000c7 03  50               707 	        .d2line         150
  00000362 00  c661             708 		se_lwz		r6,24(r1)
  00000364 00  c671             709 		se_lwz		r7,24(r1)
  00000366 00  c077             710 		se_lwz		r7,0(r7)
                                711 	#$$vo
  00000368 00  6457             712 		se_bseti		r7,5
  0000036a 00  d076             713 		se_stw		r7,0(r6)
                                714 	#$$vo
  0000036c 00  70c0 6000        715 		e_li		r6,-262144
  00000370 00  54c1 0084        716 		e_stw		r6,132(r1)
  000000c8 03  0303 32          717 	        .d2line         153
  00000374 00  50e1 0084        718 		e_lwz		r7,132(r1)
  00000378 00  2c06             719 		se_bmaski		r6,0
  0000037a 00  da67             720 		se_stw		r6,40(r7)
                                721 	#$$vo
  0000037c 00  70e0 6000        722 		e_li		r7,-262144
  00000380 00  54e1 0088        723 		e_stw		r7,136(r1)
  000000cb 03  30               724 	        .d2line         155
  00000384 00  50c1 0088        725 		e_lwz		r6,136(r1)
  00000388 00  2c07             726 		se_bmaski		r7,0
  0000038a 00  dc76             727 		se_stw		r7,48(r6)
                                728 	#$$vo
  000000cc 03  0303 1e          729 	        .d2line         158
  0000038c 00  480f             730 		se_li		r31,0
                                731 	.L5788:
  0000038e 00  189f a840        732 		cmpli		0,0,r31,64
  00000392 00  e00a             733 		bc		0,0,.L5786	# ge
  000000cf 03  20               734 	        .d2line         160
  00000394 00  77e7 103b        735 		e_rlwinm		r7,r31,2,0,29
  00000398 00  70c1 6080        736 		e_li		r6,-259968
  0000039c 00  0467             737 		se_add		r7,r6
  0000039e 00  2c05             738 		se_bmaski		r5,0
  000003a0 00  d057             739 		se_stw		r5,0(r7)
                                740 	#$$vo
  000000d0 03  037e 2a          741 	        .d2line         158
  000003a2 00  200f             742 		se_addi		r31,1
  000000d3 03  0303 12          743 	        .d2line         161
  000003a4 00  e8f5             744 		b		.L5788
                                745 	.L5786:
  000000d6 03  14               746 	        .d2line         163
                                747 	#$$fn 0xc0 0 0 0x0
                                748 	#$$tl 0x0 0x0 0x0
                                749 	#$$rs 0 s
  000003a6 00  79ff fc5b        750 		bl		CANMsgBufInit
  000003aa 00  70e0 6000        751 		e_li		r7,-262144
  000003ae 00  54e1 008c        752 		e_stw		r7,140(r1)
  000003b2 00  50c1 008c        753 		e_lwz		r6,140(r1)
  000003b6 00  d761             754 		se_stw		r6,28(r1)
  000000d7 03  0303 32          755 	        .d2line         166
  000003b8 00  c771             756 		se_lwz		r7,28(r1)
  000003ba 00  c761             757 		se_lwz		r6,28(r1)
  000003bc 00  c066             758 		se_lwz		r6,0(r6)
                                759 	#$$vo
  000003be 00  6036             760 		se_bclri		r6,3
  000003c0 00  d067             761 		se_stw		r6,0(r7)
                                762 	#$$vo
  000000da 03  23               763 	        .d2line         167
                                764 	#$$be
  000000db 03  0200 0b01        765 		.d2epilogue_begin
                                766 	#$$br
  000003c2 00  1961 8098        767 		e_addi		r11,r1,152
  000003c6 00  19cb 0800        768 		e_lmw		r14,0(r11)
                                769 	#$$er
  000003ca 00  5001 00e4        770 		e_lwz		r0,228(r1)
  000003ce 00  0090             771 		se_mtlr		r0
  000003d0 00  1821 80e0        772 		e_addi		r1,r1,224
                                773 	#$$tl 0x0 0x0 0x0
  000003d4 00  0004             774 		se_blr
                                775 	#$$ef
                                776 		.d2_cfa_end 2
                                777 		.section	.debug_info,,n
  0000014b 05  00               778 		.sleb128	0
                                779 	.L5805:
                                780 		.section	.text_vle,,c
                                781 	.L5807:
                                782 		.type		CANInit,@function
                                783 		.size		CANInit,.-CANInit
                                784 	# Number of nodes = 175
                                785 	
                                786 	# Allocations for CANInit
                                787 	#	r31		i
                                788 	#	SP,32		$$17
                                789 	#	SP,36		$$18
                                790 	#	SP,40		$$19
                                791 	#	SP,44		$$20
                                792 	#	SP,48		$$21
                                793 	#	SP,52		$$22
                                794 	#	SP,56		$$23
                                795 	#	SP,60		$$24
                                796 	#	SP,64		$$25
                                797 	#	SP,68		$$26
                                798 	#	SP,72		$$27
                                799 	#	SP,76		$$28
                                800 	#	SP,80		$$29
                                801 	#	SP,84		$$30
                                802 	#	SP,88		$$31
                                803 	#	SP,92		$$32
                                804 	#	SP,96		$$33
                                805 	#	SP,100		$$34
                                806 	#	SP,104		$$35
                                807 	#	SP,108		$$36
                                808 	#	SP,112		$$37
                                809 	#	SP,116		$$38
                                810 	#	SP,120		$$39
                                811 	#	SP,124		$$40
                                812 	#	SP,128		$$41
                                813 	#	SP,132		$$42
                                814 	#	SP,136		$$43
                                815 	#	SP,140		$$44
                                816 	#	r30		$$45
                                817 	#	r29		$$46
                                818 	#	r28		$$47
                                819 	#	r27		$$48
                                820 	#	r26		$$49
                                821 	#	r25		$$50
                                822 	#	r24		$$51
                                823 	#	r23		$$52
                                824 	#	r22		$$53
                                825 	#	r21		$$54
                                826 	#	r20		$$55
                                827 	#	r19		$$56
                                828 	#	r18		$$57
                                829 	#	r17		$$58
                                830 	#	r16		$$59
                                831 	#	r15		$$60
                                832 	#	r14		$$61
                                833 	#	SP,8		$$62
                                834 	#	SP,12		$$63
                                835 	#	SP,16		$$64
                                836 	#	SP,20		$$65
                                837 	#	SP,24		$$66
                                838 	#	SP,28		$$67
                                839 	
                                840 	# Allocations for module
                                841 		.section	.debug_abbrev,,n
  00000048 04  05               842 		.uleb128	5
  00000049 04  13               843 		.uleb128	19
  0000004a 04  01               844 		.byte		0x1
  0000004b 04  01               845 		.uleb128	1
  0000004c 04  13               846 		.uleb128	19
  0000004d 04  0b               847 		.uleb128	11
  0000004e 04  0f               848 		.uleb128	15
  0000004f 04  00               849 		.uleb128	0
  00000050 04  00               850 		.uleb128	0
                                851 		.section	.debug_info,,n
                                852 	.L5803:
  0000014c 05  05               853 		.sleb128	5
  0000014d 05  0000 0173        854 		.4byte		.L5811-.L2
  00000151 05  08               855 		.uleb128	8
                                856 		.section	.debug_abbrev,,n
  00000051 04  06               857 		.uleb128	6
  00000052 04  0d               858 		.uleb128	13
  00000053 04  00               859 		.byte		0x0
  00000054 04  03               860 		.uleb128	3
  00000055 04  08               861 		.uleb128	8
  00000056 04  49               862 		.uleb128	73
  00000057 04  10               863 		.uleb128	16
  00000058 04  38               864 		.uleb128	56
  00000059 04  09               865 		.uleb128	9
  0000005a 04  00               866 		.uleb128	0
  0000005b 04  00               867 		.uleb128	0
                                868 		.section	.debug_info,,n
                                869 	.L5778:
  00000152 05  06               870 		.sleb128	6
  00000153 05  7374 616e 6461   871 		.byte		"standardId"
  00000159 05  7264 4964            	
  0000015d 05  00               872 		.byte		0
  0000015e 05  0000 0000        873 		.4byte		.L5801
  00000162 05  02               874 		.sleb128	2
  00000163 05  23               875 		.byte		0x23
  00000164 05  00               876 		.uleb128	0
                                877 	.L5779:
  00000165 05  06               878 		.sleb128	6
  00000166 05  6461 7461        879 		.byte		"data"
  0000016a 05  00               880 		.byte		0
  0000016b 05  0000 0000        881 		.4byte		.L5801
  0000016f 05  02               882 		.sleb128	2
  00000170 05  23               883 		.byte		0x23
  00000171 05  04               884 		.uleb128	4
  00000172 05  00               885 		.sleb128	0
                                886 	.L5811:
                                887 		.section	.debug_abbrev,,n
  0000005c 04  07               888 		.uleb128	7
  0000005d 04  24               889 		.uleb128	36
  0000005e 04  00               890 		.byte		0x0
  0000005f 04  03               891 		.uleb128	3
  00000060 04  08               892 		.uleb128	8
  00000061 04  3e               893 		.uleb128	62
  00000062 04  0b               894 		.uleb128	11
  00000063 04  0b               895 		.uleb128	11
  00000064 04  0b               896 		.uleb128	11
  00000065 04  00               897 		.uleb128	0
  00000066 04  00               898 		.uleb128	0
                                899 		.section	.debug_info,,n
                                900 	.L5801:
  00000173 05  07               901 		.sleb128	7
  00000174 05  696e 74          902 		.byte		"int"
  00000177 05  00               903 		.byte		0
  00000178 05  05               904 		.byte		0x5
  00000179 05  04               905 		.byte		0x4
                                906 	.L5810:
  0000017a 05  07               907 		.sleb128	7
  0000017b 05  756e 7369 676e   908 		.byte		"unsigned int"
  00000181 05  6564 2069 6e74       	
  00000187 05  00               909 		.byte		0
  00000188 05  07               910 		.byte		0x7
  00000189 05  04               911 		.byte		0x4
                                912 	.L7:
  0000018a 05  00               913 		.sleb128	0
                                914 	.L3:
                                915 		.section	.text_vle,,c
                                916 	.L5:
                                917 	.L5793:	.d2filenum "C:\\Users\\ASE-Lab\\Desktop\\ASEUnit2\\Template\\src\\can.c"
  000000df 03  0005 0200 0000   918 		.d2_line_end
  000000e5 03  0000 0101            	
                                919 		.section	.debug_abbrev,,n
  00000067 04  00               920 		.sleb128	0
