                                  1 	#$$m2		- PowerPC mnemonics
                                  2 	#$$pVLE		- PowerPC VLE encoding
                                  3 	#$$oPPC5534  - Optimized for PPC5534
                                  4 	#$$ko 9		- Reorder info
                                  5 		.file		"init.c"
                                  6 	#$$eb
                                  7 	#$$sz 0
                                  8 	#$$fp 0
                                  9 		.section	.PPC.EMB.apuinfo,,@note
  00000000 01  0000 0008         10 		.4byte		8
  00000004 01  0000 0004         11 		.4byte		4
  00000008 01  0000 0002         12 		.4byte		2
  0000000c 01  4150 5569 6e66    13 		.byte		"APUinfo"
  00000012 01  6f                   	
  00000013 01  00                14 		.byte		0
                                 15 		.align		2
  00000014 01  0104 0001         16 		.4byte		0x01040001
                                 17 		.section	.text_vle,,c
                                 18 		.section	.debug_frame,,n
                                 19 	__local_cie: 
  00000000 02  0000 0010         20 		.word	.LE-.LS
                                 21 	.LS:
  00000004 02  ffff ffff         22 		.word	-1
  00000008 02  01                23 		.byte	1
  00000009 02  00                24 		.byte	0
  0000000a 02  04                25 		.uleb128	4
  0000000b 02  7c                26 		.sleb128	-4
  0000000c 02  6c                27 		.byte	108
  0000000d 02  0c                28 		.byte	0x0c
  0000000e 02  01                29 		.byte	1
  0000000f 02  00                30 		.byte	0
  00000010 02  08                31 		.byte	8
  00000011 02  6c                32 		.byte	108
                                 33 		.fill           (.LS-.)&3
                                 34 	.LE:
                                 35 		.section	.debug_line,,n
                                 36 	.L8:
                                 37 		.section	.text_vle,,c
                                 38 	.L4:
  00000000 00                    39 		.0byte		.L2
  00000000 03  0000 0088 0002    40 		.d2_line_start	.debug_line
  00000006 03  0000 0013 0201       	
  0000000c 03  ff04 0d00 0101       	
  00000012 03  0101 0000 0001       	
  00000018 03  0000 0100 00         	
                                 41 		.section	.debug_abbrev,,n
                                 42 	.L9:
                                 43 		.section	.debug_info,,n
                                 44 	.L2:
  00000000 05  0000 00bc         45 		.4byte		.L3-.L1
                                 46 	.L1:
  00000004 05  0002              47 		.2byte		0x2
  00000006 05  0000 0000         48 		.4byte		.L9
  0000000a 05  04                49 		.byte		0x4
                                 50 		.section	.debug_abbrev,,n
  00000000 04  01                51 		.uleb128	1
  00000001 04  11                52 		.uleb128	17
  00000002 04  01                53 		.byte		0x1
  00000003 04  01                54 		.uleb128	1
  00000004 04  13                55 		.uleb128	19
  00000005 04  03                56 		.uleb128	3
  00000006 04  08                57 		.uleb128	8
  00000007 04  25                58 		.uleb128	37
  00000008 04  08                59 		.uleb128	8
  00000009 04  1b                60 		.uleb128	27
  0000000a 04  08                61 		.uleb128	8
  0000000b 04  13                62 		.uleb128	19
  0000000c 04  0f                63 		.uleb128	15
  0000000d 04  11                64 		.uleb128	17
  0000000e 04  01                65 		.uleb128	1
  0000000f 04  12                66 		.uleb128	18
  00000010 04  01                67 		.uleb128	1
  00000011 04  10                68 		.uleb128	16
  00000012 04  06                69 		.uleb128	6
  00000013 04  00                70 		.uleb128	0
  00000014 04  00                71 		.uleb128	0
                                 72 		.section	.debug_info,,n
  0000000b 05  01                73 		.sleb128	1
  0000000c 05  0000 00bf         74 		.4byte		.L7-.L2
  00000010 05  433a 5c55 7365    75 		.byte		"C:\\Users\\ASE-Lab\\Desktop\\ASEUnit2\\Template\\src\\init.c"
  00000016 05  7273 5c41 5345       	
  0000001c 05  2d4c 6162 5c44       	
  00000022 05  6573 6b74 6f70       	
  00000028 05  5c41 5345 556e       	
  0000002e 05  6974                 	
  00000045 05  00                76 		.byte		0
  00000046 05  4469 6162 2044    77 		.byte		"Diab Data, Inc:dcc Rel 5.7.0.0:PPC5534"
  0000004c 05  6174 612c 2049       	
  00000052 05  6e63 3a64 6363       	
  00000058 05  2052 656c 2035       	
  0000005e 05  2e37 2e30 2e30       	
  00000064 05  3a50                 	
  0000006c 05  00                78 		.byte		0
  0000006d 05  433a 5c55 7365    79 		.byte		"C:\\Users\\ASE-Lab\\Desktop\\ASEUnit2\\Template"
  00000073 05  7273 5c41 5345       	
  00000079 05  2d4c 6162 5c44       	
  0000007f 05  6573 6b74 6f70       	
  00000085 05  5c41 5345 556e       	
  0000008b 05  6974                 	
  00000097 05  00                80 		.byte		0
  00000098 05  01                81 		.uleb128	1
  00000099 05  0000 0000         82 		.4byte		.L4
  0000009d 05  0000 0000         83 		.4byte		.L5
  000000a1 05  0000 0000         84 		.4byte		.L8
                                 85 		.section	.text_vle,,c
                                 86 	
                                 87 	#$$bf
                                 88 		.align		2
                                 89 		.globl		Init
  00000014 02  0000 0020 0000    90 		.d2_cfa_start __local_cie
  0000001a 02  0000 0000 0000       	
  00000020 02  0000 006a            	
                                 91 	Init:
                                 92 		.section	.debug_abbrev,,n
  00000015 04  02                93 		.uleb128	2
  00000016 04  2e                94 		.uleb128	46
  00000017 04  01                95 		.byte		0x1
  00000018 04  01                96 		.uleb128	1
  00000019 04  13                97 		.uleb128	19
  0000001a 04  03                98 		.uleb128	3
  0000001b 04  08                99 		.uleb128	8
  0000001c 04  3a               100 		.uleb128	58
  0000001d 04  06               101 		.uleb128	6
  0000001e 04  3b               102 		.uleb128	59
  0000001f 04  0f               103 		.uleb128	15
  00000020 04  3f               104 		.uleb128	63
  00000021 04  0c               105 		.uleb128	12
  00000022 04  27               106 		.uleb128	39
  00000023 04  0c               107 		.uleb128	12
  00000024 04  11               108 		.uleb128	17
  00000025 04  01               109 		.uleb128	1
  00000026 04  12               110 		.uleb128	18
  00000027 04  01               111 		.uleb128	1
  00000028 04  00               112 		.uleb128	0
  00000029 04  00               113 		.uleb128	0
                                114 		.section	.debug_info,,n
                                115 	.L5784:
  000000a5 05  02               116 		.sleb128	2
  000000a6 05  0000 00bf        117 		.4byte		.L5780-.L2
  000000aa 05  496e 6974        118 		.byte		"Init"
  000000ae 05  00               119 		.byte		0
  000000af 05  0000 0001        120 		.4byte		.L5783
  000000b3 05  04               121 		.uleb128	4
  000000b4 05  01               122 		.byte		0x1
  000000b5 05  01               123 		.byte		0x1
  000000b6 05  0000 0000        124 		.4byte		.L5781
  000000ba 05  0000 0000        125 		.4byte		.L5782
                                126 		.section	.text_vle,,c
  0000001d 03  0041 0343 3a5c   127 		.d2file		"C:\\Users\\ASE-Lab\\Desktop\\ASEUnit2\\Template\\src\\init.c"
  00000023 03  5c55 7365 7273       	
  00000029 03  5c5c 4153 452d       	
  0000002f 03  4c61 625c 5c44       	
  00000035 03  6573 6b74 6f70       	
  0000003b 03  5c5c                 	
  00000062 03  0005 0200 0000   128 	        .d2line         5
  00000068 03  0003 040e            	
                                129 	.L5781:
  00000000 00  1821 06e0        130 		e_stwu		r1,-32(r1)
  00000024 02  410e 20          131 		.d2_cfa_def_cfa_offset	32
  00000004 00  0080             132 		se_mflr		r0,lr
                                133 	#$$br
  00000006 00  1b61 090c        134 		e_stmw		r27,12(r1)
  00000027 02  419b 059c 049d   135 		.d2_cfa_offset_list	27,31,5,-1
  0000002d 02  039e 029f 01         	
                                136 	#$$er
  0000000a 00  d901             137 		se_stw		r0,36(r1)
  00000032 02  116c 7f          138 		.d2_cfa_offset    108,-1
                                139 	#$$ee
  0000006c 03  0206 0a          140 		.d2prologue_end
  0000000c 00  73ff e7f4        141 		e_lis		r31,65524
  0000006f 03  18               142 	        .d2line         7
  00000010 00  1f9f 8010        143 		e_add16i	r28,r31,-32752
  00000014 00  c07c             144 		se_lwz		r7,0(r28)
                                145 	#$$vo
  00000016 00  74e7 001f        146 		e_rlwinm		r7,r7,0,0,15
  0000001a 00  70f8 c520        147 		e_ori		r7,50464
  0000001e 00  d07c             148 		se_stw		r7,0(r28)
                                149 	#$$vo
  00000020 00  73df e7f4        150 		e_lis		r30,65524
  00000070 03  37               151 	        .d2line         8
  00000024 00  1f7e 8010        152 		e_add16i	r27,r30,-32752
  00000028 00  c06b             153 		se_lwz		r6,0(r27)
                                154 	#$$vo
  0000002a 00  74c6 001f        155 		e_rlwinm		r6,r6,0,0,15
  0000002e 00  70db c128        156 		e_ori		r6,55592
  00000032 00  d06b             157 		se_stw		r6,0(r27)
                                158 	#$$vo
  00000034 00  73bf e7f4        159 		e_lis		r29,65524
  00000071 03  38               160 	        .d2line         10
  00000038 00  6206             161 		se_geni		r6,0
  0000003a 00  70c0 c10a        162 		e_ori		r6,266
  0000003e 00  54dd 8000        163 		e_stw		r6,-32768(r29)
                                164 	#$$vo
  00000072 03  0303 22          165 	        .d2line         13
                                166 	#$$fn 0x1ff8 0 0 0x1
                                167 	#$$tl 0x0 0x0 0x0
                                168 	#$$rs 0 s
  00000042 00  7800 0001        169 		bl		MEInit
  00000075 03  18               170 	        .d2line         15
                                171 	#$$fn 0x1ff8 0 0 0x1
                                172 	#$$tl 0x0 0x0 0x0
                                173 	#$$rs 0 s
  00000046 00  7800 0001        174 		bl		SIU_Init
  00000076 03  18               175 	        .d2line         17
                                176 	#$$fn 0x1ff8 0 0 0x1
                                177 	#$$tl 0x0 0x0 0x0
                                178 	#$$rs 0 s
  0000004a 00  7800 0001        179 		bl		InterruptInit
  00000077 03  18               180 	        .d2line         19
                                181 	#$$fn 0x1ff8 0 0 0x1
                                182 	#$$tl 0x0 0x0 0x0
                                183 	#$$rs 0 s
  0000004e 00  7800 0001        184 		bl		PIT_Init
  00000078 03  18               185 	        .d2line         21
                                186 	#$$fn 0x1ff8 0 0 0x1
                                187 	#$$tl 0x0 0x0 0x0
                                188 	#$$rs 0 s
  00000052 00  7800 0001        189 		bl		ADCInit
  00000079 03  18               190 	        .d2line         23
                                191 	#$$fn 0x1ff8 0 0 0x1
                                192 	#$$tl 0x0 0x0 0x0
                                193 	#$$rs 0 s
  00000056 00  7800 0001        194 		bl		CANInit
  0000007a 03  0303 16          195 	        .d2line         26
  0000005a 00  7c00 8146        196 	 wrteei 1
  0000007d 03  17               197 	        .d2line         27
                                198 	#$$be
  0000007e 03  0200 0b01        199 		.d2epilogue_begin
                                200 	#$$br
  0000005e 00  1b61 080c        201 		e_lmw		r27,12(r1)
                                202 	#$$er
  00000062 00  c901             203 		se_lwz		r0,36(r1)
  00000064 00  0090             204 		se_mtlr		r0
  00000066 00  21f1             205 		se_addi		r1,32
                                206 	#$$tl 0x0 0x0 0x0
  00000068 00  0004             207 		se_blr
                                208 	#$$ef
                                209 		.d2_cfa_end 2
                                210 		.section	.debug_info,,n
  000000be 05  00               211 		.sleb128	0
                                212 	.L5780:
                                213 		.section	.text_vle,,c
                                214 	.L5782:
                                215 		.type		Init,@function
                                216 		.size		Init,.-Init
                                217 	# Number of nodes = 27
                                218 	
                                219 	# Allocations for Init
                                220 	#	r31		$$1
                                221 	#	r30		$$2
                                222 	#	r29		$$3
                                223 	#	r28		$$4
                                224 	#	r27		$$5
                                225 	
                                226 	# Allocations for module
                                227 		.section	.debug_info,,n
                                228 	.L7:
  000000bf 05  00               229 		.sleb128	0
                                230 	.L3:
                                231 		.section	.text_vle,,c
                                232 	.L5:
                                233 	.L5783:	.d2filenum "C:\\Users\\ASE-Lab\\Desktop\\ASEUnit2\\Template\\src\\init.c"
  00000082 03  0005 0200 0000   234 		.d2_line_end
  00000088 03  0000 0101            	
                                235 		.section	.debug_abbrev,,n
  0000002a 04  00               236 		.sleb128	0
