                                  1 	#$$m2		- PowerPC mnemonics
                                  2 	#$$pVLE		- PowerPC VLE encoding
                                  3 	#$$oPPC5534  - Optimized for PPC5534
                                  4 	#$$ko 9		- Reorder info
                                  5 		.file		"interrupt.c"
                                  6 	#$$eb
                                  7 	#$$sz 0
                                  8 	#$$fp 0
                                  9 		.section	.PPC.EMB.apuinfo,,@note
  00000000 01  0000 0008         10 		.4byte		8
  00000004 01  0000 0004         11 		.4byte		4
  00000008 01  0000 0002         12 		.4byte		2
  0000000c 01  4150 5569 6e66    13 		.byte		"APUinfo"
  00000012 01  6f                   	
  00000013 01  00                14 		.byte		0
                                 15 		.align		2
  00000014 01  0104 0001         16 		.4byte		0x01040001
                                 17 		.section	.text_vle,,c
                                 18 		.section	.debug_frame,,n
                                 19 	__local_cie: 
  00000000 02  0000 0010         20 		.word	.LE-.LS
                                 21 	.LS:
  00000004 02  ffff ffff         22 		.word	-1
  00000008 02  01                23 		.byte	1
  00000009 02  00                24 		.byte	0
  0000000a 02  04                25 		.uleb128	4
  0000000b 02  7c                26 		.sleb128	-4
  0000000c 02  6c                27 		.byte	108
  0000000d 02  0c                28 		.byte	0x0c
  0000000e 02  01                29 		.byte	1
  0000000f 02  00                30 		.byte	0
  00000010 02  08                31 		.byte	8
  00000011 02  6c                32 		.byte	108
                                 33 		.fill           (.LS-.)&3
                                 34 	.LE:
                                 35 		.section	.debug_line,,n
                                 36 	.L8:
                                 37 		.section	.text_vle,,c
                                 38 	.L4:
  00000000 00                    39 		.0byte		.L2
  00000000 03  0000 0088 0002    40 		.d2_line_start	.debug_line
  00000006 03  0000 0013 0201       	
  0000000c 03  ff04 0d00 0101       	
  00000012 03  0101 0000 0001       	
  00000018 03  0000 0100 00         	
                                 41 		.section	.debug_abbrev,,n
                                 42 	.L9:
                                 43 		.section	.debug_info,,n
                                 44 	.L2:
  00000000 05  0000 00c9         45 		.4byte		.L3-.L1
                                 46 	.L1:
  00000004 05  0002              47 		.2byte		0x2
  00000006 05  0000 0000         48 		.4byte		.L9
  0000000a 05  04                49 		.byte		0x4
                                 50 		.section	.debug_abbrev,,n
  00000000 04  01                51 		.uleb128	1
  00000001 04  11                52 		.uleb128	17
  00000002 04  01                53 		.byte		0x1
  00000003 04  01                54 		.uleb128	1
  00000004 04  13                55 		.uleb128	19
  00000005 04  03                56 		.uleb128	3
  00000006 04  08                57 		.uleb128	8
  00000007 04  25                58 		.uleb128	37
  00000008 04  08                59 		.uleb128	8
  00000009 04  1b                60 		.uleb128	27
  0000000a 04  08                61 		.uleb128	8
  0000000b 04  13                62 		.uleb128	19
  0000000c 04  0f                63 		.uleb128	15
  0000000d 04  11                64 		.uleb128	17
  0000000e 04  01                65 		.uleb128	1
  0000000f 04  12                66 		.uleb128	18
  00000010 04  01                67 		.uleb128	1
  00000011 04  10                68 		.uleb128	16
  00000012 04  06                69 		.uleb128	6
  00000013 04  00                70 		.uleb128	0
  00000014 04  00                71 		.uleb128	0
                                 72 		.section	.debug_info,,n
  0000000b 05  01                73 		.sleb128	1
  0000000c 05  0000 00cc         74 		.4byte		.L7-.L2
  00000010 05  433a 5c55 7365    75 		.byte		"C:\\Users\\ASE-Lab\\Desktop\\ASEUnit2\\Template\\src\\interrupt.c"
  00000016 05  7273 5c41 5345       	
  0000001c 05  2d4c 6162 5c44       	
  00000022 05  6573 6b74 6f70       	
  00000028 05  5c41 5345 556e       	
  0000002e 05  6974                 	
  0000004a 05  00                76 		.byte		0
  0000004b 05  4469 6162 2044    77 		.byte		"Diab Data, Inc:dcc Rel 5.7.0.0:PPC5534"
  00000051 05  6174 612c 2049       	
  00000057 05  6e63 3a64 6363       	
  0000005d 05  2052 656c 2035       	
  00000063 05  2e37 2e30 2e30       	
  00000069 05  3a50                 	
  00000071 05  00                78 		.byte		0
  00000072 05  433a 5c55 7365    79 		.byte		"C:\\Users\\ASE-Lab\\Desktop\\ASEUnit2\\Template"
  00000078 05  7273 5c41 5345       	
  0000007e 05  2d4c 6162 5c44       	
  00000084 05  6573 6b74 6f70       	
  0000008a 05  5c41 5345 556e       	
  00000090 05  6974                 	
  0000009c 05  00                80 		.byte		0
  0000009d 05  01                81 		.uleb128	1
  0000009e 05  0000 0000         82 		.4byte		.L4
  000000a2 05  0000 0000         83 		.4byte		.L5
  000000a6 05  0000 0000         84 		.4byte		.L8
                                 85 		.section	.text_vle,,c
                                 86 	
                                 87 	#$$bf
                                 88 		.align		2
                                 89 		.globl		InterruptInit
  00000014 02  0000 0038 0000    90 		.d2_cfa_start __local_cie
  0000001a 02  0000 0000 0000       	
  00000020 02  0000 00e2            	
                                 91 	InterruptInit:
                                 92 		.section	.debug_abbrev,,n
  00000015 04  02                93 		.uleb128	2
  00000016 04  2e                94 		.uleb128	46
  00000017 04  01                95 		.byte		0x1
  00000018 04  01                96 		.uleb128	1
  00000019 04  13                97 		.uleb128	19
  0000001a 04  03                98 		.uleb128	3
  0000001b 04  08                99 		.uleb128	8
  0000001c 04  3a               100 		.uleb128	58
  0000001d 04  06               101 		.uleb128	6
  0000001e 04  3b               102 		.uleb128	59
  0000001f 04  0f               103 		.uleb128	15
  00000020 04  3f               104 		.uleb128	63
  00000021 04  0c               105 		.uleb128	12
  00000022 04  11               106 		.uleb128	17
  00000023 04  01               107 		.uleb128	1
  00000024 04  12               108 		.uleb128	18
  00000025 04  01               109 		.uleb128	1
  00000026 04  00               110 		.uleb128	0
  00000027 04  00               111 		.uleb128	0
                                112 		.section	.debug_info,,n
                                113 	.L5784:
  000000aa 05  02               114 		.sleb128	2
  000000ab 05  0000 00cc        115 		.4byte		.L5780-.L2
  000000af 05  496e 7465 7272   116 		.byte		"InterruptInit"
  000000b5 05  7570 7449 6e69       	
  000000bb 05  74                   	
  000000bc 05  00               117 		.byte		0
  000000bd 05  0000 0001        118 		.4byte		.L5783
  000000c1 05  03               119 		.uleb128	3
  000000c2 05  01               120 		.byte		0x1
  000000c3 05  0000 0000        121 		.4byte		.L5781
  000000c7 05  0000 0000        122 		.4byte		.L5782
                                123 		.section	.text_vle,,c
  0000001d 03  0046 0343 3a5c   124 		.d2file		"C:\\Users\\ASE-Lab\\Desktop\\ASEUnit2\\Template\\src\\interrupt.c"
  00000023 03  5c55 7365 7273       	
  00000029 03  5c5c 4153 452d       	
  0000002f 03  4c61 625c 5c44       	
  00000035 03  6573 6b74 6f70       	
  0000003b 03  5c5c                 	
  00000067 03  0005 0200 0000   125 	        .d2line         4
  0000006d 03  0003 030e            	
                                126 	.L5781:
  00000000 00  1821 06b0        127 		e_stwu		r1,-80(r1)
  00000024 02  410e 50          128 		.d2_cfa_def_cfa_offset	80
  00000004 00  0080             129 		se_mflr		r0,lr
                                130 	#$$br
  00000006 00  19c1 0908        131 		e_stmw		r14,8(r1)
  00000027 02  418e 128f 1190   132 		.d2_cfa_offset_list	14,31,18,-1
  0000002d 02  1091 0f92 0e93       	
  00000033 02  0d94 0c95 0b96       	
  00000039 02  0a97 0998 0899       	
  0000003f 02  079a 069b 059c       	
  00000045 02  049d                 	
                                133 	#$$er
  0000000a 00  5401 0054        134 		e_stw		r0,84(r1)
  0000004c 02  4111 6c7f        135 		.d2_cfa_offset    108,-1
                                136 	#$$ee
  00000071 03  0207 0a          137 		.d2prologue_end
  0000000e 00  73ff e7f5        138 		e_lis		r31,65525
  00000074 03  18               139 	        .d2line         6
  00000012 00  1edf 8000        140 		e_add16i	r22,r31,-32768
  00000016 00  50f6 0000        141 		e_lwz		r7,0(r22)
                                142 	#$$vo
  0000001a 00  61a7             143 		se_bclri		r7,26
  0000001c 00  54f6 0000        144 		e_stw		r7,0(r22)
                                145 	#$$vo
  00000020 00  73df e7f5        146 		e_lis		r30,65525
  00000075 03  34               147 	        .d2line         8
  00000024 00  1ebe 8000        148 		e_add16i	r21,r30,-32768
  00000028 00  50d5 0000        149 		e_lwz		r6,0(r21)
                                150 	#$$vo
  0000002c 00  61f6             151 		se_bclri		r6,31
  0000002e 00  54d5 0000        152 		e_stw		r6,0(r21)
                                153 	#$$vo
  00000032 00  73bf e7f5        154 		e_lis		r29,65525
  00000076 03  34               155 	        .d2line         10
  00000036 00  1e9d 8010        156 		e_add16i	r20,r29,-32752
  0000003a 00  50f4 0000        157 		e_lwz		r7,0(r20)
                                158 	#$$vo
  0000003e 00  74e7 057f        159 		e_rlwinm		r7,r7,0,21,31
  00000042 00  18e7 d309        160 		e_ori		r7,r7,150994944
  00000046 00  54f4 0000        161 		e_stw		r7,0(r20)
                                162 	#$$vo
  0000004a 00  739f e7f5        163 		e_lis		r28,65525
  00000077 03  40               164 	        .d2line         12
  0000004e 00  1e7c 807b        165 		e_add16i	r19,r28,-32645
  00000052 00  30d3 0000        166 		e_lbz		r6,0(r19)
                                167 	#$$vo
  00000056 00  74c6 0637        168 		e_rlwinm		r6,r6,0,24,27
  0000005a 00  18c6 d005        169 		e_ori		r6,r6,5
  0000005e 00  34d3 0000        170 		e_stb		r6,0(r19)
                                171 	#$$vo
  00000062 00  737f e7f5        172 		e_lis		r27,65525
  00000078 03  40               173 	        .d2line         14
  00000066 00  1e5b 807c        174 		e_add16i	r18,r27,-32644
  0000006a 00  30f2 0000        175 		e_lbz		r7,0(r18)
                                176 	#$$vo
  0000006e 00  74e7 0637        177 		e_rlwinm		r7,r7,0,24,27
  00000072 00  18e7 d005        178 		e_ori		r7,r7,5
  00000076 00  34f2 0000        179 		e_stb		r7,0(r18)
                                180 	#$$vo
  0000007a 00  735f e7f5        181 		e_lis		r26,65525
  00000079 03  40               182 	        .d2line         16
  0000007e 00  1e3a 8084        183 		e_add16i	r17,r26,-32636
  00000082 00  30d1 0000        184 		e_lbz		r6,0(r17)
                                185 	#$$vo
  00000086 00  74c6 0637        186 		e_rlwinm		r6,r6,0,24,27
  0000008a 00  65f6             187 		se_bseti		r6,31
  0000008c 00  34d1 0000        188 		e_stb		r6,0(r17)
                                189 	#$$vo
  00000090 00  733f e7f5        190 		e_lis		r25,65525
  0000007a 03  3c               191 	        .d2line         18
  00000094 00  1e19 8085        192 		e_add16i	r16,r25,-32635
  00000098 00  30f0 0000        193 		e_lbz		r7,0(r16)
                                194 	#$$vo
  0000009c 00  74e7 0637        195 		e_rlwinm		r7,r7,0,24,27
  000000a0 00  65f7             196 		se_bseti		r7,31
  000000a2 00  34f0 0000        197 		e_stb		r7,0(r16)
                                198 	#$$vo
  000000a6 00  731f e7f5        199 		e_lis		r24,65525
  0000007b 03  3c               200 	        .d2line         20
  000000aa 00  1df8 8086        201 		e_add16i	r15,r24,-32634
  000000ae 00  30cf 0000        202 		e_lbz		r6,0(r15)
                                203 	#$$vo
  000000b2 00  74c6 0637        204 		e_rlwinm		r6,r6,0,24,27
  000000b6 00  65f6             205 		se_bseti		r6,31
  000000b8 00  34cf 0000        206 		e_stb		r6,0(r15)
                                207 	#$$vo
  000000bc 00  72ff e7f5        208 		e_lis		r23,65525
  0000007c 03  3c               209 	        .d2line         22
  000000c0 00  1dd7 8087        210 		e_add16i	r14,r23,-32633
  000000c4 00  30ee 0000        211 		e_lbz		r7,0(r14)
                                212 	#$$vo
  000000c8 00  74e7 0637        213 		e_rlwinm		r7,r7,0,24,27
  000000cc 00  65f7             214 		se_bseti		r7,31
  000000ce 00  34ee 0000        215 		e_stb		r7,0(r14)
                                216 	#$$vo
  0000007d 03  33               217 	        .d2line         23
                                218 	#$$be
  0000007e 03  0200 0b01        219 		.d2epilogue_begin
                                220 	#$$br
  000000d2 00  19c1 0808        221 		e_lmw		r14,8(r1)
                                222 	#$$er
  000000d6 00  5001 0054        223 		e_lwz		r0,84(r1)
  000000da 00  0090             224 		se_mtlr		r0
  000000dc 00  1821 8050        225 		e_addi		r1,r1,80
                                226 	#$$tl 0x0 0x0 0x0
  000000e0 00  0004             227 		se_blr
                                228 	#$$ef
                                229 		.d2_cfa_end 2
                                230 		.section	.debug_info,,n
  000000cb 05  00               231 		.sleb128	0
                                232 	.L5780:
                                233 		.section	.text_vle,,c
                                234 	.L5782:
                                235 		.type		InterruptInit,@function
                                236 		.size		InterruptInit,.-InterruptInit
                                237 	# Number of nodes = 45
                                238 	
                                239 	# Allocations for InterruptInit
                                240 	#	r31		$$1
                                241 	#	r30		$$2
                                242 	#	r29		$$3
                                243 	#	r28		$$4
                                244 	#	r27		$$5
                                245 	#	r26		$$6
                                246 	#	r25		$$7
                                247 	#	r24		$$8
                                248 	#	r23		$$9
                                249 	#	r22		$$10
                                250 	#	r21		$$11
                                251 	#	r20		$$12
                                252 	#	r19		$$13
                                253 	#	r18		$$14
                                254 	#	r17		$$15
                                255 	#	r16		$$16
                                256 	#	r15		$$17
                                257 	#	r14		$$18
                                258 	
                                259 	# Allocations for module
                                260 		.section	.debug_info,,n
                                261 	.L7:
  000000cc 05  00               262 		.sleb128	0
                                263 	.L3:
                                264 		.section	.text_vle,,c
                                265 	.L5:
                                266 	.L5783:	.d2filenum "C:\\Users\\ASE-Lab\\Desktop\\ASEUnit2\\Template\\src\\interrupt.c"
  00000082 03  0005 0200 0000   267 		.d2_line_end
  00000088 03  0000 0101            	
                                268 		.section	.debug_abbrev,,n
  00000028 04  00               269 		.sleb128	0
