                                  1 	#$$m2		- PowerPC mnemonics
                                  2 	#$$pVLE		- PowerPC VLE encoding
                                  3 	#$$oPPC5534  - Optimized for PPC5534
                                  4 	#$$ko 9		- Reorder info
                                  5 		.file		"main.c"
                                  6 	#$$eb
                                  7 	#$$sz 0
                                  8 	#$$fp 0
                                  9 		.section	.PPC.EMB.apuinfo,,@note
  00000000 01  0000 0008         10 		.4byte		8
  00000004 01  0000 0004         11 		.4byte		4
  00000008 01  0000 0002         12 		.4byte		2
  0000000c 01  4150 5569 6e66    13 		.byte		"APUinfo"
  00000012 01  6f                   	
  00000013 01  00                14 		.byte		0
                                 15 		.align		2
  00000014 01  0104 0001         16 		.4byte		0x01040001
                                 17 		.section	.text_vle,,c
                                 18 		.section	.debug_frame,,n
                                 19 	__local_cie: 
  00000000 02  0000 0010         20 		.word	.LE-.LS
                                 21 	.LS:
  00000004 02  ffff ffff         22 		.word	-1
  00000008 02  01                23 		.byte	1
  00000009 02  00                24 		.byte	0
  0000000a 02  04                25 		.uleb128	4
  0000000b 02  7c                26 		.sleb128	-4
  0000000c 02  6c                27 		.byte	108
  0000000d 02  0c                28 		.byte	0x0c
  0000000e 02  01                29 		.byte	1
  0000000f 02  00                30 		.byte	0
  00000010 02  08                31 		.byte	8
  00000011 02  6c                32 		.byte	108
                                 33 		.fill           (.LS-.)&3
                                 34 	.LE:
                                 35 		.section	.debug_line,,n
                                 36 	.L8:
                                 37 		.section	.text_vle,,c
                                 38 	.L4:
  00000000 00                    39 		.0byte		.L2
  00000000 03  0000 0116 0002    40 		.d2_line_start	.debug_line
  00000006 03  0000 0013 0201       	
  0000000c 03  ff04 0d00 0101       	
  00000012 03  0101 0000 0001       	
  00000018 03  0000 0100 00         	
                                 41 		.section	.debug_abbrev,,n
                                 42 	.L9:
                                 43 		.section	.debug_info,,n
                                 44 	.L2:
  00000000 05  0000 0319         45 		.4byte		.L3-.L1
                                 46 	.L1:
  00000004 05  0002              47 		.2byte		0x2
  00000006 05  0000 0000         48 		.4byte		.L9
  0000000a 05  04                49 		.byte		0x4
                                 50 		.section	.debug_abbrev,,n
  00000000 04  01                51 		.uleb128	1
  00000001 04  11                52 		.uleb128	17
  00000002 04  01                53 		.byte		0x1
  00000003 04  01                54 		.uleb128	1
  00000004 04  13                55 		.uleb128	19
  00000005 04  03                56 		.uleb128	3
  00000006 04  08                57 		.uleb128	8
  00000007 04  25                58 		.uleb128	37
  00000008 04  08                59 		.uleb128	8
  00000009 04  1b                60 		.uleb128	27
  0000000a 04  08                61 		.uleb128	8
  0000000b 04  13                62 		.uleb128	19
  0000000c 04  0f                63 		.uleb128	15
  0000000d 04  11                64 		.uleb128	17
  0000000e 04  01                65 		.uleb128	1
  0000000f 04  12                66 		.uleb128	18
  00000010 04  01                67 		.uleb128	1
  00000011 04  10                68 		.uleb128	16
  00000012 04  06                69 		.uleb128	6
  00000013 04  00                70 		.uleb128	0
  00000014 04  00                71 		.uleb128	0
                                 72 		.section	.debug_info,,n
  0000000b 05  01                73 		.sleb128	1
  0000000c 05  0000 031c         74 		.4byte		.L7-.L2
  00000010 05  433a 5c55 7365    75 		.byte		"C:\\Users\\ASE-Lab\\Desktop\\ASEUnit2\\Template\\src\\main.c"
  00000016 05  7273 5c41 5345       	
  0000001c 05  2d4c 6162 5c44       	
  00000022 05  6573 6b74 6f70       	
  00000028 05  5c41 5345 556e       	
  0000002e 05  6974                 	
  00000045 05  00                76 		.byte		0
  00000046 05  4469 6162 2044    77 		.byte		"Diab Data, Inc:dcc Rel 5.7.0.0:PPC5534"
  0000004c 05  6174 612c 2049       	
  00000052 05  6e63 3a64 6363       	
  00000058 05  2052 656c 2035       	
  0000005e 05  2e37 2e30 2e30       	
  00000064 05  3a50                 	
  0000006c 05  00                78 		.byte		0
  0000006d 05  433a 5c55 7365    79 		.byte		"C:\\Users\\ASE-Lab\\Desktop\\ASEUnit2\\Template"
  00000073 05  7273 5c41 5345       	
  00000079 05  2d4c 6162 5c44       	
  0000007f 05  6573 6b74 6f70       	
  00000085 05  5c41 5345 556e       	
  0000008b 05  6974                 	
  00000097 05  00                80 		.byte		0
  00000098 05  01                81 		.uleb128	1
  00000099 05  0000 0000         82 		.4byte		.L4
  0000009d 05  0000 0000         83 		.4byte		.L5
  000000a1 05  0000 0000         84 		.4byte		.L8
                                 85 		.section	.text_vle,,c
                                 86 	
                                 87 	#$$bf
                                 88 		.align		2
                                 89 		.globl		main
  00000014 02  0000 0014 0000    90 		.d2_cfa_start __local_cie
  0000001a 02  0000 0000 0000       	
  00000020 02  0000 0046            	
                                 91 	main:
                                 92 		.section	.debug_abbrev,,n
  00000015 04  02                93 		.uleb128	2
  00000016 04  2e                94 		.uleb128	46
  00000017 04  01                95 		.byte		0x1
  00000018 04  01                96 		.uleb128	1
  00000019 04  13                97 		.uleb128	19
  0000001a 04  03                98 		.uleb128	3
  0000001b 04  08                99 		.uleb128	8
  0000001c 04  3a               100 		.uleb128	58
  0000001d 04  06               101 		.uleb128	6
  0000001e 04  3b               102 		.uleb128	59
  0000001f 04  0f               103 		.uleb128	15
  00000020 04  3f               104 		.uleb128	63
  00000021 04  0c               105 		.uleb128	12
  00000022 04  27               106 		.uleb128	39
  00000023 04  0c               107 		.uleb128	12
  00000024 04  11               108 		.uleb128	17
  00000025 04  01               109 		.uleb128	1
  00000026 04  12               110 		.uleb128	18
  00000027 04  01               111 		.uleb128	1
  00000028 04  00               112 		.uleb128	0
  00000029 04  00               113 		.uleb128	0
                                114 		.section	.debug_info,,n
                                115 	.L5825:
  000000a5 05  02               116 		.sleb128	2
  000000a6 05  0000 00bf        117 		.4byte		.L5821-.L2
  000000aa 05  6d61 696e        118 		.byte		"main"
  000000ae 05  00               119 		.byte		0
  000000af 05  0000 0001        120 		.4byte		.L5824
  000000b3 05  12               121 		.uleb128	18
  000000b4 05  01               122 		.byte		0x1
  000000b5 05  01               123 		.byte		0x1
  000000b6 05  0000 0000        124 		.4byte		.L5822
  000000ba 05  0000 0000        125 		.4byte		.L5823
                                126 		.section	.text_vle,,c
  0000001d 03  0041 0343 3a5c   127 		.d2file		"C:\\Users\\ASE-Lab\\Desktop\\ASEUnit2\\Template\\src\\main.c"
  00000023 03  5c55 7365 7273       	
  00000029 03  5c5c 4153 452d       	
  0000002f 03  4c61 625c 5c44       	
  00000035 03  6573 6b74 6f70       	
  0000003b 03  5c5c                 	
  00000062 03  0005 0200 0000   128 	        .d2line         19
  00000068 03  0003 120e            	
                                129 	.L5822:
  00000000 00  1821 06f0        130 		e_stwu		r1,-16(r1)
  00000024 02  410e 10          131 		.d2_cfa_def_cfa_offset	16
  00000004 00  0080             132 		se_mflr		r0,lr
  00000006 00  d501             133 		se_stw		r0,20(r1)
  00000027 02  4111 6c7f        134 		.d2_cfa_offset    108,-1
                                135 	#$$ee
  0000006c 03  0204 0a          136 		.d2prologue_end
  0000006f 03  10               137 	        .d2line         21
                                138 	#$$fn 0x1ff8 0 0 0x1
                                139 	#$$tl 0x0 0x0 0x0
                                140 	#$$rs 0 s
  00000008 00  7800 0001        141 		bl		Init
  00000070 03  17               142 	        .d2line         22
  0000000c 00  4803             143 		se_li		r3,0
  0000000e 00  4e44             144 		se_li		r4,100
                                145 	#$$fn 0x1ff8 0 0 0x1
                                146 	#$$tl 0x18 0x0 0x0
                                147 	#$$rs 0 s
  00000010 00  7800 0001        148 		bl		PIT_ConfigureTimer
  00000071 03  1f               149 	        .d2line         23
  00000014 00  4813             150 		se_li		r3,1
  00000016 00  7080 00c8        151 		e_li		r4,200
                                152 	#$$fn 0x1ff8 0 0 0x1
                                153 	#$$tl 0x18 0x0 0x0
                                154 	#$$rs 0 s
  0000001a 00  7800 0001        155 		bl		PIT_ConfigureTimer
  00000072 03  23               156 	        .d2line         24
  0000001e 00  4803             157 		se_li		r3,0
                                158 	#$$fn 0x1ff8 0 0 0x1
                                159 	#$$tl 0x8 0x0 0x0
                                160 	#$$rs 0 s
  00000020 00  7800 0001        161 		bl		PIT_StartTimer
  00000073 03  1b               162 	        .d2line         25
  00000024 00  4813             163 		se_li		r3,1
                                164 	#$$fn 0x1ff8 0 0 0x1
                                165 	#$$tl 0x8 0x0 0x0
                                166 	#$$rs 0 s
  00000026 00  7800 0001        167 		bl		PIT_StartTimer
  00000074 03  1b               168 	        .d2line         26
  0000002a 00  4cb7             169 		se_li		r7,75
  0000002c 00  54e0 0000        170 		e_stw		r7,speedMsgPacket@sdarx(r0)
  00000075 03  1b               171 	        .d2line         27
  00000030 00  4826             172 		se_li		r6,2
  00000032 00  54c0 0000        173 		e_stw		r6,dataPacket@sdarx(r0)
  00000076 03  1b               174 	        .d2line         28
  00000036 00  4817             175 		se_li		r7,1
  00000038 00  54e0 0000        176 		e_stw		r7,speedMessageStatus@sdarx(r0)
                                177 	.L5783:
  00000077 03  030d 1a          178 	        .d2line         41
  0000003c 00  e800             179 		b		.L5783
  0000007a 03  13               180 	        .d2line         42
                                181 	#$$be
  0000007b 03  0200 0b01        182 		.d2epilogue_begin
  0000003e 00  c501             183 		se_lwz		r0,20(r1)
  00000040 00  0090             184 		se_mtlr		r0
  00000042 00  20f1             185 		se_addi		r1,16
                                186 	#$$tl 0x0 0x0 0x0
  00000044 00  0004             187 		se_blr
                                188 	#$$ef
                                189 		.d2_cfa_end 2
                                190 		.section	.debug_info,,n
  000000be 05  00               191 		.sleb128	0
                                192 	.L5821:
                                193 		.section	.text_vle,,c
                                194 	.L5823:
                                195 		.type		main,@function
                                196 		.size		main,.-main
                                197 	# Number of nodes = 40
                                198 	
                                199 	# Allocations for main
                                200 	
                                201 	#$$bf
                                202 		.align		2
                                203 		.globl		_delay_cycles
  0000002c 02  0000 0018 0000   204 		.d2_cfa_start __local_cie
  00000032 02  0000 0000 0000       	
  00000038 02  0000 0020            	
                                205 	_delay_cycles:
                                206 		.section	.debug_info,,n
                                207 	.L5830:
  000000bf 05  02               208 		.sleb128	2
  000000c0 05  0000 00f9        209 		.4byte		.L5827-.L2
  000000c4 05  5f64 656c 6179   210 		.byte		"_delay_cycles"
  000000ca 05  5f63 7963 6c65       	
  000000d0 05  73                   	
  000000d1 05  00               211 		.byte		0
  000000d2 05  0000 0001        212 		.4byte		.L5824
  000000d6 05  35               213 		.uleb128	53
  000000d7 05  01               214 		.byte		0x1
  000000d8 05  01               215 		.byte		0x1
  000000d9 05  0000 0000        216 		.4byte		.L5828
  000000dd 05  0000 0000        217 		.4byte		.L5829
                                218 		.section	.debug_abbrev,,n
  0000002a 04  03               219 		.uleb128	3
  0000002b 04  05               220 		.uleb128	5
  0000002c 04  00               221 		.byte		0x0
  0000002d 04  3a               222 		.uleb128	58
  0000002e 04  06               223 		.uleb128	6
  0000002f 04  3b               224 		.uleb128	59
  00000030 04  0f               225 		.uleb128	15
  00000031 04  03               226 		.uleb128	3
  00000032 04  08               227 		.uleb128	8
  00000033 04  49               228 		.uleb128	73
  00000034 04  10               229 		.uleb128	16
  00000035 04  02               230 		.uleb128	2
  00000036 04  09               231 		.uleb128	9
  00000037 04  00               232 		.uleb128	0
  00000038 04  00               233 		.uleb128	0
                                234 		.section	.debug_info,,n
                                235 	.L5831:
  000000e1 05  03               236 		.sleb128	3
  000000e2 05  0000 0001        237 		.4byte		.L5824
  000000e6 05  35               238 		.uleb128	53
  000000e7 05  6e75 6d43 7963   239 		.byte		"numCycles"
  000000ed 05  6c65 73              	
  000000f0 05  00               240 		.byte		0
  000000f1 05  0000 0000        241 		.4byte		.L5832
  000000f5 05  02               242 		.sleb128	2
  000000f6 05  90               243 		.byte		0x90
  000000f7 05  1f               244 		.uleb128	31
                                245 		.section	.text_vle,,c
  0000007f 03  030b 22          246 	        .d2line         53
                                247 	.L5828:
  00000048 00  1821 06f0        248 		e_stwu		r1,-16(r1)
  0000003c 02  410e 10          249 		.d2_cfa_def_cfa_offset	16
  0000004c 00  0080             250 		se_mflr		r0,lr
                                251 	#$$br
  0000004e 00  d3f1             252 		se_stw		r31,12(r1)
  0000003f 02  419f 01          253 		.d2_cfa_offset	31,1
                                254 	#$$er
  00000050 00  d501             255 		se_stw		r0,20(r1)
  00000042 02  116c 7f          256 		.d2_cfa_offset    108,-1
                                257 	#$$ee
  00000082 03  0205 0a          258 		.d2prologue_end
  00000052 00  013f             259 		se_mr		r31,r3
                                260 	.L5786:
  00000085 03  13               261 	        .d2line         54
  00000054 00  2a0f             262 		se_cmpi		r31,0
  00000056 00  e603             263 		bc		1,2,.L5785	# eq
  00000058 00  240f             264 		se_subi		r31,1
  0000005a 00  e8fd             265 		b		.L5786
                                266 	.L5785:
  0000005c 00  240f             267 		se_subi		r31,1
  00000086 03  23               268 	        .d2line         55
                                269 	#$$be
  00000087 03  0200 0b01        270 		.d2epilogue_begin
                                271 	#$$br
  0000005e 00  c3f1             272 		se_lwz		r31,12(r1)
                                273 	#$$er
  00000060 00  c501             274 		se_lwz		r0,20(r1)
  00000062 00  0090             275 		se_mtlr		r0
  00000064 00  20f1             276 		se_addi		r1,16
                                277 	#$$tl 0x0 0x0 0x0
  00000066 00  0004             278 		se_blr
                                279 	#$$ef
                                280 		.d2_cfa_end 2
                                281 		.section	.debug_info,,n
  000000f8 05  00               282 		.sleb128	0
                                283 	.L5827:
                                284 		.section	.text_vle,,c
                                285 	.L5829:
                                286 		.type		_delay_cycles,@function
                                287 		.size		_delay_cycles,.-_delay_cycles
                                288 	# Number of nodes = 5
                                289 	
                                290 	# Allocations for _delay_cycles
                                291 	#	r31		numCycles
                                292 	
                                293 	#$$bf
                                294 		.align		2
                                295 		.globl		blinkTimes
  00000048 02  0000 0018 0000   296 		.d2_cfa_start __local_cie
  0000004e 02  0000 0000 0000       	
  00000054 02  0000 003e            	
                                297 	blinkTimes:
                                298 		.section	.debug_info,,n
                                299 	.L5837:
  000000f9 05  02               300 		.sleb128	2
  000000fa 05  0000 014e        301 		.4byte		.L5834-.L2
  000000fe 05  626c 696e 6b54   302 		.byte		"blinkTimes"
  00000104 05  696d 6573            	
  00000108 05  00               303 		.byte		0
  00000109 05  0000 0001        304 		.4byte		.L5824
  0000010d 05  3a               305 		.uleb128	58
  0000010e 05  01               306 		.byte		0x1
  0000010f 05  01               307 		.byte		0x1
  00000110 05  0000 0000        308 		.4byte		.L5835
  00000114 05  0000 0000        309 		.4byte		.L5836
                                310 	.L5838:
  00000118 05  03               311 		.sleb128	3
  00000119 05  0000 0001        312 		.4byte		.L5824
  0000011d 05  3a               313 		.uleb128	58
  0000011e 05  7469 6d65 73     314 		.byte		"times"
  00000123 05  00               315 		.byte		0
  00000124 05  0000 0000        316 		.4byte		.L5832
  00000128 05  02               317 		.sleb128	2
  00000129 05  90               318 		.byte		0x90
  0000012a 05  1f               319 		.uleb128	31
                                320 	.L5839:
  0000012b 05  03               321 		.sleb128	3
  0000012c 05  0000 0001        322 		.4byte		.L5824
  00000130 05  3a               323 		.uleb128	58
  00000131 05  4c45 4478        324 		.byte		"LEDx"
  00000135 05  00               325 		.byte		0
  00000136 05  0000 0000        326 		.4byte		.L5840
  0000013a 05  03               327 		.sleb128	3
  0000013b 05  92               328 		.byte		0x92
  0000013c 05  01               329 		.uleb128	1
  0000013d 05  0b               330 		.sleb128	11
                                331 		.section	.debug_abbrev,,n
  00000039 04  04               332 		.uleb128	4
  0000003a 04  34               333 		.uleb128	52
  0000003b 04  00               334 		.byte		0x0
  0000003c 04  3a               335 		.uleb128	58
  0000003d 04  06               336 		.uleb128	6
  0000003e 04  3b               337 		.uleb128	59
  0000003f 04  0f               338 		.uleb128	15
  00000040 04  03               339 		.uleb128	3
  00000041 04  08               340 		.uleb128	8
  00000042 04  49               341 		.uleb128	73
  00000043 04  10               342 		.uleb128	16
  00000044 04  02               343 		.uleb128	2
  00000045 04  09               344 		.uleb128	9
  00000046 04  00               345 		.uleb128	0
  00000047 04  00               346 		.uleb128	0
                                347 		.section	.debug_info,,n
                                348 	.L5842:
  0000013e 05  04               349 		.sleb128	4
  0000013f 05  0000 0001        350 		.4byte		.L5824
  00000143 05  3b               351 		.uleb128	59
  00000144 05  69               352 		.byte		"i"
  00000145 05  00               353 		.byte		0
  00000146 05  0000 0000        354 		.4byte		.L5841
  0000014a 05  02               355 		.sleb128	2
  0000014b 05  90               356 		.byte		0x90
  0000014c 05  1e               357 		.uleb128	30
                                358 		.section	.text_vle,,c
  0000008b 03  0303 22          359 	        .d2line         58
                                360 	.L5835:
  00000068 00  1821 06e0        361 		e_stwu		r1,-32(r1)
  00000058 02  410e 20          362 		.d2_cfa_def_cfa_offset	32
  0000006c 00  0080             363 		se_mflr		r0,lr
                                364 	#$$br
  0000006e 00  1bc1 0918        365 		e_stmw		r30,24(r1)
  0000005b 02  419e 029f 01     366 		.d2_cfa_offset_list	30,31,2,-1
                                367 	#$$er
  00000072 00  d901             368 		se_stw		r0,36(r1)
  00000060 02  116c 7f          369 		.d2_cfa_offset    108,-1
                                370 	#$$ee
  0000008e 03  0206 0a          371 		.d2prologue_end
  00000074 00  9b41             372 		se_stb		r4,11(r1)
  00000076 00  013f             373 		se_mr		r31,r3
  00000091 03  18               374 	        .d2line         60
  00000078 00  480e             375 		se_li		r30,0
                                376 	.L5790:
  0000007a 00  77c7 063f        377 		e_rlwinm		r7,r30,0,24,31
  0000007e 00  0cf7             378 		se_cmp		r7,r31
  00000080 00  e00d             379 		bc		0,0,.L5788	# ge
  00000092 03  23               380 	        .d2line         61
  00000082 00  4817             381 		se_li		r7,1
  00000084 00  9b71             382 		se_stb		r7,11(r1)
                                383 	#$$vo
  00000093 03  17               384 	        .d2line         62
  00000086 00  7078 0350        385 		e_li		r3,50000
                                386 	#$$fn 0x2 0 0 0x0
                                387 	#$$tl 0x8 0x0 0x0
                                388 	#$$rs 0 s
  0000008a 00  e9df             389 		bl		_delay_cycles
  00000094 03  1b               390 	        .d2line         63
  0000008c 00  4807             391 		se_li		r7,0
  0000008e 00  9b71             392 		se_stb		r7,11(r1)
                                393 	#$$vo
  00000095 03  17               394 	        .d2line         64
  00000090 00  7078 0350        395 		e_li		r3,50000
                                396 	#$$fn 0x2 0 0 0x0
                                397 	#$$tl 0x8 0x0 0x0
                                398 	#$$rs 0 s
  00000094 00  e9da             399 		bl		_delay_cycles
  00000096 03  037c 1a          400 	        .d2line         60
  00000096 00  200e             401 		se_addi		r30,1
  00000099 03  0305 12          402 	        .d2line         65
  00000098 00  e8f1             403 		b		.L5790
                                404 	.L5788:
  0000009c 03  14               405 	        .d2line         67
                                406 	#$$be
  0000009d 03  0200 0b01        407 		.d2epilogue_begin
                                408 	#$$br
  0000009a 00  1bc1 0818        409 		e_lmw		r30,24(r1)
                                410 	#$$er
  0000009e 00  c901             411 		se_lwz		r0,36(r1)
  000000a0 00  0090             412 		se_mtlr		r0
  000000a2 00  21f1             413 		se_addi		r1,32
                                414 	#$$tl 0x0 0x0 0x0
  000000a4 00  0004             415 		se_blr
                                416 	#$$ef
                                417 		.d2_cfa_end 2
                                418 		.section	.debug_info,,n
  0000014d 05  00               419 		.sleb128	0
                                420 	.L5834:
                                421 		.section	.text_vle,,c
                                422 	.L5836:
                                423 		.type		blinkTimes,@function
                                424 		.size		blinkTimes,.-blinkTimes
                                425 	# Number of nodes = 24
                                426 	
                                427 	# Allocations for blinkTimes
                                428 	#	r31		times
                                429 	#	SP,11		LEDx
                                430 	#	r30		i
                                431 	
                                432 	#$$bf
                                433 		.align		2
                                434 		.globl		speedTick
  00000064 02  0000 0014 0000   435 		.d2_cfa_start __local_cie
  0000006a 02  0000 0000 0000       	
  00000070 02  0000 0088            	
                                436 	speedTick:
                                437 		.section	.debug_abbrev,,n
  00000048 04  05               438 		.uleb128	5
  00000049 04  2e               439 		.uleb128	46
  0000004a 04  01               440 		.byte		0x1
  0000004b 04  01               441 		.uleb128	1
  0000004c 04  13               442 		.uleb128	19
  0000004d 04  03               443 		.uleb128	3
  0000004e 04  08               444 		.uleb128	8
  0000004f 04  3a               445 		.uleb128	58
  00000050 04  06               446 		.uleb128	6
  00000051 04  3b               447 		.uleb128	59
  00000052 04  0f               448 		.uleb128	15
  00000053 04  3f               449 		.uleb128	63
  00000054 04  0c               450 		.uleb128	12
  00000055 04  11               451 		.uleb128	17
  00000056 04  01               452 		.uleb128	1
  00000057 04  12               453 		.uleb128	18
  00000058 04  01               454 		.uleb128	1
  00000059 04  00               455 		.uleb128	0
  0000005a 04  00               456 		.uleb128	0
                                457 		.section	.debug_info,,n
                                458 	.L5847:
  0000014e 05  05               459 		.sleb128	5
  0000014f 05  0000 016c        460 		.4byte		.L5844-.L2
  00000153 05  7370 6565 6454   461 		.byte		"speedTick"
  00000159 05  6963 6b              	
  0000015c 05  00               462 		.byte		0
  0000015d 05  0000 0001        463 		.4byte		.L5824
  00000161 05  44               464 		.uleb128	68
  00000162 05  01               465 		.byte		0x1
  00000163 05  0000 0000        466 		.4byte		.L5845
  00000167 05  0000 0000        467 		.4byte		.L5846
                                468 		.section	.text_vle,,c
  000000a1 03  2b               469 	        .d2line         68
                                470 	.L5845:
  000000a8 00  1821 06f0        471 		e_stwu		r1,-16(r1)
  00000074 02  410e 10          472 		.d2_cfa_def_cfa_offset	16
  000000ac 00  0080             473 		se_mflr		r0,lr
  000000ae 00  d501             474 		se_stw		r0,20(r1)
  00000077 02  4111 6c7f        475 		.d2_cfa_offset    108,-1
                                476 	#$$ee
  000000a2 03  0204 0a          477 		.d2prologue_end
  000000a5 03  0f               478 	        .d2line         69
  000000b0 00  50e0 0000        479 		e_lwz		r7,speed@sdarx(r0)
  000000b4 00  1807 a8c8        480 		cmpi		0,0,r7,200
  000000b8 00  e215             481 		bc		0,2,.L5792	# ne
  000000ba 00  4817             482 		se_li		r7,1
  000000bc 00  54e0 0000        483 		e_stw		r7,(dataPacket+4)@sdarx(r0)
  000000c0 00  1961 8008        484 		e_addi		r11,r1,8
  000000c4 00  1d80 0000        485 		e_add16i	r12,r0,dataPacket@sdarx
  000000c8 00  512c 0000        486 	 	e_lwz		r9,0(r12)
  000000cc 00  514c 0004        487 		e_lwz		r10,4(r12)
  000000d0 00  552b 0000        488 		e_stw		r9,0(r11)
  000000d4 00  554b 0004        489 		e_stw		r10,4(r11)
  000000d8 00  1881 8008        490 		e_addi		r4,r1,8
  000000dc 00  4803             491 		se_li		r3,0
                                492 	#$$fn 0x1ff8 0 0 0x1
                                493 	#$$tl 0x18 0x0 0x0
                                494 	#$$rs 4 s
  000000de 00  7800 0001        495 		bl		CAN_Write
                                496 	.L5792:
  000000a6 03  73               497 	        .d2line         70
  000000e2 00  50e0 0000        498 		e_lwz		r7,speed@sdarx(r0)
  000000e6 00  7007 992c        499 		cmpi		0,0,r7,300
  000000ea 00  e405             500 		bc		1,0,.L5794	# lt
  000000ec 00  4817             501 		se_li		r7,1
  000000ee 00  54e0 0000        502 		e_stw		r7,direction@sdarx(r0)
  000000f2 00  e808             503 		b		.L5795
                                504 	.L5794:
  000000a7 03  33               505 	        .d2line         71
  000000f4 00  50e0 0000        506 		e_lwz		r7,speed@sdarx(r0)
  000000f8 00  2a07             507 		se_cmpi		r7,0
  000000fa 00  e504             508 		bc		1,1,.L5795	# gt
  000000fc 00  4807             509 		se_li		r7,0
  000000fe 00  54e0 0000        510 		e_stw		r7,direction@sdarx(r0)
                                511 	.L5795:
  000000a8 03  2b               512 	        .d2line         72
  00000102 00  50e0 0000        513 		e_lwz		r7,direction@sdarx(r0)
  00000106 00  2a17             514 		se_cmpi		r7,1
  00000108 00  e207             515 		bc		0,2,.L5796	# ne
  000000a9 03  1f               516 	        .d2line         73
  0000010a 00  50e0 0000        517 		e_lwz		r7,speed@sdarx(r0)
  0000010e 00  2447             518 		se_subi		r7,5
  00000110 00  54e0 0000        519 		e_stw		r7,speed@sdarx(r0)
  00000114 00  e806             520 		b		.L5797
                                521 	.L5796:
  000000aa 03  28               522 	        .d2line         75
  00000116 00  50e0 0000        523 		e_lwz		r7,speed@sdarx(r0)
  0000011a 00  2047             524 		se_addi		r7,5
  0000011c 00  54e0 0000        525 		e_stw		r7,speed@sdarx(r0)
                                526 	.L5797:
  000000ab 03  24               527 	        .d2line         77
  00000120 00  50e0 0000        528 		e_lwz		r7,speed@sdarx(r0)
  00000124 00  54e0 0000        529 		e_stw		r7,(speedMsgPacket+4)@sdarx(r0)
  000000ac 03  1f               530 	        .d2line         78
                                531 	#$$be
  000000ad 03  0200 0b01        532 		.d2epilogue_begin
  00000128 00  c501             533 		se_lwz		r0,20(r1)
  0000012a 00  0090             534 		se_mtlr		r0
  0000012c 00  20f1             535 		se_addi		r1,16
                                536 	#$$tl 0x0 0x0 0x0
  0000012e 00  0004             537 		se_blr
                                538 	#$$ef
                                539 		.d2_cfa_end 2
                                540 		.section	.debug_info,,n
  0000016b 05  00               541 		.sleb128	0
                                542 	.L5844:
                                543 		.section	.text_vle,,c
                                544 	.L5846:
                                545 		.type		speedTick,@function
                                546 		.size		speedTick,.-speedTick
                                547 	# Number of nodes = 46
                                548 	
                                549 	# Allocations for speedTick
                                550 	#	SP,8		$$1
                                551 	
                                552 	#$$bf
                                553 		.align		2
                                554 		.globl		PITCHANNEL0
  0000007c 02  0000 001c 0000   555 		.d2_cfa_start __local_cie
  00000082 02  0000 0000 0000       	
  00000088 02  0000 0064            	
                                556 	PITCHANNEL0:
                                557 		.section	.debug_info,,n
                                558 	.L5852:
  0000016c 05  05               559 		.sleb128	5
  0000016d 05  0000 018c        560 		.4byte		.L5849-.L2
  00000171 05  5049 5443 4841   561 		.byte		"PITCHANNEL0"
  00000177 05  4e4e 454c 30         	
  0000017c 05  00               562 		.byte		0
  0000017d 05  0000 0001        563 		.4byte		.L5824
  00000181 05  51               564 		.uleb128	81
  00000182 05  01               565 		.byte		0x1
  00000183 05  0000 0000        566 		.4byte		.L5850
  00000187 05  0000 0000        567 		.4byte		.L5851
                                568 		.section	.text_vle,,c
  000000b1 03  0303 1e          569 	        .d2line         81
                                570 	.L5850:
  00000130 00  1821 06e0        571 		e_stwu		r1,-32(r1)
  0000008c 02  410e 20          572 		.d2_cfa_def_cfa_offset	32
  00000134 00  0080             573 		se_mflr		r0,lr
                                574 	#$$br
  00000136 00  1b81 0910        575 		e_stmw		r28,16(r1)
  0000008f 02  419c 049d 039e   576 		.d2_cfa_offset_list	28,31,4,-1
  00000095 02  029f 01              	
                                577 	#$$er
  0000013a 00  d901             578 		se_stw		r0,36(r1)
  00000098 02  116c 7f          579 		.d2_cfa_offset    108,-1
                                580 	#$$ee
  000000b4 03  0206 0a          581 		.d2prologue_end
  0000013c 00  73f8 e3ff        582 		e_lis		r31,50175
  000000b7 03  18               583 	        .d2line         83
  00000140 00  1f9f 010c        584 		e_add16i	r28,r31,268
  00000144 00  c07c             585 		se_lwz		r7,0(r28)
                                586 	#$$vo
  00000146 00  65f7             587 		se_bseti		r7,31
  00000148 00  d07c             588 		se_stw		r7,0(r28)
                                589 	#$$vo
  0000014a 00  73d8 e3f9        590 		e_lis		r30,50169
  000000b8 03  2b               591 	        .d2line         84
  0000014e 00  73b8 e3f9        592 		e_lis		r29,50169
  00000152 00  30dd 0609        593 		e_lbz		r6,1545(r29)
                                594 	#$$vo
  00000156 00  7cc6 30f8        595 		nor		r6,r6,r6
  0000015a 00  34de 0609        596 		e_stb		r6,1545(r30)
                                597 	#$$vo
  000000b9 03  2f               598 	        .d2line         85
  0000015e 00  50e0 0000        599 		e_lwz		r7,speedMessageStatus@sdarx(r0)
  00000162 00  2a07             600 		se_cmpi		r7,0
  00000164 00  e612             601 		bc		1,2,.L5799	# eq
  000000ba 03  1f               602 	        .d2line         86
  00000166 00  1961 8008        603 		e_addi		r11,r1,8
  0000016a 00  1d80 0000        604 		e_add16i	r12,r0,speedMsgPacket@sdarx
  0000016e 00  512c 0000        605 	 	e_lwz		r9,0(r12)
  00000172 00  514c 0004        606 		e_lwz		r10,4(r12)
  00000176 00  552b 0000        607 		e_stw		r9,0(r11)
  0000017a 00  554b 0004        608 		e_stw		r10,4(r11)
  0000017e 00  1881 8008        609 		e_addi		r4,r1,8
  00000182 00  4803             610 		se_li		r3,0
                                611 	#$$fn 0x1ff8 0 0 0x1
                                612 	#$$tl 0x18 0x0 0x0
                                613 	#$$rs 4 s
  00000184 00  7800 0001        614 		bl		CAN_Write
                                615 	.L5799:
  000000bb 03  0303 52          616 	        .d2line         89
                                617 	#$$be
  000000be 03  0200 0b01        618 		.d2epilogue_begin
                                619 	#$$br
  00000188 00  1b81 0810        620 		e_lmw		r28,16(r1)
                                621 	#$$er
  0000018c 00  c901             622 		se_lwz		r0,36(r1)
  0000018e 00  0090             623 		se_mtlr		r0
  00000190 00  21f1             624 		se_addi		r1,32
                                625 	#$$tl 0x0 0x0 0x0
  00000192 00  0004             626 		se_blr
                                627 	#$$ef
                                628 		.d2_cfa_end 2
                                629 		.section	.debug_info,,n
  0000018b 05  00               630 		.sleb128	0
                                631 	.L5849:
                                632 		.section	.text_vle,,c
                                633 	.L5851:
                                634 		.type		PITCHANNEL0,@function
                                635 		.size		PITCHANNEL0,.-PITCHANNEL0
                                636 	# Number of nodes = 20
                                637 	
                                638 	# Allocations for PITCHANNEL0
                                639 	#	SP,8		$$2
                                640 	#	r31		$$3
                                641 	#	r30		$$4
                                642 	#	r29		$$5
                                643 	#	r28		$$6
                                644 	
                                645 	#$$bf
                                646 		.align		2
                                647 		.globl		PITCHANNEL1
  0000009c 02  0000 0018 0000   648 		.d2_cfa_start __local_cie
  000000a2 02  0000 0000 0000       	
  000000a8 02  0000 002a            	
                                649 	PITCHANNEL1:
                                650 		.section	.debug_info,,n
                                651 	.L5857:
  0000018c 05  05               652 		.sleb128	5
  0000018d 05  0000 01ac        653 		.4byte		.L5854-.L2
  00000191 05  5049 5443 4841   654 		.byte		"PITCHANNEL1"
  00000197 05  4e4e 454c 31         	
  0000019c 05  00               655 		.byte		0
  0000019d 05  0000 0001        656 		.4byte		.L5824
  000001a1 05  5b               657 		.uleb128	91
  000001a2 05  01               658 		.byte		0x1
  000001a3 05  0000 0000        659 		.4byte		.L5855
  000001a7 05  0000 0000        660 		.4byte		.L5856
                                661 		.section	.text_vle,,c
  000000c2 03  28               662 	        .d2line         91
                                663 	.L5855:
  00000194 00  1821 06f0        664 		e_stwu		r1,-16(r1)
  000000ac 02  410e 10          665 		.d2_cfa_def_cfa_offset	16
  00000198 00  0080             666 		se_mflr		r0,lr
                                667 	#$$br
  0000019a 00  1bc1 0908        668 		e_stmw		r30,8(r1)
  000000af 02  419e 029f 01     669 		.d2_cfa_offset_list	30,31,2,-1
                                670 	#$$er
  0000019e 00  d501             671 		se_stw		r0,20(r1)
  000000b4 02  116c 7f          672 		.d2_cfa_offset    108,-1
                                673 	#$$ee
  000000c3 03  0206 0a          674 		.d2prologue_end
  000001a0 00  73f8 e3ff        675 		e_lis		r31,50175
  000000c6 03  18               676 	        .d2line         93
  000001a4 00  1fdf 011c        677 		e_add16i	r30,r31,284
  000001a8 00  c07e             678 		se_lwz		r7,0(r30)
                                679 	#$$vo
  000001aa 00  65f7             680 		se_bseti		r7,31
  000001ac 00  d07e             681 		se_stw		r7,0(r30)
                                682 	#$$vo
  000000c7 03  23               683 	        .d2line         94
                                684 	#$$fn 0x1ff8 0 0 0x1
                                685 	#$$tl 0x0 0x0 0x0
                                686 	#$$rs 0 s
  000001ae 00  79ff fefb        687 		bl		speedTick
  000000c8 03  18               688 	        .d2line         96
                                689 	#$$be
  000000c9 03  0200 0b01        690 		.d2epilogue_begin
                                691 	#$$br
  000001b2 00  1bc1 0808        692 		e_lmw		r30,8(r1)
                                693 	#$$er
  000001b6 00  c501             694 		se_lwz		r0,20(r1)
  000001b8 00  0090             695 		se_mtlr		r0
  000001ba 00  20f1             696 		se_addi		r1,16
                                697 	#$$tl 0x0 0x0 0x0
  000001bc 00  0004             698 		se_blr
                                699 	#$$ef
                                700 		.d2_cfa_end 2
                                701 		.section	.debug_info,,n
  000001ab 05  00               702 		.sleb128	0
                                703 	.L5854:
                                704 		.section	.text_vle,,c
                                705 	.L5856:
                                706 		.type		PITCHANNEL1,@function
                                707 		.size		PITCHANNEL1,.-PITCHANNEL1
                                708 	# Number of nodes = 7
                                709 	
                                710 	# Allocations for PITCHANNEL1
                                711 	#	r31		$$7
                                712 	#	r30		$$8
                                713 	
                                714 	#$$bf
                                715 		.align		2
                                716 		.globl		FLEXCAN_BUF_00_03
  000000b8 02  0000 0024 0000   717 		.d2_cfa_start __local_cie
  000000be 02  0000 0000 0000       	
  000000c4 02  0000 0052            	
                                718 	FLEXCAN_BUF_00_03:
                                719 		.section	.debug_info,,n
                                720 	.L5862:
  000001ac 05  05               721 		.sleb128	5
  000001ad 05  0000 01d2        722 		.4byte		.L5859-.L2
  000001b1 05  464c 4558 4341   723 		.byte		"FLEXCAN_BUF_00_03"
  000001b7 05  4e5f 4255 465f       	
  000001bd 05  3030 5f30 33         	
  000001c2 05  00               724 		.byte		0
  000001c3 05  0000 0001        725 		.4byte		.L5824
  000001c7 05  62               726 		.uleb128	98
  000001c8 05  01               727 		.byte		0x1
  000001c9 05  0000 0000        728 		.4byte		.L5860
  000001cd 05  0000 0000        729 		.4byte		.L5861
                                730 		.section	.text_vle,,c
  000000cd 03  2c               731 	        .d2line         98
                                732 	.L5860:
  000001c0 00  1821 06d0        733 		e_stwu		r1,-48(r1)
  000000c8 02  410e 30          734 		.d2_cfa_def_cfa_offset	48
  000001c4 00  0080             735 		se_mflr		r0,lr
                                736 	#$$br
  000001c6 00  1b01 0910        737 		e_stmw		r24,16(r1)
  000000cb 02  4198 0899 079a   738 		.d2_cfa_offset_list	24,31,8,-1
  000000d1 02  069b 059c 049d       	
  000000d7 02  039e 029f 01         	
                                739 	#$$er
  000001ca 00  dd01             740 		se_stw		r0,52(r1)
  000000dc 02  116c 7f          741 		.d2_cfa_offset    108,-1
                                742 	#$$ee
  000000ce 03  0206 0a          743 		.d2prologue_end
  000001cc 00  73e0 6000        744 		e_li		r31,-262144
  000000d1 03  17               745 	        .d2line         99
  000001d0 00  1b7f 8030        746 		e_addi		r27,r31,48
  000001d4 00  c07b             747 		se_lwz		r7,0(r27)
                                748 	#$$vo
  000001d6 00  65f7             749 		se_bseti		r7,31
  000001d8 00  d07b             750 		se_stw		r7,0(r27)
                                751 	#$$vo
  000001da 00  73c0 6000        752 		e_li		r30,-262144
  000000d2 03  2b               753 	        .d2line         100
  000001de 00  1b5e 8030        754 		e_addi		r26,r30,48
  000001e2 00  c06a             755 		se_lwz		r6,0(r26)
                                756 	#$$vo
  000001e4 00  65e6             757 		se_bseti		r6,30
  000001e6 00  d06a             758 		se_stw		r6,0(r26)
                                759 	#$$vo
  000001e8 00  73a0 6000        760 		e_li		r29,-262144
  000000d3 03  2b               761 	        .d2line         101
  000001ec 00  1b3d 8030        762 		e_addi		r25,r29,48
  000001f0 00  c079             763 		se_lwz		r7,0(r25)
                                764 	#$$vo
  000001f2 00  65d7             765 		se_bseti		r7,29
  000001f4 00  d079             766 		se_stw		r7,0(r25)
                                767 	#$$vo
  000001f6 00  7380 6000        768 		e_li		r28,-262144
  000000d4 03  2b               769 	        .d2line         102
  000001fa 00  1b1c 8030        770 		e_addi		r24,r28,48
  000001fe 00  c068             771 		se_lwz		r6,0(r24)
                                772 	#$$vo
  00000200 00  65c6             773 		se_bseti		r6,28
  00000202 00  d068             774 		se_stw		r6,0(r24)
                                775 	#$$vo
  000000d5 03  23               776 	        .d2line         103
                                777 	#$$be
  000000d6 03  0200 0b01        778 		.d2epilogue_begin
                                779 	#$$br
  00000204 00  1b01 0810        780 		e_lmw		r24,16(r1)
                                781 	#$$er
  00000208 00  cd01             782 		se_lwz		r0,52(r1)
  0000020a 00  0090             783 		se_mtlr		r0
  0000020c 00  1821 8030        784 		e_addi		r1,r1,48
                                785 	#$$tl 0x0 0x0 0x0
  00000210 00  0004             786 		se_blr
                                787 	#$$ef
                                788 		.d2_cfa_end 2
                                789 		.section	.debug_info,,n
  000001d1 05  00               790 		.sleb128	0
                                791 	.L5859:
                                792 		.section	.text_vle,,c
                                793 	.L5861:
                                794 		.type		FLEXCAN_BUF_00_03,@function
                                795 		.size		FLEXCAN_BUF_00_03,.-FLEXCAN_BUF_00_03
                                796 	# Number of nodes = 20
                                797 	
                                798 	# Allocations for FLEXCAN_BUF_00_03
                                799 	#	r31		$$9
                                800 	#	r30		$$10
                                801 	#	r29		$$11
                                802 	#	r28		$$12
                                803 	#	r27		$$13
                                804 	#	r26		$$14
                                805 	#	r25		$$15
                                806 	#	r24		$$16
                                807 	
                                808 	#$$bf
                                809 		.align		2
                                810 		.globl		FLEXCAN_BUF_04_07
  000000e0 02  0000 0038 0000   811 		.d2_cfa_start __local_cie
  000000e6 02  0000 0000 0000       	
  000000ec 02  0000 00ee            	
                                812 	FLEXCAN_BUF_04_07:
                                813 		.section	.debug_info,,n
                                814 	.L5868:
  000001d2 05  05               815 		.sleb128	5
  000001d3 05  0000 01f8        816 		.4byte		.L5865-.L2
  000001d7 05  464c 4558 4341   817 		.byte		"FLEXCAN_BUF_04_07"
  000001dd 05  4e5f 4255 465f       	
  000001e3 05  3034 5f30 37         	
  000001e8 05  00               818 		.byte		0
  000001e9 05  0000 0001        819 		.4byte		.L5824
  000001ed 05  69               820 		.uleb128	105
  000001ee 05  01               821 		.byte		0x1
  000001ef 05  0000 0000        822 		.4byte		.L5866
  000001f3 05  0000 0000        823 		.4byte		.L5867
                                824 		.section	.text_vle,,c
  000000da 03  30               825 	        .d2line         105
                                826 	.L5866:
  00000214 00  1821 06b0        827 		e_stwu		r1,-80(r1)
  000000f0 02  410e 50          828 		.d2_cfa_def_cfa_offset	80
  00000218 00  0080             829 		se_mflr		r0,lr
                                830 	#$$br
  0000021a 00  19c1 0908        831 		e_stmw		r14,8(r1)
  000000f3 02  418e 128f 1190   832 		.d2_cfa_offset_list	14,31,18,-1
  000000f9 02  1091 0f92 0e93       	
  000000ff 02  0d94 0c95 0b96       	
  00000105 02  0a97 0998 0899       	
  0000010b 02  079a 069b 059c       	
  00000111 02  049d                 	
                                833 	#$$er
  0000021e 00  5401 0054        834 		e_stw		r0,84(r1)
  00000118 02  4111 6c7f        835 		.d2_cfa_offset    108,-1
                                836 	#$$ee
  000000db 03  0207 0a          837 		.d2prologue_end
  00000222 00  73e0 6000        838 		e_li		r31,-262144
  000000de 03  17               839 	        .d2line         106
  00000226 00  cc6f             840 		se_lwz		r6,48(r31)
                                841 	#$$vo
  00000228 00  67a6             842 		se_btsti		r6,26
  0000022a 00  e636             843 		bc		1,2,.L5863	# eq
  0000022c 00  73d8 e3f9        844 		e_lis		r30,50169
  000000df 03  23               845 	        .d2line         107
  00000230 00  73b8 e3f9        846 		e_lis		r29,50169
  00000234 00  30fd 063d        847 		e_lbz		r7,1597(r29)
                                848 	#$$vo
  00000238 00  7ce7 38f8        849 		nor		r7,r7,r7
  0000023c 00  34fe 063d        850 		e_stb		r7,1597(r30)
                                851 	#$$vo
  00000240 00  7380 6000        852 		e_li		r28,-262144
  000000e0 03  38               853 	        .d2line         109
  00000244 00  50fc 0084        854 		e_lwz		r7,132(r28)
                                855 	#$$vo
  00000248 00  74eb 757f        856 		e_rlwinm		r11,r7,14,21,31
  0000024c 00  180b a801        857 		cmpi		0,0,r11,1
  00000250 00  e613             858 		bc		1,2,.L5806
  00000252 00  180b a8ff        859 		cmpi		0,0,r11,255
  00000256 00  e602             860 		bc		1,2,.L5804
  00000258 00  e81f             861 		b		.L5807
                                862 	.L5804:
  000000e1 03  3b               863 	        .d2line         110
  0000025a 00  7360 6000        864 		e_li		r27,-262144
  000000e2 03  17               865 	        .d2line         111
  0000025e 00  30db 0088        866 		e_lbz		r6,136(r27)
                                867 	#$$vo
  00000262 00  2a06             868 		se_cmpi		r6,0
  00000264 00  e619             869 		bc		1,2,.L5807	# eq
  00000266 00  7358 e3f9        870 		e_lis		r26,50169
  000000e3 03  28               871 	        .d2line         113
  0000026a 00  309a 062a        872 		e_lbz		r4,1578(r26)
                                873 	#$$vo
  0000026e 00  48a3             874 		se_li		r3,10
                                875 	#$$fn 0x88 0 0 0x0
                                876 	#$$tl 0x18 0x0 0x0
                                877 	#$$rs 0 s
  00000270 00  79ff fdf9        878 		bl		blinkTimes
  000000e4 03  24               879 	        .d2line         115
  00000274 00  e811             880 		b		.L5807
                                881 	.L5806:
  000000e5 03  13               882 	        .d2line         116
  000000e6 03  0f               883 	        .d2line         117
  00000276 00  50e0 0000        884 		e_lwz		r7,speedMessageStatus@sdarx(r0)
  0000027a 00  7ce7 38f8        885 		nor		r7,r7,r7
  0000027e 00  54e0 0000        886 		e_stw		r7,speedMessageStatus@sdarx(r0)
  00000282 00  7338 e3f9        887 		e_lis		r25,50169
  000000e7 03  2f               888 	        .d2line         118
  00000286 00  7318 e3f9        889 		e_lis		r24,50169
  0000028a 00  30d8 060d        890 		e_lbz		r6,1549(r24)
                                891 	#$$vo
  0000028e 00  7cc6 30f8        892 		nor		r6,r6,r6
  00000292 00  34d9 060d        893 		e_stb		r6,1549(r25)
                                894 	#$$vo
                                895 	.L5807:
                                896 	.L5863:
  00000296 00  72f8 e3f9        897 		e_lis		r23,50169
  000000e8 03  0305 36          898 	        .d2line         123
  0000029a 00  72d8 e3f9        899 		e_lis		r22,50169
  0000029e 00  30f6 063b        900 		e_lbz		r7,1595(r22)
                                901 	#$$vo
  000002a2 00  7ce7 38f8        902 		nor		r7,r7,r7
  000002a6 00  34f7 063b        903 		e_stb		r7,1595(r23)
                                904 	#$$vo
  000002aa 00  72a0 6000        905 		e_li		r21,-262144
  000000eb 03  37               906 	        .d2line         124
  000002ae 00  1a35 8030        907 		e_addi		r17,r21,48
  000002b2 00  50d1 0000        908 		e_lwz		r6,0(r17)
                                909 	#$$vo
  000002b6 00  65b6             910 		se_bseti		r6,27
  000002b8 00  54d1 0000        911 		e_stw		r6,0(r17)
                                912 	#$$vo
  000002bc 00  7280 6000        913 		e_li		r20,-262144
  000000ec 03  33               914 	        .d2line         125
  000002c0 00  1a14 8030        915 		e_addi		r16,r20,48
  000002c4 00  50f0 0000        916 		e_lwz		r7,0(r16)
                                917 	#$$vo
  000002c8 00  65a7             918 		se_bseti		r7,26
  000002ca 00  54f0 0000        919 		e_stw		r7,0(r16)
                                920 	#$$vo
  000002ce 00  7260 6000        921 		e_li		r19,-262144
  000000ed 03  33               922 	        .d2line         126
  000002d2 00  19f3 8030        923 		e_addi		r15,r19,48
  000002d6 00  50cf 0000        924 		e_lwz		r6,0(r15)
                                925 	#$$vo
  000002da 00  6596             926 		se_bseti		r6,25
  000002dc 00  54cf 0000        927 		e_stw		r6,0(r15)
                                928 	#$$vo
  000002e0 00  7240 6000        929 		e_li		r18,-262144
  000000ee 03  33               930 	        .d2line         127
  000002e4 00  19d2 8030        931 		e_addi		r14,r18,48
  000002e8 00  50ee 0000        932 		e_lwz		r7,0(r14)
                                933 	#$$vo
  000002ec 00  6587             934 		se_bseti		r7,24
  000002ee 00  54ee 0000        935 		e_stw		r7,0(r14)
                                936 	#$$vo
  000000ef 03  2b               937 	        .d2line         128
                                938 	#$$be
  000000f0 03  0200 0b01        939 		.d2epilogue_begin
                                940 	#$$br
  000002f2 00  19c1 0808        941 		e_lmw		r14,8(r1)
                                942 	#$$er
  000002f6 00  5001 0054        943 		e_lwz		r0,84(r1)
  000002fa 00  0090             944 		se_mtlr		r0
  000002fc 00  1821 8050        945 		e_addi		r1,r1,80
                                946 	#$$tl 0x0 0x0 0x0
  00000300 00  0004             947 		se_blr
                                948 	#$$ef
                                949 		.d2_cfa_end 2
                                950 		.section	.debug_info,,n
  000001f7 05  00               951 		.sleb128	0
                                952 	.L5865:
                                953 		.section	.text_vle,,c
                                954 	.L5867:
                                955 		.type		FLEXCAN_BUF_04_07,@function
                                956 		.size		FLEXCAN_BUF_04_07,.-FLEXCAN_BUF_04_07
                                957 	# Number of nodes = 66
                                958 	
                                959 	# Allocations for FLEXCAN_BUF_04_07
                                960 	#	r31		$$17
                                961 	#	r30		$$18
                                962 	#	r29		$$19
                                963 	#	r28		$$20
                                964 	#	r27		$$21
                                965 	#	r26		$$22
                                966 	#	r25		$$23
                                967 	#	r24		$$24
                                968 	#	r23		$$25
                                969 	#	r22		$$26
                                970 	#	r21		$$27
                                971 	#	r20		$$28
                                972 	#	r19		$$29
                                973 	#	r18		$$30
                                974 	#	r17		$$31
                                975 	#	r16		$$32
                                976 	#	r15		$$33
                                977 	#	r14		$$34
                                978 	
                                979 	#$$bf
                                980 		.align		2
                                981 		.globl		FLEXCAN_BUF_08_11
  0000011c 02  0000 002c 0000   982 		.d2_cfa_start __local_cie
  00000122 02  0000 0000 0000       	
  00000128 02  0000 007a            	
                                983 	FLEXCAN_BUF_08_11:
                                984 		.section	.debug_info,,n
                                985 	.L5873:
  000001f8 05  05               986 		.sleb128	5
  000001f9 05  0000 021f        987 		.4byte		.L5870-.L2
  000001fd 05  464c 4558 4341   988 		.byte		"FLEXCAN_BUF_08_11"
  00000203 05  4e5f 4255 465f       	
  00000209 05  3038 5f31 31         	
  0000020e 05  00               989 		.byte		0
  0000020f 05  0000 0001        990 		.4byte		.L5824
  00000213 05  8201             991 		.uleb128	130
  00000215 05  01               992 		.byte		0x1
  00000216 05  0000 0000        993 		.4byte		.L5871
  0000021a 05  0000 0000        994 		.4byte		.L5872
                                995 		.section	.text_vle,,c
  000000f4 03  34               996 	        .d2line         130
                                997 	.L5871:
  00000304 00  1821 06c0        998 		e_stwu		r1,-64(r1)
  0000012c 02  410e 40          999 		.d2_cfa_def_cfa_offset	64
  00000308 00  0080            1000 		se_mflr		r0,lr
                               1001 	#$$br
  0000030a 00  1aa1 0914       1002 		e_stmw		r21,20(r1)
  0000012f 02  4195 0b96 0a97  1003 		.d2_cfa_offset_list	21,31,11,-1
  00000135 02  0998 0899 079a       	
  0000013b 02  069b 059c 049d       	
  00000141 02  039e 029f 01         	
                               1004 	#$$er
  0000030e 00  5401 0044       1005 		e_stw		r0,68(r1)
  00000146 02  4111 6c7f       1006 		.d2_cfa_offset    108,-1
                               1007 	#$$ee
  000000f5 03  0207 0a         1008 		.d2prologue_end
  00000312 00  73e0 6000       1009 		e_li		r31,-262144
  000000f8 03  18              1010 	        .d2line         132
  00000316 00  cc6f            1011 		se_lwz		r6,48(r31)
                               1012 	#$$vo
  00000318 00  6766            1013 		se_btsti		r6,22
  0000031a 00  e608            1014 		bc		1,2,.L5809	# eq
  0000031c 00  73c0 6000       1015 		e_li		r30,-262144
  000000f9 03  24              1016 	        .d2line         134
  00000320 00  1b3e 8030       1017 		e_addi		r25,r30,48
  00000324 00  c079            1018 		se_lwz		r7,0(r25)
                               1019 	#$$vo
  00000326 00  6567            1020 		se_bseti		r7,22
  00000328 00  d079            1021 		se_stw		r7,0(r25)
                               1022 	#$$vo
                               1023 	.L5809:
  0000032a 00  73a0 6000       1024 		e_li		r29,-262144
  000000fa 03  2c              1025 	        .d2line         136
  0000032e 00  1b1d 8030       1026 		e_addi		r24,r29,48
  00000332 00  c078            1027 		se_lwz		r7,0(r24)
                               1028 	#$$vo
  00000334 00  6567            1029 		se_bseti		r7,22
  00000336 00  d078            1030 		se_stw		r7,0(r24)
                               1031 	#$$vo
  00000338 00  7380 6000       1032 		e_li		r28,-262144
  000000fb 03  2b              1033 	        .d2line         137
  0000033c 00  1afc 8030       1034 		e_addi		r23,r28,48
  00000340 00  50d7 0000       1035 		e_lwz		r6,0(r23)
                               1036 	#$$vo
  00000344 00  6576            1037 		se_bseti		r6,23
  00000346 00  54d7 0000       1038 		e_stw		r6,0(r23)
                               1039 	#$$vo
  0000034a 00  7360 6000       1040 		e_li		r27,-262144
  000000fc 03  33              1041 	        .d2line         138
  0000034e 00  1adb 8030       1042 		e_addi		r22,r27,48
  00000352 00  50f6 0000       1043 		e_lwz		r7,0(r22)
                               1044 	#$$vo
  00000356 00  6557            1045 		se_bseti		r7,21
  00000358 00  54f6 0000       1046 		e_stw		r7,0(r22)
                               1047 	#$$vo
  0000035c 00  7340 6000       1048 		e_li		r26,-262144
  000000fd 03  33              1049 	        .d2line         139
  00000360 00  1aba 8030       1050 		e_addi		r21,r26,48
  00000364 00  50d5 0000       1051 		e_lwz		r6,0(r21)
                               1052 	#$$vo
  00000368 00  6546            1053 		se_bseti		r6,20
  0000036a 00  54d5 0000       1054 		e_stw		r6,0(r21)
                               1055 	#$$vo
  000000fe 03  2b              1056 	        .d2line         140
                               1057 	#$$be
  000000ff 03  0200 0b01       1058 		.d2epilogue_begin
                               1059 	#$$br
  0000036e 00  1aa1 0814       1060 		e_lmw		r21,20(r1)
                               1061 	#$$er
  00000372 00  5001 0044       1062 		e_lwz		r0,68(r1)
  00000376 00  0090            1063 		se_mtlr		r0
  00000378 00  1821 8040       1064 		e_addi		r1,r1,64
                               1065 	#$$tl 0x0 0x0 0x0
  0000037c 00  0004            1066 		se_blr
                               1067 	#$$ef
                               1068 		.d2_cfa_end 2
                               1069 		.section	.debug_info,,n
  0000021e 05  00              1070 		.sleb128	0
                               1071 	.L5870:
                               1072 		.section	.text_vle,,c
                               1073 	.L5872:
                               1074 		.type		FLEXCAN_BUF_08_11,@function
                               1075 		.size		FLEXCAN_BUF_08_11,.-FLEXCAN_BUF_08_11
                               1076 	# Number of nodes = 30
                               1077 	
                               1078 	# Allocations for FLEXCAN_BUF_08_11
                               1079 	#	r31		$$35
                               1080 	#	r30		$$36
                               1081 	#	r29		$$37
                               1082 	#	r28		$$38
                               1083 	#	r27		$$39
                               1084 	#	r26		$$40
                               1085 	#	r25		$$41
                               1086 	#	r24		$$42
                               1087 	#	r23		$$43
                               1088 	#	r22		$$44
                               1089 	#	r21		$$45
                               1090 	
                               1091 	#$$bf
                               1092 		.align		2
                               1093 		.globl		FLEXCAN_BUF_12_15
  0000014c 02  0000 0024 0000  1094 		.d2_cfa_start __local_cie
  00000152 02  0000 0000 0000       	
  00000158 02  0000 0052            	
                               1095 	FLEXCAN_BUF_12_15:
                               1096 		.section	.debug_info,,n
                               1097 	.L5878:
  0000021f 05  05              1098 		.sleb128	5
  00000220 05  0000 0246       1099 		.4byte		.L5875-.L2
  00000224 05  464c 4558 4341  1100 		.byte		"FLEXCAN_BUF_12_15"
  0000022a 05  4e5f 4255 465f       	
  00000230 05  3132 5f31 35         	
  00000235 05  00              1101 		.byte		0
  00000236 05  0000 0001       1102 		.4byte		.L5824
  0000023a 05  8e01            1103 		.uleb128	142
  0000023c 05  01              1104 		.byte		0x1
  0000023d 05  0000 0000       1105 		.4byte		.L5876
  00000241 05  0000 0000       1106 		.4byte		.L5877
                               1107 		.section	.text_vle,,c
  00000103 03  34              1108 	        .d2line         142
                               1109 	.L5876:
  00000380 00  1821 06d0       1110 		e_stwu		r1,-48(r1)
  0000015c 02  410e 30         1111 		.d2_cfa_def_cfa_offset	48
  00000384 00  0080            1112 		se_mflr		r0,lr
                               1113 	#$$br
  00000386 00  1b01 0910       1114 		e_stmw		r24,16(r1)
  0000015f 02  4198 0899 079a  1115 		.d2_cfa_offset_list	24,31,8,-1
  00000165 02  069b 059c 049d       	
  0000016b 02  039e 029f 01         	
                               1116 	#$$er
  0000038a 00  dd01            1117 		se_stw		r0,52(r1)
  00000170 02  116c 7f         1118 		.d2_cfa_offset    108,-1
                               1119 	#$$ee
  00000104 03  0206 0a         1120 		.d2prologue_end
  0000038c 00  73e0 6000       1121 		e_li		r31,-262144
  00000107 03  17              1122 	        .d2line         143
  00000390 00  1b7f 8030       1123 		e_addi		r27,r31,48
  00000394 00  c07b            1124 		se_lwz		r7,0(r27)
                               1125 	#$$vo
  00000396 00  6537            1126 		se_bseti		r7,19
  00000398 00  d07b            1127 		se_stw		r7,0(r27)
                               1128 	#$$vo
  0000039a 00  73c0 6000       1129 		e_li		r30,-262144
  00000108 03  2b              1130 	        .d2line         144
  0000039e 00  1b5e 8030       1131 		e_addi		r26,r30,48
  000003a2 00  c06a            1132 		se_lwz		r6,0(r26)
                               1133 	#$$vo
  000003a4 00  6526            1134 		se_bseti		r6,18
  000003a6 00  d06a            1135 		se_stw		r6,0(r26)
                               1136 	#$$vo
  000003a8 00  73a0 6000       1137 		e_li		r29,-262144
  00000109 03  2b              1138 	        .d2line         145
  000003ac 00  1b3d 8030       1139 		e_addi		r25,r29,48
  000003b0 00  c079            1140 		se_lwz		r7,0(r25)
                               1141 	#$$vo
  000003b2 00  6517            1142 		se_bseti		r7,17
  000003b4 00  d079            1143 		se_stw		r7,0(r25)
                               1144 	#$$vo
  000003b6 00  7380 6000       1145 		e_li		r28,-262144
  0000010a 03  2b              1146 	        .d2line         146
  000003ba 00  1b1c 8030       1147 		e_addi		r24,r28,48
  000003be 00  c068            1148 		se_lwz		r6,0(r24)
                               1149 	#$$vo
  000003c0 00  6506            1150 		se_bseti		r6,16
  000003c2 00  d068            1151 		se_stw		r6,0(r24)
                               1152 	#$$vo
  0000010b 03  23              1153 	        .d2line         147
                               1154 	#$$be
  0000010c 03  0200 0b01       1155 		.d2epilogue_begin
                               1156 	#$$br
  000003c4 00  1b01 0810       1157 		e_lmw		r24,16(r1)
                               1158 	#$$er
  000003c8 00  cd01            1159 		se_lwz		r0,52(r1)
  000003ca 00  0090            1160 		se_mtlr		r0
  000003cc 00  1821 8030       1161 		e_addi		r1,r1,48
                               1162 	#$$tl 0x0 0x0 0x0
  000003d0 00  0004            1163 		se_blr
                               1164 	#$$ef
                               1165 		.d2_cfa_end 2
                               1166 		.section	.debug_info,,n
  00000245 05  00              1167 		.sleb128	0
                               1168 	.L5875:
                               1169 		.section	.text_vle,,c
                               1170 	.L5877:
                               1171 		.type		FLEXCAN_BUF_12_15,@function
                               1172 		.size		FLEXCAN_BUF_12_15,.-FLEXCAN_BUF_12_15
                               1173 	# Number of nodes = 20
                               1174 	
                               1175 	# Allocations for FLEXCAN_BUF_12_15
                               1176 	#	r31		$$46
                               1177 	#	r30		$$47
                               1178 	#	r29		$$48
                               1179 	#	r28		$$49
                               1180 	#	r27		$$50
                               1181 	#	r26		$$51
                               1182 	#	r25		$$52
                               1183 	#	r24		$$53
                               1184 		.section	.abs.00000040,,c
                               1185 	
                               1186 	#$$bf
                               1187 		.align		2
                               1188 		.globl		Ext_Isr
  00000174 02  0000 0030 0000  1189 		.d2_cfa_start __local_cie
  0000017a 02  0000 0000 0000       	
  00000180 02  0000 00e4            	
                               1190 	Ext_Isr:
                               1191 		.section	.debug_line.abs.00000040,,n
                               1192 		.sectionlink	.debug_line
                               1193 	.L5887:
                               1194 		.section	.abs.00000040,,c
                               1195 	.L5883:
  00000000 07                  1196 		.0byte		.L5881
  00000000 09  0000 0090 0002  1197 		.d2_line_start	.debug_line.abs.00000040
  00000006 09  0000 0013 0201       	
  0000000c 09  ff04 0d00 0101       	
  00000012 09  0101 0000 0001       	
  00000018 09  0000 0100 00         	
                               1198 		.section	.debug_info.abs.00000040,,n
                               1199 		.sectionlink	.debug_info
                               1200 	.L5881:
  00000000 0a  0000 00bf       1201 		.4byte		.L5882-.L5880
                               1202 	.L5880:
  00000004 0a  0002            1203 		.2byte		0x2
  00000006 0a  0000 0000       1204 		.4byte		.L9
  0000000a 0a  04              1205 		.byte		0x4
  0000000b 0a  01              1206 		.sleb128	1
  0000000c 0a  0000 00c2       1207 		.4byte		.L5886-.L5881
  00000010 0a  433a 5c55 7365  1208 		.byte		"C:\\Users\\ASE-Lab\\Desktop\\ASEUnit2\\Template\\src\\main.c"
  00000016 0a  7273 5c41 5345       	
  0000001c 0a  2d4c 6162 5c44       	
  00000022 0a  6573 6b74 6f70       	
  00000028 0a  5c41 5345 556e       	
  0000002e 0a  6974                 	
  00000045 0a  00              1209 		.byte		0
  00000046 0a  4469 6162 2044  1210 		.byte		"Diab Data, Inc:dcc Rel 5.7.0.0:PPC5534"
  0000004c 0a  6174 612c 2049       	
  00000052 0a  6e63 3a64 6363       	
  00000058 0a  2052 656c 2035       	
  0000005e 0a  2e37 2e30 2e30       	
  00000064 0a  3a50                 	
  0000006c 0a  00              1211 		.byte		0
  0000006d 0a  433a 5c55 7365  1212 		.byte		"C:\\Users\\ASE-Lab\\Desktop\\ASEUnit2\\Template"
  00000073 0a  7273 5c41 5345       	
  00000079 0a  2d4c 6162 5c44       	
  0000007f 0a  6573 6b74 6f70       	
  00000085 0a  5c41 5345 556e       	
  0000008b 0a  6974                 	
  00000097 0a  00              1213 		.byte		0
  00000098 0a  01              1214 		.uleb128	1
  00000099 0a  0000 0000       1215 		.4byte		.L5883
  0000009d 0a  0000 0000       1216 		.4byte		.L5884
  000000a1 0a  0000 0000       1217 		.4byte		.L5887
                               1218 	.L5893:
  000000a5 0a  05              1219 		.sleb128	5
  000000a6 0a  0000 00c2       1220 		.4byte		.L5889-.L5881
  000000aa 0a  4578 745f 4973  1221 		.byte		"Ext_Isr"
  000000b0 0a  72                   	
  000000b1 0a  00              1222 		.byte		0
  000000b2 0a  0000 0001       1223 		.4byte		.L5892
  000000b6 0a  a301            1224 		.uleb128	163
  000000b8 0a  01              1225 		.byte		0x1
  000000b9 0a  0000 0000       1226 		.4byte		.L5890
  000000bd 0a  0000 0000       1227 		.4byte		.L5891
                               1228 		.section	.abs.00000040,,c
  0000001d 09  0041 0343 3a5c  1229 		.d2file		"C:\\Users\\ASE-Lab\\Desktop\\ASEUnit2\\Template\\src\\main.c"
  00000023 09  5c55 7365 7273       	
  00000029 09  5c5c 4153 452d       	
  0000002f 09  4c61 625c 5c44       	
  00000035 09  6573 6b74 6f70       	
  0000003b 09  5c5c                 	
  00000062 09  0005 0200 0000  1230 	        .d2line         163
  00000068 09  0003 a201 0e         	
                               1231 	.L5890:
  00000000 07  1821 06b0       1232 		e_stwu		r1,-80(r1)
  00000184 02  410e 50         1233 		.d2_cfa_def_cfa_offset	80
  00000004 07  d201            1234 		se_stw		r0,8(r1)
  00000006 07  00a0            1235 		se_mfctr		r0,ctr
  00000008 07  d301            1236 		se_stw		r0,12(r1)
  0000000a 07  7c01 02a6       1237 		mfspr		r0,xer
  0000000e 07  d401            1238 		se_stw		r0,16(r1)
  00000010 07  7c00 0026       1239 		mfcr		r0
  00000014 07  d501            1240 		se_stw		r0,20(r1)
  00000016 07  0080            1241 		se_mflr		r0,lr
  00000018 07  d601            1242 		se_stw		r0,24(r1)
                               1243 	#$$br
  0000001a 07  d831            1244 		se_stw		r3,32(r1)
  00000187 02  4683 0c         1245 		.d2_cfa_offset	3,12
  0000001c 07  d941            1246 		se_stw		r4,36(r1)
  0000018a 02  840b            1247 		.d2_cfa_offset	4,11
  0000001e 07  da51            1248 		se_stw		r5,40(r1)
  0000018c 02  850a            1249 		.d2_cfa_offset	5,10
  00000020 07  db61            1250 		se_stw		r6,44(r1)
  0000018e 02  8609            1251 		.d2_cfa_offset	6,9
  00000022 07  dc71            1252 		se_stw		r7,48(r1)
  00000190 02  8708            1253 		.d2_cfa_offset	7,8
  00000024 07  5501 0034       1254 		e_stw		r8,52(r1)
  00000192 02  4188 07         1255 		.d2_cfa_offset	8,7
  00000028 07  5521 0038       1256 		e_stw		r9,56(r1)
  00000195 02  4189 06         1257 		.d2_cfa_offset	9,6
  0000002c 07  5541 003c       1258 		e_stw		r10,60(r1)
  00000198 02  418a 05         1259 		.d2_cfa_offset	10,5
  00000030 07  5561 0040       1260 		e_stw		r11,64(r1)
  0000019b 02  418b 04         1261 		.d2_cfa_offset	11,4
  00000034 07  5581 0044       1262 		e_stw		r12,68(r1)
  0000019e 02  418c 03         1263 		.d2_cfa_offset	12,3
  00000038 07  57c1 0048       1264 		e_stw		r30,72(r1)
  000001a1 02  419e 02         1265 		.d2_cfa_offset	30,2
  0000003c 07  57e1 004c       1266 		e_stw		r31,76(r1)
  000001a4 02  419f 01         1267 		.d2_cfa_offset	31,1
                               1268 	#$$er
                               1269 	#$$ee
  0000006d 09  0220 0a         1270 		.d2prologue_end
  00000040 07  73ff e7f5       1271 		e_lis		r31,65525
  00000070 09  17              1272 	        .d2line         164
  00000044 07  50df 8010       1273 		e_lwz		r6,-32752(r31)
                               1274 	#$$vo
  00000048 07  74cb f5ff       1275 		e_rlwinm		r11,r6,30,23,31
  0000004c 07  180b a845       1276 		cmpi		0,0,r11,69
  00000050 07  e50c            1277 		bc		1,1,.L5894
  00000052 07  e61b            1278 		bc		1,2,.L5816
  00000054 07  180b a83b       1279 		cmpi		0,0,r11,59
  00000058 07  e60f            1280 		bc		1,2,.L5813
  0000005a 07  180b a83c       1281 		cmpi		0,0,r11,60
  0000005e 07  e60f            1282 		bc		1,2,.L5814
  00000060 07  180b a844       1283 		cmpi		0,0,r11,68
  00000064 07  e60f            1284 		bc		1,2,.L5815
  00000066 07  e819            1285 		b		.L5812
                               1286 	.L5894:
  00000068 07  180b a846       1287 		cmpi		0,0,r11,70
  0000006c 07  e611            1288 		bc		1,2,.L5817
  0000006e 07  180b a847       1289 		cmpi		0,0,r11,71
  00000072 07  e611            1290 		bc		1,2,.L5818
  00000074 07  e812            1291 		b		.L5812
                               1292 	.L5813:
  00000071 09  74              1293 	        .d2line         166
  00000072 09  0f              1294 	        .d2line         167
                               1295 	#$$fn 0x1ff8 0 0 0x1
                               1296 	#$$tl 0x0 0x0 0x0
                               1297 	#$$rs 0 s
  00000076 07  7800 0001       1298 		bl		PITCHANNEL0
  00000073 09  17              1299 	        .d2line         168
  0000007a 07  e80f            1300 		b		.L5812
                               1301 	.L5814:
  00000074 09  13              1302 	        .d2line         169
  00000075 09  0f              1303 	        .d2line         170
                               1304 	#$$fn 0x1ff8 0 0 0x1
                               1305 	#$$tl 0x0 0x0 0x0
                               1306 	#$$rs 0 s
  0000007c 07  7800 0001       1307 		bl		PITCHANNEL1
  00000076 09  17              1308 	        .d2line         171
  00000080 07  e80c            1309 		b		.L5812
                               1310 	.L5815:
  00000077 09  13              1311 	        .d2line         172
  00000078 09  0f              1312 	        .d2line         173
                               1313 	#$$fn 0xc0 0 0 0x0
                               1314 	#$$tl 0x0 0x0 0x0
                               1315 	#$$rs 0 s
  00000082 07  7800 0001       1316 		bl		FLEXCAN_BUF_00_03
  00000079 09  17              1317 	        .d2line         174
  00000086 07  e809            1318 		b		.L5812
                               1319 	.L5816:
  0000007a 09  13              1320 	        .d2line         175
  0000007b 09  0f              1321 	        .d2line         176
                               1322 	#$$fn 0x18d8 0 0 0x0
                               1323 	#$$tl 0x0 0x0 0x0
                               1324 	#$$rs 0 s
  00000088 07  7800 0001       1325 		bl		FLEXCAN_BUF_04_07
  0000007c 09  17              1326 	        .d2line         177
  0000008c 07  e806            1327 		b		.L5812
                               1328 	.L5817:
  0000007d 09  13              1329 	        .d2line         178
  0000007e 09  0f              1330 	        .d2line         179
                               1331 	#$$fn 0xc0 0 0 0x0
                               1332 	#$$tl 0x0 0x0 0x0
                               1333 	#$$rs 0 s
  0000008e 07  7800 0001       1334 		bl		FLEXCAN_BUF_08_11
  0000007f 09  17              1335 	        .d2line         180
  00000092 07  e803            1336 		b		.L5812
                               1337 	.L5818:
  00000080 09  13              1338 	        .d2line         181
  00000081 09  0f              1339 	        .d2line         182
                               1340 	#$$fn 0xc0 0 0 0x0
                               1341 	#$$tl 0x0 0x0 0x0
                               1342 	#$$rs 0 s
  00000094 07  7800 0001       1343 		bl		FLEXCAN_BUF_12_15
                               1344 	.L5812:
  00000098 07  73df e7f5       1345 		e_lis		r30,65525
  00000082 09  0306 1e         1346 	        .d2line         188
  0000009c 07  4806            1347 		se_li		r6,0
  0000009e 07  54de 8018       1348 		e_stw		r6,-32744(r30)
                               1349 	#$$vo
  00000085 09  1b              1350 	        .d2line         189
                               1351 	#$$be
  00000086 09  0200 0b01       1352 		.d2epilogue_begin
                               1353 	#$$br
  000000a2 07  c831            1354 		se_lwz		r3,32(r1)
  000000a4 07  c941            1355 		se_lwz		r4,36(r1)
  000000a6 07  ca51            1356 		se_lwz		r5,40(r1)
  000000a8 07  cb61            1357 		se_lwz		r6,44(r1)
  000000aa 07  cc71            1358 		se_lwz		r7,48(r1)
  000000ac 07  5101 0034       1359 		e_lwz		r8,52(r1)
  000000b0 07  5121 0038       1360 		e_lwz		r9,56(r1)
  000000b4 07  5141 003c       1361 		e_lwz		r10,60(r1)
  000000b8 07  5161 0040       1362 		e_lwz		r11,64(r1)
  000000bc 07  5181 0044       1363 		e_lwz		r12,68(r1)
  000000c0 07  53c1 0048       1364 		e_lwz		r30,72(r1)
  000000c4 07  53e1 004c       1365 		e_lwz		r31,76(r1)
                               1366 	#$$er
  000000c8 07  c601            1367 		se_lwz		r0,24(r1)
  000000ca 07  0090            1368 		se_mtlr		r0
  000000cc 07  c501            1369 		se_lwz		r0,20(r1)
  000000ce 07  7c0f f120       1370 		mtcrf		0xff,r0
  000000d2 07  c401            1371 		se_lwz		r0,16(r1)
  000000d4 07  7c01 03a6       1372 		mtspr		xer,r0
  000000d8 07  c301            1373 		se_lwz		r0,12(r1)
  000000da 07  00b0            1374 		se_mtctr		r0
  000000dc 07  c201            1375 		se_lwz		r0,8(r1)
  000000de 07  1821 8050       1376 		e_addi		r1,r1,80
                               1377 	#$$tl 0x0 0x0 0x0
  000000e2 07  0008            1378 		se_rfi
                               1379 	#$$ef
                               1380 		.d2_cfa_end 2
                               1381 		.section	.debug_info.abs.00000040,,n
                               1382 		.sectionlink	.debug_info
  000000c1 0a  00              1383 		.sleb128	0
                               1384 	.L5889:
                               1385 		.section	.abs.00000040,,c
                               1386 	.L5891:
                               1387 		.type		Ext_Isr,@function
                               1388 		.size		Ext_Isr,.-Ext_Isr
                               1389 	# Number of nodes = 27
                               1390 	
                               1391 	# Allocations for Ext_Isr
                               1392 	#	r31		$$54
                               1393 	#	r30		$$55
                               1394 	
                               1395 	# Allocations for module
                               1396 		.section	.debug_abbrev,,n
  0000005b 04  06              1397 		.uleb128	6
  0000005c 04  34              1398 		.uleb128	52
  0000005d 04  00              1399 		.byte		0x0
  0000005e 04  3f              1400 		.uleb128	63
  0000005f 04  0c              1401 		.uleb128	12
  00000060 04  3a              1402 		.uleb128	58
  00000061 04  06              1403 		.uleb128	6
  00000062 04  3b              1404 		.uleb128	59
  00000063 04  0f              1405 		.uleb128	15
  00000064 04  03              1406 		.uleb128	3
  00000065 04  08              1407 		.uleb128	8
  00000066 04  49              1408 		.uleb128	73
  00000067 04  10              1409 		.uleb128	16
  00000068 04  02              1410 		.uleb128	2
  00000069 04  09              1411 		.uleb128	9
  0000006a 04  00              1412 		.uleb128	0
  0000006b 04  00              1413 		.uleb128	0
                               1414 		.section	.debug_info,,n
                               1415 	.L5895:
  00000246 05  06              1416 		.sleb128	6
  00000247 05  01              1417 		.byte		0x1
  00000248 05  0000 0001       1418 		.4byte		.L5824
  0000024c 05  0d              1419 		.uleb128	13
  0000024d 05  7370 6565 644d  1420 		.byte		"speedMsgPacket"
  00000253 05  7367 5061 636b       	
  00000259 05  6574                 	
  0000025b 05  00              1421 		.byte		0
  0000025c 05  0000 0000       1422 		.4byte		.L5896
  00000260 05  05              1423 		.sleb128	5
  00000261 05  03              1424 		.byte		0x3
  00000262 05  0000 0000       1425 		.4byte		speedMsgPacket
                               1426 		.sbss
                               1427 		.type		speedMsgPacket,@object
                               1428 		.size		speedMsgPacket,8
                               1429 		.align		2
                               1430 		.globl		speedMsgPacket
                               1431 	speedMsgPacket:
                               1432 		.space		8
                               1433 		.section	.debug_info,,n
                               1434 	.L5897:
  00000266 05  06              1435 		.sleb128	6
  00000267 05  01              1436 		.byte		0x1
  00000268 05  0000 0001       1437 		.4byte		.L5824
  0000026c 05  0d              1438 		.uleb128	13
  0000026d 05  6461 7461 5061  1439 		.byte		"dataPacket"
  00000273 05  636b 6574            	
  00000277 05  00              1440 		.byte		0
  00000278 05  0000 0000       1441 		.4byte		.L5896
  0000027c 05  05              1442 		.sleb128	5
  0000027d 05  03              1443 		.byte		0x3
  0000027e 05  0000 0000       1444 		.4byte		dataPacket
                               1445 		.sbss
                               1446 		.type		dataPacket,@object
                               1447 		.size		dataPacket,8
                               1448 		.align		2
                               1449 		.globl		dataPacket
                               1450 	dataPacket:
                               1451 		.space		8
                               1452 		.section	.debug_info,,n
                               1453 	.L5898:
  00000282 05  06              1454 		.sleb128	6
  00000283 05  01              1455 		.byte		0x1
  00000284 05  0000 0001       1456 		.4byte		.L5824
  00000288 05  0c              1457 		.uleb128	12
  00000289 05  7370 6565 64    1458 		.byte		"speed"
  0000028e 05  00              1459 		.byte		0
  0000028f 05  0000 0000       1460 		.4byte		.L5832
  00000293 05  05              1461 		.sleb128	5
  00000294 05  03              1462 		.byte		0x3
  00000295 05  0000 0000       1463 		.4byte		speed
                               1464 		.sdata
                               1465 		.align		2
                               1466 	#	Begin local data area
                               1467 	#	LDA + 0
                               1468 		.type		speed,@object
                               1469 		.size		speed,4
                               1470 		.align		2
                               1471 		.globl		speed
                               1472 	speed:
  00000000 0c  0000 0000       1473 		.long		0
                               1474 		.section	.debug_info,,n
                               1475 	.L5899:
  00000299 05  06              1476 		.sleb128	6
  0000029a 05  01              1477 		.byte		0x1
  0000029b 05  0000 0001       1478 		.4byte		.L5824
  0000029f 05  0c              1479 		.uleb128	12
  000002a0 05  7370 6565 644d  1480 		.byte		"speedMessageStatus"
  000002a6 05  6573 7361 6765       	
  000002ac 05  5374 6174 7573       	
  000002b2 05  00              1481 		.byte		0
  000002b3 05  0000 0000       1482 		.4byte		.L5832
  000002b7 05  05              1483 		.sleb128	5
  000002b8 05  03              1484 		.byte		0x3
  000002b9 05  0000 0000       1485 		.4byte		speedMessageStatus
                               1486 		.sdata
                               1487 	#	LDA + 4
                               1488 		.type		speedMessageStatus,@object
                               1489 		.size		speedMessageStatus,4
                               1490 		.align		2
                               1491 		.globl		speedMessageStatus
                               1492 	speedMessageStatus:
  00000004 0c  0000 0000       1493 		.long		0
                               1494 		.section	.debug_info,,n
                               1495 	.L5900:
  000002bd 05  06              1496 		.sleb128	6
  000002be 05  01              1497 		.byte		0x1
  000002bf 05  0000 0001       1498 		.4byte		.L5824
  000002c3 05  0c              1499 		.uleb128	12
  000002c4 05  6469 7265 6374  1500 		.byte		"direction"
  000002ca 05  696f 6e              	
  000002cd 05  00              1501 		.byte		0
  000002ce 05  0000 0000       1502 		.4byte		.L5832
  000002d2 05  05              1503 		.sleb128	5
  000002d3 05  03              1504 		.byte		0x3
  000002d4 05  0000 0000       1505 		.4byte		direction
                               1506 		.sdata
                               1507 	#	LDA + 8
                               1508 		.type		direction,@object
                               1509 		.size		direction,4
                               1510 		.align		2
                               1511 		.globl		direction
                               1512 	direction:
  00000008 0c  0000 0000       1513 		.long		0
                               1514 		.section	.debug_abbrev,,n
  0000006c 04  07              1515 		.uleb128	7
  0000006d 04  13              1516 		.uleb128	19
  0000006e 04  01              1517 		.byte		0x1
  0000006f 04  01              1518 		.uleb128	1
  00000070 04  13              1519 		.uleb128	19
  00000071 04  0b              1520 		.uleb128	11
  00000072 04  0f              1521 		.uleb128	15
  00000073 04  00              1522 		.uleb128	0
  00000074 04  00              1523 		.uleb128	0
                               1524 		.section	.debug_info,,n
                               1525 	.L5896:
  000002d8 05  07              1526 		.sleb128	7
  000002d9 05  0000 02ff       1527 		.4byte		.L5901-.L2
  000002dd 05  08              1528 		.uleb128	8
                               1529 		.section	.debug_abbrev,,n
  00000075 04  08              1530 		.uleb128	8
  00000076 04  0d              1531 		.uleb128	13
  00000077 04  00              1532 		.byte		0x0
  00000078 04  03              1533 		.uleb128	3
  00000079 04  08              1534 		.uleb128	8
  0000007a 04  49              1535 		.uleb128	73
  0000007b 04  10              1536 		.uleb128	16
  0000007c 04  38              1537 		.uleb128	56
  0000007d 04  09              1538 		.uleb128	9
  0000007e 04  00              1539 		.uleb128	0
  0000007f 04  00              1540 		.uleb128	0
                               1541 		.section	.debug_info,,n
                               1542 	.L5778:
  000002de 05  08              1543 		.sleb128	8
  000002df 05  7374 616e 6461  1544 		.byte		"standardId"
  000002e5 05  7264 4964            	
  000002e9 05  00              1545 		.byte		0
  000002ea 05  0000 0000       1546 		.4byte		.L5832
  000002ee 05  02              1547 		.sleb128	2
  000002ef 05  23              1548 		.byte		0x23
  000002f0 05  00              1549 		.uleb128	0
                               1550 	.L5779:
  000002f1 05  08              1551 		.sleb128	8
  000002f2 05  6461 7461       1552 		.byte		"data"
  000002f6 05  00              1553 		.byte		0
  000002f7 05  0000 0000       1554 		.4byte		.L5832
  000002fb 05  02              1555 		.sleb128	2
  000002fc 05  23              1556 		.byte		0x23
  000002fd 05  04              1557 		.uleb128	4
  000002fe 05  00              1558 		.sleb128	0
                               1559 	.L5901:
                               1560 		.section	.debug_abbrev,,n
  00000080 04  09              1561 		.uleb128	9
  00000081 04  24              1562 		.uleb128	36
  00000082 04  00              1563 		.byte		0x0
  00000083 04  03              1564 		.uleb128	3
  00000084 04  08              1565 		.uleb128	8
  00000085 04  3e              1566 		.uleb128	62
  00000086 04  0b              1567 		.uleb128	11
  00000087 04  0b              1568 		.uleb128	11
  00000088 04  0b              1569 		.uleb128	11
  00000089 04  00              1570 		.uleb128	0
  0000008a 04  00              1571 		.uleb128	0
                               1572 		.section	.debug_info,,n
                               1573 	.L5832:
  000002ff 05  09              1574 		.sleb128	9
  00000300 05  696e 74         1575 		.byte		"int"
  00000303 05  00              1576 		.byte		0
  00000304 05  05              1577 		.byte		0x5
  00000305 05  04              1578 		.byte		0x4
                               1579 	.L5841:
  00000306 05  09              1580 		.sleb128	9
  00000307 05  756e 7369 676e  1581 		.byte		"unsigned char"
  0000030d 05  6564 2063 6861       	
  00000313 05  72                   	
  00000314 05  00              1582 		.byte		0
  00000315 05  08              1583 		.byte		0x8
  00000316 05  01              1584 		.byte		0x1
                               1585 		.section	.debug_abbrev,,n
  0000008b 04  0a              1586 		.uleb128	10
  0000008c 04  35              1587 		.uleb128	53
  0000008d 04  00              1588 		.byte		0x0
  0000008e 04  49              1589 		.uleb128	73
  0000008f 04  10              1590 		.uleb128	16
  00000090 04  00              1591 		.uleb128	0
  00000091 04  00              1592 		.uleb128	0
                               1593 		.section	.debug_info,,n
                               1594 	.L5840:
  00000317 05  0a              1595 		.sleb128	10
  00000318 05  0000 0000       1596 		.4byte		.L5841
                               1597 	.L7:
  0000031c 05  00              1598 		.sleb128	0
                               1599 	.L3:
                               1600 		.section	.text_vle,,c
                               1601 	.L5:
                               1602 	.L5824:	.d2filenum "C:\\Users\\ASE-Lab\\Desktop\\ASEUnit2\\Template\\src\\main.c"
  00000110 03  0005 0200 0000  1603 		.d2_line_end
  00000116 03  0000 0101            	
                               1604 		.section	.debug_info.abs.00000040,,n
                               1605 		.sectionlink	.debug_info
                               1606 	.L5886:
  000000c2 0a  00              1607 		.sleb128	0
                               1608 	.L5882:
                               1609 		.section	.abs.00000040,,c
                               1610 	.L5884:
                               1611 	.L5892:	.d2filenum "C:\\Users\\ASE-Lab\\Desktop\\ASEUnit2\\Template\\src\\main.c"
  0000008a 09  0005 0200 0000  1612 		.d2_line_end
  00000090 09  0000 0101            	
                               1613 		.section	.debug_abbrev,,n
  00000092 04  00              1614 		.sleb128	0
