                                  1 	#$$m2		- PowerPC mnemonics
                                  2 	#$$pVLE		- PowerPC VLE encoding
                                  3 	#$$oPPC5534  - Optimized for PPC5534
                                  4 	#$$ko 9		- Reorder info
                                  5 		.file		"me.c"
                                  6 	#$$eb
                                  7 	#$$sz 0
                                  8 	#$$fp 0
                                  9 		.section	.PPC.EMB.apuinfo,,@note
  00000000 01  0000 0008         10 		.4byte		8
  00000004 01  0000 0004         11 		.4byte		4
  00000008 01  0000 0002         12 		.4byte		2
  0000000c 01  4150 5569 6e66    13 		.byte		"APUinfo"
  00000012 01  6f                   	
  00000013 01  00                14 		.byte		0
                                 15 		.align		2
  00000014 01  0104 0001         16 		.4byte		0x01040001
                                 17 		.section	.text_vle,,c
                                 18 		.section	.debug_frame,,n
                                 19 	__local_cie: 
  00000000 02  0000 0010         20 		.word	.LE-.LS
                                 21 	.LS:
  00000004 02  ffff ffff         22 		.word	-1
  00000008 02  01                23 		.byte	1
  00000009 02  00                24 		.byte	0
  0000000a 02  04                25 		.uleb128	4
  0000000b 02  7c                26 		.sleb128	-4
  0000000c 02  6c                27 		.byte	108
  0000000d 02  0c                28 		.byte	0x0c
  0000000e 02  01                29 		.byte	1
  0000000f 02  00                30 		.byte	0
  00000010 02  08                31 		.byte	8
  00000011 02  6c                32 		.byte	108
                                 33 		.fill           (.LS-.)&3
                                 34 	.LE:
                                 35 		.section	.debug_line,,n
                                 36 	.L8:
                                 37 		.section	.text_vle,,c
                                 38 	.L4:
  00000000 00                    39 		.0byte		.L2
  00000000 03  0000 0086 0002    40 		.d2_line_start	.debug_line
  00000006 03  0000 0013 0201       	
  0000000c 03  ff04 0d00 0101       	
  00000012 03  0101 0000 0001       	
  00000018 03  0000 0100 00         	
                                 41 		.section	.debug_abbrev,,n
                                 42 	.L9:
                                 43 		.section	.debug_info,,n
                                 44 	.L2:
  00000000 05  0000 00bc         45 		.4byte		.L3-.L1
                                 46 	.L1:
  00000004 05  0002              47 		.2byte		0x2
  00000006 05  0000 0000         48 		.4byte		.L9
  0000000a 05  04                49 		.byte		0x4
                                 50 		.section	.debug_abbrev,,n
  00000000 04  01                51 		.uleb128	1
  00000001 04  11                52 		.uleb128	17
  00000002 04  01                53 		.byte		0x1
  00000003 04  01                54 		.uleb128	1
  00000004 04  13                55 		.uleb128	19
  00000005 04  03                56 		.uleb128	3
  00000006 04  08                57 		.uleb128	8
  00000007 04  25                58 		.uleb128	37
  00000008 04  08                59 		.uleb128	8
  00000009 04  1b                60 		.uleb128	27
  0000000a 04  08                61 		.uleb128	8
  0000000b 04  13                62 		.uleb128	19
  0000000c 04  0f                63 		.uleb128	15
  0000000d 04  11                64 		.uleb128	17
  0000000e 04  01                65 		.uleb128	1
  0000000f 04  12                66 		.uleb128	18
  00000010 04  01                67 		.uleb128	1
  00000011 04  10                68 		.uleb128	16
  00000012 04  06                69 		.uleb128	6
  00000013 04  00                70 		.uleb128	0
  00000014 04  00                71 		.uleb128	0
                                 72 		.section	.debug_info,,n
  0000000b 05  01                73 		.sleb128	1
  0000000c 05  0000 00bf         74 		.4byte		.L7-.L2
  00000010 05  433a 5c55 7365    75 		.byte		"C:\\Users\\ASE-Lab\\Desktop\\ASEUnit2\\Template\\src\\me.c"
  00000016 05  7273 5c41 5345       	
  0000001c 05  2d4c 6162 5c44       	
  00000022 05  6573 6b74 6f70       	
  00000028 05  5c41 5345 556e       	
  0000002e 05  6974                 	
  00000043 05  00                76 		.byte		0
  00000044 05  4469 6162 2044    77 		.byte		"Diab Data, Inc:dcc Rel 5.7.0.0:PPC5534"
  0000004a 05  6174 612c 2049       	
  00000050 05  6e63 3a64 6363       	
  00000056 05  2052 656c 2035       	
  0000005c 05  2e37 2e30 2e30       	
  00000062 05  3a50                 	
  0000006a 05  00                78 		.byte		0
  0000006b 05  433a 5c55 7365    79 		.byte		"C:\\Users\\ASE-Lab\\Desktop\\ASEUnit2\\Template"
  00000071 05  7273 5c41 5345       	
  00000077 05  2d4c 6162 5c44       	
  0000007d 05  6573 6b74 6f70       	
  00000083 05  5c41 5345 556e       	
  00000089 05  6974                 	
  00000095 05  00                80 		.byte		0
  00000096 05  01                81 		.uleb128	1
  00000097 05  0000 0000         82 		.4byte		.L4
  0000009b 05  0000 0000         83 		.4byte		.L5
  0000009f 05  0000 0000         84 		.4byte		.L8
                                 85 		.section	.text_vle,,c
                                 86 	
                                 87 	#$$bf
                                 88 		.align		2
                                 89 		.globl		MEInit
  00000014 02  0000 002c 0000    90 		.d2_cfa_start __local_cie
  0000001a 02  0000 0000 0000       	
  00000020 02  0000 009e            	
                                 91 	MEInit:
                                 92 		.section	.debug_abbrev,,n
  00000015 04  02                93 		.uleb128	2
  00000016 04  2e                94 		.uleb128	46
  00000017 04  01                95 		.byte		0x1
  00000018 04  01                96 		.uleb128	1
  00000019 04  13                97 		.uleb128	19
  0000001a 04  03                98 		.uleb128	3
  0000001b 04  08                99 		.uleb128	8
  0000001c 04  3a               100 		.uleb128	58
  0000001d 04  06               101 		.uleb128	6
  0000001e 04  3b               102 		.uleb128	59
  0000001f 04  0f               103 		.uleb128	15
  00000020 04  3f               104 		.uleb128	63
  00000021 04  0c               105 		.uleb128	12
  00000022 04  27               106 		.uleb128	39
  00000023 04  0c               107 		.uleb128	12
  00000024 04  11               108 		.uleb128	17
  00000025 04  01               109 		.uleb128	1
  00000026 04  12               110 		.uleb128	18
  00000027 04  01               111 		.uleb128	1
  00000028 04  00               112 		.uleb128	0
  00000029 04  00               113 		.uleb128	0
                                114 		.section	.debug_info,,n
                                115 	.L5786:
  000000a3 05  02               116 		.sleb128	2
  000000a4 05  0000 00bf        117 		.4byte		.L5782-.L2
  000000a8 05  4d45 496e 6974   118 		.byte		"MEInit"
  000000ae 05  00               119 		.byte		0
  000000af 05  0000 0001        120 		.4byte		.L5785
  000000b3 05  03               121 		.uleb128	3
  000000b4 05  01               122 		.byte		0x1
  000000b5 05  01               123 		.byte		0x1
  000000b6 05  0000 0000        124 		.4byte		.L5783
  000000ba 05  0000 0000        125 		.4byte		.L5784
                                126 		.section	.text_vle,,c
  0000001d 03  003f 0343 3a5c   127 		.d2file		"C:\\Users\\ASE-Lab\\Desktop\\ASEUnit2\\Template\\src\\me.c"
  00000023 03  5c55 7365 7273       	
  00000029 03  5c5c 4153 452d       	
  0000002f 03  4c61 625c 5c44       	
  00000035 03  6573 6b74 6f70       	
  0000003b 03  5c5c                 	
  00000060 03  0005 0200 0000   128 	        .d2line         4
  00000066 03  0003 030e            	
                                129 	.L5783:
  00000000 00  1821 06c0        130 		e_stwu		r1,-64(r1)
  00000024 02  410e 40          131 		.d2_cfa_def_cfa_offset	64
  00000004 00  0080             132 		se_mflr		r0,lr
                                133 	#$$br
  00000006 00  1a81 0910        134 		e_stmw		r20,16(r1)
  00000027 02  4194 0c95 0b96   135 		.d2_cfa_offset_list	20,31,12,-1
  0000002d 02  0a97 0998 0899       	
  00000033 02  079a 069b 059c       	
  00000039 02  049d 039e 029f       	
  0000003f 02  01                   	
                                136 	#$$er
  0000000a 00  5401 0044        137 		e_stw		r0,68(r1)
  00000040 02  4111 6c7f        138 		.d2_cfa_offset    108,-1
                                139 	#$$ee
  0000006a 03  0207 0a          140 		.d2prologue_end
  0000000e 00  73f8 e3fe        141 		e_lis		r31,50174
  0000006d 03  18               142 	        .d2line         6
  00000012 00  70c0 00fe        143 		e_li		r6,254
  00000016 00  54df c080        144 		e_stw		r6,-16256(r31)
                                145 	#$$vo
  0000001a 00  73d8 e3fe        146 		e_lis		r30,50174
  0000006e 03  28               147 	        .d2line         8
  0000001e 00  1ebe c0a0        148 		e_add16i	r21,r30,-16224
  00000022 00  50f5 0000        149 		e_lwz		r7,0(r21)
                                150 	#$$vo
  00000026 00  6557             151 		se_bseti		r7,21
  00000028 00  54f5 0000        152 		e_stw		r7,0(r21)
                                153 	#$$vo
  0000002c 00  73b8 e3fe        154 		e_lis		r29,50174
  0000006f 03  33               155 	        .d2line         9
  00000030 00  1e9d c0a0        156 		e_add16i	r20,r29,-16224
  00000034 00  50d4 0000        157 		e_lwz		r6,0(r20)
                                158 	#$$vo
  00000038 00  6576             159 		se_bseti		r6,23
  0000003a 00  54d4 0000        160 		e_stw		r6,0(r20)
                                161 	#$$vo
  0000003e 00  7398 e3fe        162 		e_lis		r28,50174
  00000070 03  34               163 	        .d2line         11
  00000042 00  4806             164 		se_li		r6,0
  00000044 00  34dc c0e0        165 		e_stb		r6,-16160(r28)
                                166 	#$$vo
  00000048 00  7378 e3fe        167 		e_lis		r27,50174
  00000071 03  24               168 	        .d2line         13
  0000004c 00  4806             169 		se_li		r6,0
  0000004e 00  34db c11c        170 		e_stb		r6,-16100(r27)
                                171 	#$$vo
  00000052 00  7358 e3fe        172 		e_lis		r26,50174
  00000072 03  24               173 	        .d2line         15
  00000056 00  4806             174 		se_li		r6,0
  00000058 00  34da c0d0        175 		e_stb		r6,-16176(r26)
                                176 	#$$vo
  0000005c 00  7338 e3fe        177 		e_lis		r25,50174
  00000073 03  24               178 	        .d2line         17
  00000060 00  4806             179 		se_li		r6,0
  00000062 00  34d9 c0e6        180 		e_stb		r6,-16154(r25)
                                181 	#$$vo
                                182 	.L5780:
  00000066 00  7318 e3fe        183 		e_lis		r24,50174
  00000074 03  0303 22          184 	        .d2line         20
  0000006a 00  50d8 c000        185 		e_lwz		r6,-16384(r24)
                                186 	#$$vo
  0000006e 00  6796             187 		se_btsti		r6,25
  00000070 00  e2fb             188 		bc		0,2,.L5780	# ne
  00000072 00  72f8 e3fe        189 		e_lis		r23,50174
  00000077 03  0303 26          190 	        .d2line         23
  00000076 00  6216             191 		se_geni		r6,1
  00000078 00  70cb c2f0        192 		e_ori		r6,23280
  0000007c 00  54d7 c004        193 		e_stw		r6,-16380(r23)
                                194 	#$$vo
  00000080 00  72d8 e3fe        195 		e_lis		r22,50174
  0000007a 03  2b               196 	        .d2line         24
  00000084 00  6216             197 		se_geni		r6,1
  00000086 00  70d4 c50f        198 		e_ori		r6,42255
  0000008a 00  54d6 c004        199 		e_stw		r6,-16380(r22)
                                200 	#$$vo
  0000007b 03  23               201 	        .d2line         25
                                202 	#$$be
  0000007c 03  0200 0b01        203 		.d2epilogue_begin
                                204 	#$$br
  0000008e 00  1a81 0810        205 		e_lmw		r20,16(r1)
                                206 	#$$er
  00000092 00  5001 0044        207 		e_lwz		r0,68(r1)
  00000096 00  0090             208 		se_mtlr		r0
  00000098 00  1821 8040        209 		e_addi		r1,r1,64
                                210 	#$$tl 0x0 0x0 0x0
  0000009c 00  0004             211 		se_blr
                                212 	#$$ef
                                213 		.d2_cfa_end 2
                                214 		.section	.debug_info,,n
  000000be 05  00               215 		.sleb128	0
                                216 	.L5782:
                                217 		.section	.text_vle,,c
                                218 	.L5784:
                                219 		.type		MEInit,@function
                                220 		.size		MEInit,.-MEInit
                                221 	# Number of nodes = 45
                                222 	
                                223 	# Allocations for MEInit
                                224 	#	r31		$$1
                                225 	#	r30		$$2
                                226 	#	r29		$$3
                                227 	#	r28		$$4
                                228 	#	r27		$$5
                                229 	#	r26		$$6
                                230 	#	r25		$$7
                                231 	#	r24		$$8
                                232 	#	r23		$$9
                                233 	#	r22		$$10
                                234 	#	r21		$$11
                                235 	#	r20		$$12
                                236 	
                                237 	# Allocations for module
                                238 		.section	.debug_info,,n
                                239 	.L7:
  000000bf 05  00               240 		.sleb128	0
                                241 	.L3:
                                242 		.section	.text_vle,,c
                                243 	.L5:
                                244 	.L5785:	.d2filenum "C:\\Users\\ASE-Lab\\Desktop\\ASEUnit2\\Template\\src\\me.c"
  00000080 03  0005 0200 0000   245 		.d2_line_end
  00000086 03  0000 0101            	
                                246 		.section	.debug_abbrev,,n
  0000002a 04  00               247 		.sleb128	0
