                                  1 	#$$m2		- PowerPC mnemonics
                                  2 	#$$pVLE		- PowerPC VLE encoding
                                  3 	#$$oPPC5534  - Optimized for PPC5534
                                  4 	#$$ko 9		- Reorder info
                                  5 		.file		"pit.c"
                                  6 	#$$eb
                                  7 	#$$sz 0
                                  8 	#$$fp 0
                                  9 		.section	.PPC.EMB.apuinfo,,@note
  00000000 01  0000 0008         10 		.4byte		8
  00000004 01  0000 0004         11 		.4byte		4
  00000008 01  0000 0002         12 		.4byte		2
  0000000c 01  4150 5569 6e66    13 		.byte		"APUinfo"
  00000012 01  6f                   	
  00000013 01  00                14 		.byte		0
                                 15 		.align		2
  00000014 01  0104 0001         16 		.4byte		0x01040001
                                 17 		.section	.text_vle,,c
                                 18 		.section	.debug_frame,,n
                                 19 	__local_cie: 
  00000000 02  0000 0010         20 		.word	.LE-.LS
                                 21 	.LS:
  00000004 02  ffff ffff         22 		.word	-1
  00000008 02  01                23 		.byte	1
  00000009 02  00                24 		.byte	0
  0000000a 02  04                25 		.uleb128	4
  0000000b 02  7c                26 		.sleb128	-4
  0000000c 02  6c                27 		.byte	108
  0000000d 02  0c                28 		.byte	0x0c
  0000000e 02  01                29 		.byte	1
  0000000f 02  00                30 		.byte	0
  00000010 02  08                31 		.byte	8
  00000011 02  6c                32 		.byte	108
                                 33 		.fill           (.LS-.)&3
                                 34 	.LE:
                                 35 		.section	.debug_line,,n
                                 36 	.L8:
                                 37 		.section	.text_vle,,c
                                 38 	.L4:
  00000000 00                    39 		.0byte		.L2
  00000000 03  0000 00b0 0002    40 		.d2_line_start	.debug_line
  00000006 03  0000 0013 0201       	
  0000000c 03  ff04 0d00 0101       	
  00000012 03  0101 0000 0001       	
  00000018 03  0000 0100 00         	
                                 41 		.section	.debug_abbrev,,n
                                 42 	.L9:
                                 43 		.section	.debug_info,,n
                                 44 	.L2:
  00000000 05  0000 01e9         45 		.4byte		.L3-.L1
                                 46 	.L1:
  00000004 05  0002              47 		.2byte		0x2
  00000006 05  0000 0000         48 		.4byte		.L9
  0000000a 05  04                49 		.byte		0x4
                                 50 		.section	.debug_abbrev,,n
  00000000 04  01                51 		.uleb128	1
  00000001 04  11                52 		.uleb128	17
  00000002 04  01                53 		.byte		0x1
  00000003 04  01                54 		.uleb128	1
  00000004 04  13                55 		.uleb128	19
  00000005 04  03                56 		.uleb128	3
  00000006 04  08                57 		.uleb128	8
  00000007 04  25                58 		.uleb128	37
  00000008 04  08                59 		.uleb128	8
  00000009 04  1b                60 		.uleb128	27
  0000000a 04  08                61 		.uleb128	8
  0000000b 04  13                62 		.uleb128	19
  0000000c 04  0f                63 		.uleb128	15
  0000000d 04  11                64 		.uleb128	17
  0000000e 04  01                65 		.uleb128	1
  0000000f 04  12                66 		.uleb128	18
  00000010 04  01                67 		.uleb128	1
  00000011 04  10                68 		.uleb128	16
  00000012 04  06                69 		.uleb128	6
  00000013 04  00                70 		.uleb128	0
  00000014 04  00                71 		.uleb128	0
                                 72 		.section	.debug_info,,n
  0000000b 05  01                73 		.sleb128	1
  0000000c 05  0000 01ec         74 		.4byte		.L7-.L2
  00000010 05  433a 5c55 7365    75 		.byte		"C:\\Users\\ASE-Lab\\Desktop\\ASEUnit2\\Template\\src\\pit.c"
  00000016 05  7273 5c41 5345       	
  0000001c 05  2d4c 6162 5c44       	
  00000022 05  6573 6b74 6f70       	
  00000028 05  5c41 5345 556e       	
  0000002e 05  6974                 	
  00000044 05  00                76 		.byte		0
  00000045 05  4469 6162 2044    77 		.byte		"Diab Data, Inc:dcc Rel 5.7.0.0:PPC5534"
  0000004b 05  6174 612c 2049       	
  00000051 05  6e63 3a64 6363       	
  00000057 05  2052 656c 2035       	
  0000005d 05  2e37 2e30 2e30       	
  00000063 05  3a50                 	
  0000006b 05  00                78 		.byte		0
  0000006c 05  433a 5c55 7365    79 		.byte		"C:\\Users\\ASE-Lab\\Desktop\\ASEUnit2\\Template"
  00000072 05  7273 5c41 5345       	
  00000078 05  2d4c 6162 5c44       	
  0000007e 05  6573 6b74 6f70       	
  00000084 05  5c41 5345 556e       	
  0000008a 05  6974                 	
  00000096 05  00                80 		.byte		0
  00000097 05  01                81 		.uleb128	1
  00000098 05  0000 0000         82 		.4byte		.L4
  0000009c 05  0000 0000         83 		.4byte		.L5
  000000a0 05  0000 0000         84 		.4byte		.L8
                                 85 		.section	.text_vle,,c
                                 86 	
                                 87 	#$$bf
                                 88 		.align		2
                                 89 		.globl		PIT_ConfigureTimer
  00000014 02  0000 0018 0000    90 		.d2_cfa_start __local_cie
  0000001a 02  0000 0000 0000       	
  00000020 02  0000 0030            	
                                 91 	PIT_ConfigureTimer:
                                 92 		.section	.debug_abbrev,,n
  00000015 04  02                93 		.uleb128	2
  00000016 04  2e                94 		.uleb128	46
  00000017 04  01                95 		.byte		0x1
  00000018 04  01                96 		.uleb128	1
  00000019 04  13                97 		.uleb128	19
  0000001a 04  03                98 		.uleb128	3
  0000001b 04  08                99 		.uleb128	8
  0000001c 04  3a               100 		.uleb128	58
  0000001d 04  06               101 		.uleb128	6
  0000001e 04  3b               102 		.uleb128	59
  0000001f 04  0f               103 		.uleb128	15
  00000020 04  3f               104 		.uleb128	63
  00000021 04  0c               105 		.uleb128	12
  00000022 04  27               106 		.uleb128	39
  00000023 04  0c               107 		.uleb128	12
  00000024 04  11               108 		.uleb128	17
  00000025 04  01               109 		.uleb128	1
  00000026 04  12               110 		.uleb128	18
  00000027 04  01               111 		.uleb128	1
  00000028 04  00               112 		.uleb128	0
  00000029 04  00               113 		.uleb128	0
                                114 		.section	.debug_info,,n
                                115 	.L5788:
  000000a4 05  02               116 		.sleb128	2
  000000a5 05  0000 00fd        117 		.4byte		.L5784-.L2
  000000a9 05  5049 545f 436f   118 		.byte		"PIT_ConfigureTimer"
  000000af 05  6e66 6967 7572       	
  000000b5 05  6554 696d 6572       	
  000000bb 05  00               119 		.byte		0
  000000bc 05  0000 0001        120 		.4byte		.L5787
  000000c0 05  04               121 		.uleb128	4
  000000c1 05  01               122 		.byte		0x1
  000000c2 05  01               123 		.byte		0x1
  000000c3 05  0000 0000        124 		.4byte		.L5785
  000000c7 05  0000 0000        125 		.4byte		.L5786
                                126 		.section	.debug_abbrev,,n
  0000002a 04  03               127 		.uleb128	3
  0000002b 04  05               128 		.uleb128	5
  0000002c 04  00               129 		.byte		0x0
  0000002d 04  3a               130 		.uleb128	58
  0000002e 04  06               131 		.uleb128	6
  0000002f 04  3b               132 		.uleb128	59
  00000030 04  0f               133 		.uleb128	15
  00000031 04  03               134 		.uleb128	3
  00000032 04  08               135 		.uleb128	8
  00000033 04  49               136 		.uleb128	73
  00000034 04  10               137 		.uleb128	16
  00000035 04  02               138 		.uleb128	2
  00000036 04  09               139 		.uleb128	9
  00000037 04  00               140 		.uleb128	0
  00000038 04  00               141 		.uleb128	0
                                142 		.section	.debug_info,,n
                                143 	.L5789:
  000000cb 05  03               144 		.sleb128	3
  000000cc 05  0000 0001        145 		.4byte		.L5787
  000000d0 05  04               146 		.uleb128	4
  000000d1 05  7469 6d65 7243   147 		.byte		"timerChannel"
  000000d7 05  6861 6e6e 656c       	
  000000dd 05  00               148 		.byte		0
  000000de 05  0000 0000        149 		.4byte		.L5790
  000000e2 05  02               150 		.sleb128	2
  000000e3 05  90               151 		.byte		0x90
  000000e4 05  1f               152 		.uleb128	31
                                153 	.L5791:
  000000e5 05  03               154 		.sleb128	3
  000000e6 05  0000 0001        155 		.4byte		.L5787
  000000ea 05  04               156 		.uleb128	4
  000000eb 05  6c6f 6164 5661   157 		.byte		"loadValue"
  000000f1 05  6c75 65              	
  000000f4 05  00               158 		.byte		0
  000000f5 05  0000 0000        159 		.4byte		.L5792
  000000f9 05  02               160 		.sleb128	2
  000000fa 05  90               161 		.byte		0x90
  000000fb 05  1e               162 		.uleb128	30
                                163 		.section	.text_vle,,c
  0000001d 03  0040 0343 3a5c   164 		.d2file		"C:\\Users\\ASE-Lab\\Desktop\\ASEUnit2\\Template\\src\\pit.c"
  00000023 03  5c55 7365 7273       	
  00000029 03  5c5c 4153 452d       	
  0000002f 03  4c61 625c 5c44       	
  00000035 03  6573 6b74 6f70       	
  0000003b 03  5c5c                 	
  00000061 03  0005 0200 0000   165 	        .d2line         5
  00000067 03  0003 040e            	
                                166 	.L5785:
  00000000 00  1821 06f0        167 		e_stwu		r1,-16(r1)
  00000024 02  410e 10          168 		.d2_cfa_def_cfa_offset	16
  00000004 00  0080             169 		se_mflr		r0,lr
                                170 	#$$br
  00000006 00  1bc1 0908        171 		e_stmw		r30,8(r1)
  00000027 02  419e 029f 01     172 		.d2_cfa_offset_list	30,31,2,-1
                                173 	#$$er
  0000000a 00  d501             174 		se_stw		r0,20(r1)
  0000002c 02  116c 7f          175 		.d2_cfa_offset    108,-1
                                176 	#$$ee
  0000006b 03  0206 0a          177 		.d2prologue_end
  0000000c 00  013f             178 		se_mr		r31,r3
  0000000e 00  014e             179 		se_mr		r30,r4
  0000006e 03  18               180 	        .d2line         7
  00000010 00  77e7 2037        181 		e_rlwinm		r7,r31,4,0,27
  00000014 00  70d8 e3ff        182 		e_lis		r6,50175
  00000018 00  6576             183 		se_bseti		r6,23
  0000001a 00  0467             184 		se_add		r7,r6
  0000001c 00  01e5             185 		se_mr		r5,r30
  0000001e 00  70e5 a680        186 		e_mulli		r5,r5,16000
  00000022 00  d057             187 		se_stw		r5,0(r7)
                                188 	#$$vo
  0000006f 03  37               189 	        .d2line         8
                                190 	#$$be
  00000070 03  0200 0b01        191 		.d2epilogue_begin
                                192 	#$$br
  00000024 00  1bc1 0808        193 		e_lmw		r30,8(r1)
                                194 	#$$er
  00000028 00  c501             195 		se_lwz		r0,20(r1)
  0000002a 00  0090             196 		se_mtlr		r0
  0000002c 00  20f1             197 		se_addi		r1,16
                                198 	#$$tl 0x0 0x0 0x0
  0000002e 00  0004             199 		se_blr
                                200 	#$$ef
                                201 		.d2_cfa_end 2
                                202 		.section	.debug_info,,n
  000000fc 05  00               203 		.sleb128	0
                                204 	.L5784:
                                205 		.section	.text_vle,,c
                                206 	.L5786:
                                207 		.type		PIT_ConfigureTimer,@function
                                208 		.size		PIT_ConfigureTimer,.-PIT_ConfigureTimer
                                209 	# Number of nodes = 12
                                210 	
                                211 	# Allocations for PIT_ConfigureTimer
                                212 	#	r31		timerChannel
                                213 	#	r30		loadValue
                                214 	
                                215 	#$$bf
                                216 		.align		2
                                217 		.globl		PIT_StartTimer
  00000030 02  0000 0018 0000   218 		.d2_cfa_start __local_cie
  00000036 02  0000 0000 0000       	
  0000003c 02  0000 002e            	
                                219 	PIT_StartTimer:
                                220 		.section	.debug_info,,n
                                221 	.L5797:
  000000fd 05  02               222 		.sleb128	2
  000000fe 05  0000 013b        223 		.4byte		.L5794-.L2
  00000102 05  5049 545f 5374   224 		.byte		"PIT_StartTimer"
  00000108 05  6172 7454 696d       	
  0000010e 05  6572                 	
  00000110 05  00               225 		.byte		0
  00000111 05  0000 0001        226 		.4byte		.L5787
  00000115 05  0a               227 		.uleb128	10
  00000116 05  01               228 		.byte		0x1
  00000117 05  01               229 		.byte		0x1
  00000118 05  0000 0000        230 		.4byte		.L5795
  0000011c 05  0000 0000        231 		.4byte		.L5796
                                232 	.L5798:
  00000120 05  03               233 		.sleb128	3
  00000121 05  0000 0001        234 		.4byte		.L5787
  00000125 05  0a               235 		.uleb128	10
  00000126 05  7469 6d65 7243   236 		.byte		"timerChannel"
  0000012c 05  6861 6e6e 656c       	
  00000132 05  00               237 		.byte		0
  00000133 05  0000 0000        238 		.4byte		.L5790
  00000137 05  02               239 		.sleb128	2
  00000138 05  90               240 		.byte		0x90
  00000139 05  1f               241 		.uleb128	31
                                242 		.section	.text_vle,,c
  00000074 03  0303 26          243 	        .d2line         11
                                244 	.L5795:
  00000030 00  1821 06f0        245 		e_stwu		r1,-16(r1)
  00000040 02  410e 10          246 		.d2_cfa_def_cfa_offset	16
  00000034 00  0080             247 		se_mflr		r0,lr
                                248 	#$$br
  00000036 00  1bc1 0908        249 		e_stmw		r30,8(r1)
  00000043 02  419e 029f 01     250 		.d2_cfa_offset_list	30,31,2,-1
                                251 	#$$er
  0000003a 00  d501             252 		se_stw		r0,20(r1)
  00000048 02  116c 7f          253 		.d2_cfa_offset    108,-1
                                254 	#$$ee
  00000077 03  0206 0a          255 		.d2prologue_end
  0000003c 00  013f             256 		se_mr		r31,r3
  0000007a 03  14               257 	        .d2line         13
  0000003e 00  77fe 2037        258 		e_rlwinm		r30,r31,4,0,27
  00000042 00  70d8 e3ff        259 		e_lis		r6,50175
  00000046 00  70c0 c108        260 		e_ori		r6,264
  0000004a 00  046e             261 		se_add		r30,r6
  0000004c 00  c07e             262 		se_lwz		r7,0(r30)
                                263 	#$$vo
  0000004e 00  65f7             264 		se_bseti		r7,31
  00000050 00  d07e             265 		se_stw		r7,0(r30)
                                266 	#$$vo
  0000007b 03  37               267 	        .d2line         14
                                268 	#$$be
  0000007c 03  0200 0b01        269 		.d2epilogue_begin
                                270 	#$$br
  00000052 00  1bc1 0808        271 		e_lmw		r30,8(r1)
                                272 	#$$er
  00000056 00  c501             273 		se_lwz		r0,20(r1)
  00000058 00  0090             274 		se_mtlr		r0
  0000005a 00  20f1             275 		se_addi		r1,16
                                276 	#$$tl 0x0 0x0 0x0
  0000005c 00  0004             277 		se_blr
                                278 	#$$ef
                                279 		.d2_cfa_end 2
                                280 		.section	.debug_info,,n
  0000013a 05  00               281 		.sleb128	0
                                282 	.L5794:
                                283 		.section	.text_vle,,c
                                284 	.L5796:
                                285 		.type		PIT_StartTimer,@function
                                286 		.size		PIT_StartTimer,.-PIT_StartTimer
                                287 	# Number of nodes = 11
                                288 	
                                289 	# Allocations for PIT_StartTimer
                                290 	#	r31		timerChannel
                                291 	#	r30		$$1
                                292 	
                                293 	#$$bf
                                294 		.align		2
                                295 		.globl		PIT_StopTimer
  0000004c 02  0000 0018 0000   296 		.d2_cfa_start __local_cie
  00000052 02  0000 0000 0000       	
  00000058 02  0000 002e            	
                                297 	PIT_StopTimer:
                                298 		.section	.debug_info,,n
                                299 	.L5803:
  0000013b 05  02               300 		.sleb128	2
  0000013c 05  0000 0178        301 		.4byte		.L5800-.L2
  00000140 05  5049 545f 5374   302 		.byte		"PIT_StopTimer"
  00000146 05  6f70 5469 6d65       	
  0000014c 05  72                   	
  0000014d 05  00               303 		.byte		0
  0000014e 05  0000 0001        304 		.4byte		.L5787
  00000152 05  10               305 		.uleb128	16
  00000153 05  01               306 		.byte		0x1
  00000154 05  01               307 		.byte		0x1
  00000155 05  0000 0000        308 		.4byte		.L5801
  00000159 05  0000 0000        309 		.4byte		.L5802
                                310 	.L5804:
  0000015d 05  03               311 		.sleb128	3
  0000015e 05  0000 0001        312 		.4byte		.L5787
  00000162 05  10               313 		.uleb128	16
  00000163 05  7469 6d65 7243   314 		.byte		"timerChannel"
  00000169 05  6861 6e6e 656c       	
  0000016f 05  00               315 		.byte		0
  00000170 05  0000 0000        316 		.4byte		.L5790
  00000174 05  02               317 		.sleb128	2
  00000175 05  90               318 		.byte		0x90
  00000176 05  1f               319 		.uleb128	31
                                320 		.section	.text_vle,,c
  00000080 03  0303 2a          321 	        .d2line         17
                                322 	.L5801:
  00000060 00  1821 06f0        323 		e_stwu		r1,-16(r1)
  0000005c 02  410e 10          324 		.d2_cfa_def_cfa_offset	16
  00000064 00  0080             325 		se_mflr		r0,lr
                                326 	#$$br
  00000066 00  1bc1 0908        327 		e_stmw		r30,8(r1)
  0000005f 02  419e 029f 01     328 		.d2_cfa_offset_list	30,31,2,-1
                                329 	#$$er
  0000006a 00  d501             330 		se_stw		r0,20(r1)
  00000064 02  116c 7f          331 		.d2_cfa_offset    108,-1
                                332 	#$$ee
  00000083 03  0206 0a          333 		.d2prologue_end
  0000006c 00  013f             334 		se_mr		r31,r3
  00000086 03  14               335 	        .d2line         19
  0000006e 00  77fe 2037        336 		e_rlwinm		r30,r31,4,0,27
  00000072 00  70d8 e3ff        337 		e_lis		r6,50175
  00000076 00  70c0 c108        338 		e_ori		r6,264
  0000007a 00  046e             339 		se_add		r30,r6
  0000007c 00  c07e             340 		se_lwz		r7,0(r30)
                                341 	#$$vo
  0000007e 00  61f7             342 		se_bclri		r7,31
  00000080 00  d07e             343 		se_stw		r7,0(r30)
                                344 	#$$vo
  00000087 03  37               345 	        .d2line         20
                                346 	#$$be
  00000088 03  0200 0b01        347 		.d2epilogue_begin
                                348 	#$$br
  00000082 00  1bc1 0808        349 		e_lmw		r30,8(r1)
                                350 	#$$er
  00000086 00  c501             351 		se_lwz		r0,20(r1)
  00000088 00  0090             352 		se_mtlr		r0
  0000008a 00  20f1             353 		se_addi		r1,16
                                354 	#$$tl 0x0 0x0 0x0
  0000008c 00  0004             355 		se_blr
                                356 	#$$ef
                                357 		.d2_cfa_end 2
                                358 		.section	.debug_info,,n
  00000177 05  00               359 		.sleb128	0
                                360 	.L5800:
                                361 		.section	.text_vle,,c
                                362 	.L5802:
                                363 		.type		PIT_StopTimer,@function
                                364 		.size		PIT_StopTimer,.-PIT_StopTimer
                                365 	# Number of nodes = 11
                                366 	
                                367 	# Allocations for PIT_StopTimer
                                368 	#	r31		timerChannel
                                369 	#	r30		$$2
                                370 	
                                371 	#$$bf
                                372 		.align		2
                                373 		.globl		PIT_ChannelInit
  00000068 02  0000 001c 0000   374 		.d2_cfa_start __local_cie
  0000006e 02  0000 0000 0000       	
  00000074 02  0000 0066            	
                                375 	PIT_ChannelInit:
                                376 		.section	.debug_info,,n
                                377 	.L5809:
  00000178 05  02               378 		.sleb128	2
  00000179 05  0000 01b7        379 		.4byte		.L5806-.L2
  0000017d 05  5049 545f 4368   380 		.byte		"PIT_ChannelInit"
  00000183 05  616e 6e65 6c49       	
  00000189 05  6e69 74              	
  0000018c 05  00               381 		.byte		0
  0000018d 05  0000 0001        382 		.4byte		.L5787
  00000191 05  16               383 		.uleb128	22
  00000192 05  01               384 		.byte		0x1
  00000193 05  01               385 		.byte		0x1
  00000194 05  0000 0000        386 		.4byte		.L5807
  00000198 05  0000 0000        387 		.4byte		.L5808
                                388 	.L5810:
  0000019c 05  03               389 		.sleb128	3
  0000019d 05  0000 0001        390 		.4byte		.L5787
  000001a1 05  16               391 		.uleb128	22
  000001a2 05  7469 6d65 7243   392 		.byte		"timerChannel"
  000001a8 05  6861 6e6e 656c       	
  000001ae 05  00               393 		.byte		0
  000001af 05  0000 0000        394 		.4byte		.L5790
  000001b3 05  02               395 		.sleb128	2
  000001b4 05  90               396 		.byte		0x90
  000001b5 05  1f               397 		.uleb128	31
                                398 		.section	.text_vle,,c
  0000008c 03  0303 2a          399 	        .d2line         23
                                400 	.L5807:
  00000090 00  1821 06e0        401 		e_stwu		r1,-32(r1)
  00000078 02  410e 20          402 		.d2_cfa_def_cfa_offset	32
  00000094 00  0080             403 		se_mflr		r0,lr
                                404 	#$$br
  00000096 00  1b81 0910        405 		e_stmw		r28,16(r1)
  0000007b 02  419c 049d 039e   406 		.d2_cfa_offset_list	28,31,4,-1
  00000081 02  029f 01              	
                                407 	#$$er
  0000009a 00  d901             408 		se_stw		r0,36(r1)
  00000084 02  116c 7f          409 		.d2_cfa_offset    108,-1
                                410 	#$$ee
  0000008f 03  0206 0a          411 		.d2prologue_end
  0000009c 00  013f             412 		se_mr		r31,r3
  00000092 03  14               413 	        .d2line         25
  0000009e 00  77e7 2037        414 		e_rlwinm		r7,r31,4,0,27
  000000a2 00  70d8 e3ff        415 		e_lis		r6,50175
  000000a6 00  6576             416 		se_bseti		r6,23
  000000a8 00  0467             417 		se_add		r7,r6
  000000aa 00  4805             418 		se_li		r5,0
  000000ac 00  d057             419 		se_stw		r5,0(r7)
                                420 	#$$vo
  00000093 03  30               421 	        .d2line         27
  000000ae 00  77fe 2037        422 		e_rlwinm		r30,r31,4,0,27
  000000b2 00  70d8 e3ff        423 		e_lis		r6,50175
  000000b6 00  70c0 c10c        424 		e_ori		r6,268
  000000ba 00  046e             425 		se_add		r30,r6
  000000bc 00  c07e             426 		se_lwz		r7,0(r30)
                                427 	#$$vo
  000000be 00  65f7             428 		se_bseti		r7,31
  000000c0 00  d07e             429 		se_stw		r7,0(r30)
                                430 	#$$vo
  00000094 03  38               431 	        .d2line         29
  000000c2 00  77fd 2037        432 		e_rlwinm		r29,r31,4,0,27
  000000c6 00  70f8 e3ff        433 		e_lis		r7,50175
  000000ca 00  70e0 c108        434 		e_ori		r7,264
  000000ce 00  047d             435 		se_add		r29,r7
  000000d0 00  c06d             436 		se_lwz		r6,0(r29)
                                437 	#$$vo
  000000d2 00  65e6             438 		se_bseti		r6,30
  000000d4 00  d06d             439 		se_stw		r6,0(r29)
                                440 	#$$vo
  00000095 03  38               441 	        .d2line         31
  000000d6 00  77fc 2037        442 		e_rlwinm		r28,r31,4,0,27
  000000da 00  70d8 e3ff        443 		e_lis		r6,50175
  000000de 00  70c0 c108        444 		e_ori		r6,264
  000000e2 00  046c             445 		se_add		r28,r6
  000000e4 00  c07c             446 		se_lwz		r7,0(r28)
                                447 	#$$vo
  000000e6 00  61f7             448 		se_bclri		r7,31
  000000e8 00  d07c             449 		se_stw		r7,0(r28)
                                450 	#$$vo
  00000096 03  37               451 	        .d2line         32
                                452 	#$$be
  00000097 03  0200 0b01        453 		.d2epilogue_begin
                                454 	#$$br
  000000ea 00  1b81 0810        455 		e_lmw		r28,16(r1)
                                456 	#$$er
  000000ee 00  c901             457 		se_lwz		r0,36(r1)
  000000f0 00  0090             458 		se_mtlr		r0
  000000f2 00  21f1             459 		se_addi		r1,32
                                460 	#$$tl 0x0 0x0 0x0
  000000f4 00  0004             461 		se_blr
                                462 	#$$ef
                                463 		.d2_cfa_end 2
                                464 		.section	.debug_info,,n
  000001b6 05  00               465 		.sleb128	0
                                466 	.L5806:
                                467 		.section	.text_vle,,c
                                468 	.L5808:
                                469 		.type		PIT_ChannelInit,@function
                                470 		.size		PIT_ChannelInit,.-PIT_ChannelInit
                                471 	# Number of nodes = 43
                                472 	
                                473 	# Allocations for PIT_ChannelInit
                                474 	#	r31		timerChannel
                                475 	#	r30		$$3
                                476 	#	r29		$$4
                                477 	#	r28		$$5
                                478 	
                                479 	#$$bf
                                480 		.align		2
                                481 		.globl		PIT_Init
  00000088 02  0000 001c 0000   482 		.d2_cfa_start __local_cie
  0000008e 02  0000 0000 0000       	
  00000094 02  0000 0038            	
                                483 	PIT_Init:
                                484 		.section	.debug_info,,n
                                485 	.L5815:
  000001b7 05  02               486 		.sleb128	2
  000001b8 05  0000 01d5        487 		.4byte		.L5812-.L2
  000001bc 05  5049 545f 496e   488 		.byte		"PIT_Init"
  000001c2 05  6974                 	
  000001c4 05  00               489 		.byte		0
  000001c5 05  0000 0001        490 		.4byte		.L5787
  000001c9 05  22               491 		.uleb128	34
  000001ca 05  01               492 		.byte		0x1
  000001cb 05  01               493 		.byte		0x1
  000001cc 05  0000 0000        494 		.4byte		.L5813
  000001d0 05  0000 0000        495 		.4byte		.L5814
                                496 		.section	.text_vle,,c
  0000009b 03  0303 2a          497 	        .d2line         35
                                498 	.L5813:
  000000f8 00  1821 06e0        499 		e_stwu		r1,-32(r1)
  00000098 02  410e 20          500 		.d2_cfa_def_cfa_offset	32
  000000fc 00  0080             501 		se_mflr		r0,lr
                                502 	#$$br
  000000fe 00  1b81 0910        503 		e_stmw		r28,16(r1)
  0000009b 02  419c 049d 039e   504 		.d2_cfa_offset_list	28,31,4,-1
  000000a1 02  029f 01              	
                                505 	#$$er
  00000102 00  d901             506 		se_stw		r0,36(r1)
  000000a4 02  116c 7f          507 		.d2_cfa_offset    108,-1
                                508 	#$$ee
  0000009e 03  0206 0a          509 		.d2prologue_end
  00000104 00  73f8 e3ff        510 		e_lis		r31,50175
  00000108 00  01fd             511 		se_mr		r29,r31
  000000a1 03  1c               512 	        .d2line         37
  0000010a 00  c06d             513 		se_lwz		r6,0(r29)
                                514 	#$$vo
  0000010c 00  61e6             515 		se_bclri		r6,30
  0000010e 00  d06d             516 		se_stw		r6,0(r29)
                                517 	#$$vo
  00000110 00  73d8 e3ff        518 		e_lis		r30,50175
  00000114 00  01ec             519 		se_mr		r28,r30
  000000a2 03  28               520 	        .d2line         39
  00000116 00  c06c             521 		se_lwz		r6,0(r28)
                                522 	#$$vo
  00000118 00  61f6             523 		se_bclri		r6,31
  0000011a 00  d06c             524 		se_stw		r6,0(r28)
                                525 	#$$vo
  000000a3 03  1c               526 	        .d2line         41
  0000011c 00  4803             527 		se_li		r3,0
                                528 	#$$fn 0xe0 0 0 0x0
                                529 	#$$tl 0x8 0x0 0x0
                                530 	#$$rs 0 s
  0000011e 00  e9b9             531 		bl		PIT_ChannelInit
  000000a4 03  18               532 	        .d2line         43
  00000120 00  4813             533 		se_li		r3,1
                                534 	#$$fn 0xe0 0 0 0x0
                                535 	#$$tl 0x8 0x0 0x0
                                536 	#$$rs 0 s
  00000122 00  e9b7             537 		bl		PIT_ChannelInit
  000000a5 03  17               538 	        .d2line         44
                                539 	#$$be
  000000a6 03  0200 0b01        540 		.d2epilogue_begin
                                541 	#$$br
  00000124 00  1b81 0810        542 		e_lmw		r28,16(r1)
                                543 	#$$er
  00000128 00  c901             544 		se_lwz		r0,36(r1)
  0000012a 00  0090             545 		se_mtlr		r0
  0000012c 00  21f1             546 		se_addi		r1,32
                                547 	#$$tl 0x0 0x0 0x0
  0000012e 00  0004             548 		se_blr
                                549 	#$$ef
                                550 		.d2_cfa_end 2
                                551 		.section	.debug_info,,n
  000001d4 05  00               552 		.sleb128	0
                                553 	.L5812:
                                554 		.section	.text_vle,,c
                                555 	.L5814:
                                556 		.type		PIT_Init,@function
                                557 		.size		PIT_Init,.-PIT_Init
                                558 	# Number of nodes = 18
                                559 	
                                560 	# Allocations for PIT_Init
                                561 	#	r31		$$6
                                562 	#	r30		$$7
                                563 	#	r29		$$8
                                564 	#	r28		$$9
                                565 	
                                566 	# Allocations for module
                                567 		.section	.debug_abbrev,,n
  00000039 04  04               568 		.uleb128	4
  0000003a 04  24               569 		.uleb128	36
  0000003b 04  00               570 		.byte		0x0
  0000003c 04  03               571 		.uleb128	3
  0000003d 04  08               572 		.uleb128	8
  0000003e 04  3e               573 		.uleb128	62
  0000003f 04  0b               574 		.uleb128	11
  00000040 04  0b               575 		.uleb128	11
  00000041 04  0b               576 		.uleb128	11
  00000042 04  00               577 		.uleb128	0
  00000043 04  00               578 		.uleb128	0
                                579 		.section	.debug_info,,n
                                580 	.L5790:
  000001d5 05  04               581 		.sleb128	4
  000001d6 05  696e 74          582 		.byte		"int"
  000001d9 05  00               583 		.byte		0
  000001da 05  05               584 		.byte		0x5
  000001db 05  04               585 		.byte		0x4
                                586 	.L5792:
  000001dc 05  04               587 		.sleb128	4
  000001dd 05  756e 7369 676e   588 		.byte		"unsigned int"
  000001e3 05  6564 2069 6e74       	
  000001e9 05  00               589 		.byte		0
  000001ea 05  07               590 		.byte		0x7
  000001eb 05  04               591 		.byte		0x4
                                592 	.L7:
  000001ec 05  00               593 		.sleb128	0
                                594 	.L3:
                                595 		.section	.text_vle,,c
                                596 	.L5:
                                597 	.L5787:	.d2filenum "C:\\Users\\ASE-Lab\\Desktop\\ASEUnit2\\Template\\src\\pit.c"
  000000aa 03  0005 0200 0000   598 		.d2_line_end
  000000b0 03  0000 0101            	
                                599 		.section	.debug_abbrev,,n
  00000044 04  00               600 		.sleb128	0
