                                  1 	#$$m2		- PowerPC mnemonics
                                  2 	#$$pVLE		- PowerPC VLE encoding
                                  3 	#$$oPPC5534  - Optimized for PPC5534
                                  4 	#$$ko 9		- Reorder info
                                  5 		.file		"romcopy.c"
                                  6 	#$$eb
                                  7 	#$$sz 0
                                  8 	#$$fp 0
                                  9 		.section	.PPC.EMB.apuinfo,,@note
  00000000 01  0000 0008         10 		.4byte		8
  00000004 01  0000 0004         11 		.4byte		4
  00000008 01  0000 0002         12 		.4byte		2
  0000000c 01  4150 5569 6e66    13 		.byte		"APUinfo"
  00000012 01  6f                   	
  00000013 01  00                14 		.byte		0
                                 15 		.align		2
  00000014 01  0104 0001         16 		.4byte		0x01040001
                                 17 		.section	.text_vle,,c
                                 18 		.section	.debug_frame,,n
                                 19 	__local_cie: 
  00000000 02  0000 0010         20 		.word	.LE-.LS
                                 21 	.LS:
  00000004 02  ffff ffff         22 		.word	-1
  00000008 02  01                23 		.byte	1
  00000009 02  00                24 		.byte	0
  0000000a 02  04                25 		.uleb128	4
  0000000b 02  7c                26 		.sleb128	-4
  0000000c 02  6c                27 		.byte	108
  0000000d 02  0c                28 		.byte	0x0c
  0000000e 02  01                29 		.byte	1
  0000000f 02  00                30 		.byte	0
  00000010 02  08                31 		.byte	8
  00000011 02  6c                32 		.byte	108
                                 33 		.fill           (.LS-.)&3
                                 34 	.LE:
                                 35 		.section	.debug_line,,n
                                 36 	.L8:
                                 37 		.section	.text_vle,,c
                                 38 	.L4:
  00000000 00                    39 		.0byte		.L2
  00000000 03  0000 009e 0002    40 		.d2_line_start	.debug_line
  00000006 03  0000 0013 0201       	
  0000000c 03  ff04 0d00 0101       	
  00000012 03  0101 0000 0001       	
  00000018 03  0000 0100 00         	
                                 41 		.section	.debug_abbrev,,n
                                 42 	.L9:
                                 43 		.section	.debug_info,,n
                                 44 	.L2:
  00000000 05  0000 0215         45 		.4byte		.L3-.L1
                                 46 	.L1:
  00000004 05  0002              47 		.2byte		0x2
  00000006 05  0000 0000         48 		.4byte		.L9
  0000000a 05  04                49 		.byte		0x4
                                 50 		.section	.debug_abbrev,,n
  00000000 04  01                51 		.uleb128	1
  00000001 04  11                52 		.uleb128	17
  00000002 04  01                53 		.byte		0x1
  00000003 04  01                54 		.uleb128	1
  00000004 04  13                55 		.uleb128	19
  00000005 04  03                56 		.uleb128	3
  00000006 04  08                57 		.uleb128	8
  00000007 04  25                58 		.uleb128	37
  00000008 04  08                59 		.uleb128	8
  00000009 04  1b                60 		.uleb128	27
  0000000a 04  08                61 		.uleb128	8
  0000000b 04  13                62 		.uleb128	19
  0000000c 04  0f                63 		.uleb128	15
  0000000d 04  11                64 		.uleb128	17
  0000000e 04  01                65 		.uleb128	1
  0000000f 04  12                66 		.uleb128	18
  00000010 04  01                67 		.uleb128	1
  00000011 04  10                68 		.uleb128	16
  00000012 04  06                69 		.uleb128	6
  00000013 04  00                70 		.uleb128	0
  00000014 04  00                71 		.uleb128	0
                                 72 		.section	.debug_info,,n
  0000000b 05  01                73 		.sleb128	1
  0000000c 05  0000 0218         74 		.4byte		.L7-.L2
  00000010 05  433a 5c55 7365    75 		.byte		"C:\\Users\\ASE-Lab\\Desktop\\ASEUnit2\\Template\\src\\romcopy.c"
  00000016 05  7273 5c41 5345       	
  0000001c 05  2d4c 6162 5c44       	
  00000022 05  6573 6b74 6f70       	
  00000028 05  5c41 5345 556e       	
  0000002e 05  6974                 	
  00000048 05  00                76 		.byte		0
  00000049 05  4469 6162 2044    77 		.byte		"Diab Data, Inc:dcc Rel 5.7.0.0:PPC5534"
  0000004f 05  6174 612c 2049       	
  00000055 05  6e63 3a64 6363       	
  0000005b 05  2052 656c 2035       	
  00000061 05  2e37 2e30 2e30       	
  00000067 05  3a50                 	
  0000006f 05  00                78 		.byte		0
  00000070 05  433a 5c55 7365    79 		.byte		"C:\\Users\\ASE-Lab\\Desktop\\ASEUnit2\\Template"
  00000076 05  7273 5c41 5345       	
  0000007c 05  2d4c 6162 5c44       	
  00000082 05  6573 6b74 6f70       	
  00000088 05  5c41 5345 556e       	
  0000008e 05  6974                 	
  0000009a 05  00                80 		.byte		0
  0000009b 05  01                81 		.uleb128	1
  0000009c 05  0000 0000         82 		.4byte		.L4
  000000a0 05  0000 0000         83 		.4byte		.L5
  000000a4 05  0000 0000         84 		.4byte		.L8
                                 85 		.section	.text_vle,,c
                                 86 	
                                 87 	#$$bf
                                 88 		.align		2
                                 89 		.globl		romcopy
  00000014 02  0000 001c 0000    90 		.d2_cfa_start __local_cie
  0000001a 02  0000 0000 0000       	
  00000020 02  0000 00a2            	
                                 91 	romcopy:
                                 92 		.section	.debug_abbrev,,n
  00000015 04  02                93 		.uleb128	2
  00000016 04  2e                94 		.uleb128	46
  00000017 04  01                95 		.byte		0x1
  00000018 04  01                96 		.uleb128	1
  00000019 04  13                97 		.uleb128	19
  0000001a 04  03                98 		.uleb128	3
  0000001b 04  08                99 		.uleb128	8
  0000001c 04  3a               100 		.uleb128	58
  0000001d 04  06               101 		.uleb128	6
  0000001e 04  3b               102 		.uleb128	59
  0000001f 04  0f               103 		.uleb128	15
  00000020 04  49               104 		.uleb128	73
  00000021 04  10               105 		.uleb128	16
  00000022 04  3f               106 		.uleb128	63
  00000023 04  0c               107 		.uleb128	12
  00000024 04  27               108 		.uleb128	39
  00000025 04  0c               109 		.uleb128	12
  00000026 04  11               110 		.uleb128	17
  00000027 04  01               111 		.uleb128	1
  00000028 04  12               112 		.uleb128	18
  00000029 04  01               113 		.uleb128	1
  0000002a 04  00               114 		.uleb128	0
  0000002b 04  00               115 		.uleb128	0
                                116 		.section	.debug_info,,n
                                117 	.L25:
  000000a8 05  02               118 		.sleb128	2
  000000a9 05  0000 0130        119 		.4byte		.L20-.L2
  000000ad 05  726f 6d63 6f70   120 		.byte		"romcopy"
  000000b3 05  79                   	
  000000b4 05  00               121 		.byte		0
  000000b5 05  0000 0001        122 		.4byte		.L23
  000000b9 05  2a               123 		.uleb128	42
  000000ba 05  0000 0000        124 		.4byte		.L24
  000000be 05  01               125 		.byte		0x1
  000000bf 05  01               126 		.byte		0x1
  000000c0 05  0000 0000        127 		.4byte		.L21
  000000c4 05  0000 0000        128 		.4byte		.L22
                                129 		.section	.debug_abbrev,,n
  0000002c 04  03               130 		.uleb128	3
  0000002d 04  34               131 		.uleb128	52
  0000002e 04  00               132 		.byte		0x0
  0000002f 04  3a               133 		.uleb128	58
  00000030 04  06               134 		.uleb128	6
  00000031 04  3b               135 		.uleb128	59
  00000032 04  0f               136 		.uleb128	15
  00000033 04  03               137 		.uleb128	3
  00000034 04  08               138 		.uleb128	8
  00000035 04  49               139 		.uleb128	73
  00000036 04  10               140 		.uleb128	16
  00000037 04  02               141 		.uleb128	2
  00000038 04  09               142 		.uleb128	9
  00000039 04  00               143 		.uleb128	0
  0000003a 04  00               144 		.uleb128	0
                                145 		.section	.debug_info,,n
                                146 	.L26:
  000000c8 05  03               147 		.sleb128	3
  000000c9 05  0000 0001        148 		.4byte		.L23
  000000cd 05  2c               149 		.uleb128	44
  000000ce 05  636f 756e 74     150 		.byte		"count"
  000000d3 05  00               151 		.byte		0
  000000d4 05  0000 0000        152 		.4byte		.L24
  000000d8 05  02               153 		.sleb128	2
  000000d9 05  90               154 		.byte		0x90
  000000da 05  1f               155 		.uleb128	31
                                156 	.L27:
  000000db 05  03               157 		.sleb128	3
  000000dc 05  0000 0001        158 		.4byte		.L23
  000000e0 05  2d               159 		.uleb128	45
  000000e1 05  6465 7374 696e   160 		.byte		"destinationLocation"
  000000e7 05  6174 696f 6e4c       	
  000000ed 05  6f63 6174 696f       	
  000000f3 05  6e                   	
  000000f4 05  00               161 		.byte		0
  000000f5 05  0000 0000        162 		.4byte		.L28
  000000f9 05  02               163 		.sleb128	2
  000000fa 05  90               164 		.byte		0x90
  000000fb 05  1e               165 		.uleb128	30
                                166 	.L30:
  000000fc 05  03               167 		.sleb128	3
  000000fd 05  0000 0001        168 		.4byte		.L23
  00000101 05  2e               169 		.uleb128	46
  00000102 05  536f 7572 6365   170 		.byte		"SourceLocation"
  00000108 05  4c6f 6361 7469       	
  0000010e 05  6f6e                 	
  00000110 05  00               171 		.byte		0
  00000111 05  0000 0000        172 		.4byte		.L28
  00000115 05  02               173 		.sleb128	2
  00000116 05  90               174 		.byte		0x90
  00000117 05  1d               175 		.uleb128	29
                                176 	.L31:
  00000118 05  03               177 		.sleb128	3
  00000119 05  0000 0001        178 		.4byte		.L23
  0000011d 05  2f               179 		.uleb128	47
  0000011e 05  4e6f 4f66 4279   180 		.byte		"NoOfBytes"
  00000124 05  7465 73              	
  00000127 05  00               181 		.byte		0
  00000128 05  0000 0000        182 		.4byte		.L32
  0000012c 05  02               183 		.sleb128	2
  0000012d 05  90               184 		.byte		0x90
  0000012e 05  1c               185 		.uleb128	28
                                186 		.section	.text_vle,,c
  0000001d 03  0044 0343 3a5c   187 		.d2file		"C:\\Users\\ASE-Lab\\Desktop\\ASEUnit2\\Template\\src\\romcopy.c"
  00000023 03  5c55 7365 7273       	
  00000029 03  5c5c 4153 452d       	
  0000002f 03  4c61 625c 5c44       	
  00000035 03  6573 6b74 6f70       	
  0000003b 03  5c5c                 	
  00000065 03  0005 0200 0000   188 	        .d2line         43
  0000006b 03  0003 2a0e            	
                                189 	.L21:
  00000000 00  1821 06e0        190 		e_stwu		r1,-32(r1)
  00000024 02  410e 20          191 		.d2_cfa_def_cfa_offset	32
  00000004 00  0080             192 		se_mflr		r0,lr
                                193 	#$$br
  00000006 00  1b81 0910        194 		e_stmw		r28,16(r1)
  00000027 02  419c 049d 039e   195 		.d2_cfa_offset_list	28,31,4,-1
  0000002d 02  029f 01              	
                                196 	#$$er
  0000000a 00  d901             197 		se_stw		r0,36(r1)
  00000030 02  116c 7f          198 		.d2_cfa_offset    108,-1
                                199 	#$$ee
  0000006f 03  0206 0a          200 		.d2prologue_end
  00000072 03  10               201 	        .d2line         45
  0000000c 00  73c0 e000        202 		e_lis		r30,__DATA_RAM@ha
  00000010 00  1fde 0000        203 		e_add16i	r30,r30,__DATA_RAM@l
  00000073 03  1f               204 	        .d2line         46
  00000014 00  73a0 e000        205 		e_lis		r29,__DATA_ROM@ha
  00000018 00  1fbd 0000        206 		e_add16i	r29,r29,__DATA_ROM@l
  00000074 03  1f               207 	        .d2line         47
  0000001c 00  70e0 e000        208 		e_lis		r7,__DATA_END@ha
  00000020 00  1ce7 0000        209 		e_add16i	r7,r7,__DATA_END@l
  00000024 00  7380 e000        210 		e_lis		r28,__DATA_RAM@ha
  00000028 00  1f9c 0000        211 		e_add16i	r28,r28,__DATA_RAM@l
  0000002c 00  077c             212 		se_subf		r28,r7
  00000075 03  0305 32          213 	        .d2line         52
  0000002e 00  70e0 e000        214 		e_lis		r7,__DATA_ROM@ha
  00000032 00  1ce7 0000        215 		e_add16i	r7,r7,__DATA_ROM@l
  00000036 00  70c0 e000        216 		e_lis		r6,__DATA_RAM@ha
  0000003a 00  1cc6 0000        217 		e_add16i	r6,r6,__DATA_RAM@l
  0000003e 00  0d67             218 		se_cmpl		r7,r6
  00000040 00  e60a             219 		bc		1,2,.L14	# eq
  00000078 03  38               220 	        .d2line         54
  00000042 00  480f             221 		se_li		r31,0
                                222 	.L13:
  00000044 00  0ccf             223 		se_cmp		r31,r28
  00000046 00  e007             224 		bc		0,0,.L14	# ge
  00000079 03  1c               225 	        .d2line         56
  00000048 00  807d             226 		se_lbz		r7,0(r29)
  0000004a 00  907e             227 		se_stb		r7,0(r30)
  0000007a 03  17               228 	        .d2line         57
  0000004c 00  200e             229 		se_addi		r30,1
  0000007b 03  13               230 	        .d2line         58
  0000004e 00  200d             231 		se_addi		r29,1
  0000007c 03  037c 12          232 	        .d2line         54
  00000050 00  200f             233 		se_addi		r31,1
  0000007f 03  0305 12          234 	        .d2line         59
  00000052 00  e8f9             235 		b		.L13
                                236 	.L14:
  00000082 03  0304 12          237 	        .d2line         63
  00000054 00  70e0 e000        238 		e_lis		r7,__BSS_START@ha
  00000058 00  1ce7 0000        239 		e_add16i	r7,r7,__BSS_START@l
  0000005c 00  70c0 e000        240 		e_lis		r6,__BSS_END@ha
  00000060 00  1cc6 0000        241 		e_add16i	r6,r6,__BSS_END@l
  00000064 00  0d67             242 		se_cmpl		r7,r6
  00000066 00  e616             243 		bc		1,2,.L18	# eq
  00000085 03  38               244 	        .d2line         65
  00000068 00  73c0 e000        245 		e_lis		r30,__BSS_START@ha
  0000006c 00  1fde 0000        246 		e_add16i	r30,r30,__BSS_START@l
  00000086 03  1f               247 	        .d2line         66
  00000070 00  70c0 e000        248 		e_lis		r6,__BSS_END@ha
  00000074 00  1cc6 0000        249 		e_add16i	r6,r6,__BSS_END@l
  00000078 00  7380 e000        250 		e_lis		r28,__BSS_START@ha
  0000007c 00  1f9c 0000        251 		e_add16i	r28,r28,__BSS_START@l
  00000080 00  076c             252 		se_subf		r28,r6
  00000087 03  33               253 	        .d2line         67
  00000082 00  480f             254 		se_li		r31,0
                                255 	.L17:
  00000084 00  0ccf             256 		se_cmp		r31,r28
  00000086 00  e006             257 		bc		0,0,.L18	# ge
  00000088 03  1c               258 	        .d2line         69
  00000088 00  4807             259 		se_li		r7,0
  0000008a 00  907e             260 		se_stb		r7,0(r30)
  00000089 03  17               261 	        .d2line         70
  0000008c 00  200e             262 		se_addi		r30,1
  0000008a 03  037d 12          263 	        .d2line         67
  0000008e 00  200f             264 		se_addi		r31,1
  0000008d 03  0304 12          265 	        .d2line         71
  00000090 00  e8fa             266 		b		.L17
                                267 	.L18:
  00000090 03  0304 12          268 	        .d2line         75
                                269 	#$$fn 0x1ff8 0 0 0x1
                                270 	#$$tl 0x0 0x0 0x0
                                271 	#$$rs 4 s
  00000092 00  7800 0001        272 		bl		main
  00000093 03  17               273 	        .d2line         76
                                274 	#$$be
  00000094 03  0200 0b01        275 		.d2epilogue_begin
                                276 	#$$br
  00000096 00  1b81 0810        277 		e_lmw		r28,16(r1)
                                278 	#$$er
  0000009a 00  c901             279 		se_lwz		r0,36(r1)
  0000009c 00  0090             280 		se_mtlr		r0
  0000009e 00  21f1             281 		se_addi		r1,32
                                282 	#$$tl 0x8 0x0 0x0
  000000a0 00  0004             283 		se_blr
                                284 	#$$ef
                                285 		.d2_cfa_end 2
                                286 		.section	.debug_info,,n
  0000012f 05  00               287 		.sleb128	0
                                288 	.L20:
                                289 		.section	.text_vle,,c
                                290 	.L22:
                                291 		.type		romcopy,@function
                                292 		.size		romcopy,.-romcopy
                                293 	# Number of nodes = 80
                                294 	
                                295 	# Allocations for romcopy
                                296 	#	r31		count
                                297 	#	r30		destinationLocation
                                298 	#	r29		SourceLocation
                                299 	#	r28		NoOfBytes
                                300 	
                                301 	# Allocations for module
                                302 		.section	.debug_abbrev,,n
  0000003b 04  04               303 		.uleb128	4
  0000003c 04  34               304 		.uleb128	52
  0000003d 04  00               305 		.byte		0x0
  0000003e 04  3f               306 		.uleb128	63
  0000003f 04  0c               307 		.uleb128	12
  00000040 04  3a               308 		.uleb128	58
  00000041 04  06               309 		.uleb128	6
  00000042 04  3b               310 		.uleb128	59
  00000043 04  0f               311 		.uleb128	15
  00000044 04  03               312 		.uleb128	3
  00000045 04  08               313 		.uleb128	8
  00000046 04  49               314 		.uleb128	73
  00000047 04  10               315 		.uleb128	16
  00000048 04  02               316 		.uleb128	2
  00000049 04  09               317 		.uleb128	9
  0000004a 04  00               318 		.uleb128	0
  0000004b 04  00               319 		.uleb128	0
                                320 		.section	.debug_info,,n
                                321 	.L33:
  00000130 05  04               322 		.sleb128	4
  00000131 05  01               323 		.byte		0x1
  00000132 05  0000 0001        324 		.4byte		.L23
  00000136 05  28               325 		.uleb128	40
  00000137 05  5f5f 4441 5441   326 		.byte		"__DATA_ROM"
  0000013d 05  5f52 4f4d            	
  00000141 05  00               327 		.byte		0
  00000142 05  0000 0000        328 		.4byte		.L34
  00000146 05  05               329 		.sleb128	5
  00000147 05  03               330 		.byte		0x3
  00000148 05  0000 0000        331 		.4byte		__DATA_ROM
                                332 	.L36:
  0000014c 05  04               333 		.sleb128	4
  0000014d 05  01               334 		.byte		0x1
  0000014e 05  0000 0001        335 		.4byte		.L23
  00000152 05  28               336 		.uleb128	40
  00000153 05  5f5f 4441 5441   337 		.byte		"__DATA_RAM"
  00000159 05  5f52 414d            	
  0000015d 05  00               338 		.byte		0
  0000015e 05  0000 0000        339 		.4byte		.L37
  00000162 05  05               340 		.sleb128	5
  00000163 05  03               341 		.byte		0x3
  00000164 05  0000 0000        342 		.4byte		__DATA_RAM
                                343 	.L39:
  00000168 05  04               344 		.sleb128	4
  00000169 05  01               345 		.byte		0x1
  0000016a 05  0000 0001        346 		.4byte		.L23
  0000016e 05  28               347 		.uleb128	40
  0000016f 05  5f5f 4441 5441   348 		.byte		"__DATA_END"
  00000175 05  5f45 4e44            	
  00000179 05  00               349 		.byte		0
  0000017a 05  0000 0000        350 		.4byte		.L40
  0000017e 05  05               351 		.sleb128	5
  0000017f 05  03               352 		.byte		0x3
  00000180 05  0000 0000        353 		.4byte		__DATA_END
                                354 	.L42:
  00000184 05  04               355 		.sleb128	4
  00000185 05  01               356 		.byte		0x1
  00000186 05  0000 0001        357 		.4byte		.L23
  0000018a 05  28               358 		.uleb128	40
  0000018b 05  5f5f 4253 535f   359 		.byte		"__BSS_START"
  00000191 05  5354 4152 54         	
  00000196 05  00               360 		.byte		0
  00000197 05  0000 0000        361 		.4byte		.L43
  0000019b 05  05               362 		.sleb128	5
  0000019c 05  03               363 		.byte		0x3
  0000019d 05  0000 0000        364 		.4byte		__BSS_START
                                365 	.L45:
  000001a1 05  04               366 		.sleb128	4
  000001a2 05  01               367 		.byte		0x1
  000001a3 05  0000 0001        368 		.4byte		.L23
  000001a7 05  28               369 		.uleb128	40
  000001a8 05  5f5f 4253 535f   370 		.byte		"__BSS_END"
  000001ae 05  454e 44              	
  000001b1 05  00               371 		.byte		0
  000001b2 05  0000 0000        372 		.4byte		.L46
  000001b6 05  05               373 		.sleb128	5
  000001b7 05  03               374 		.byte		0x3
  000001b8 05  0000 0000        375 		.4byte		__BSS_END
                                376 		.section	.debug_abbrev,,n
  0000004c 04  05               377 		.uleb128	5
  0000004d 04  24               378 		.uleb128	36
  0000004e 04  00               379 		.byte		0x0
  0000004f 04  03               380 		.uleb128	3
  00000050 04  08               381 		.uleb128	8
  00000051 04  3e               382 		.uleb128	62
  00000052 04  0b               383 		.uleb128	11
  00000053 04  0b               384 		.uleb128	11
  00000054 04  0b               385 		.uleb128	11
  00000055 04  00               386 		.uleb128	0
  00000056 04  00               387 		.uleb128	0
                                388 		.section	.debug_info,,n
                                389 	.L24:
  000001bc 05  05               390 		.sleb128	5
  000001bd 05  696e 74          391 		.byte		"int"
  000001c0 05  00               392 		.byte		0
  000001c1 05  05               393 		.byte		0x5
  000001c2 05  04               394 		.byte		0x4
                                395 	.L29:
  000001c3 05  05               396 		.sleb128	5
  000001c4 05  756e 7369 676e   397 		.byte		"unsigned char"
  000001ca 05  6564 2063 6861       	
  000001d0 05  72                   	
  000001d1 05  00               398 		.byte		0
  000001d2 05  08               399 		.byte		0x8
  000001d3 05  01               400 		.byte		0x1
                                401 		.section	.debug_abbrev,,n
  00000057 04  06               402 		.uleb128	6
  00000058 04  0f               403 		.uleb128	15
  00000059 04  00               404 		.byte		0x0
  0000005a 04  49               405 		.uleb128	73
  0000005b 04  10               406 		.uleb128	16
  0000005c 04  00               407 		.uleb128	0
  0000005d 04  00               408 		.uleb128	0
                                409 		.section	.debug_info,,n
                                410 	.L28:
  000001d4 05  06               411 		.sleb128	6
  000001d5 05  0000 0000        412 		.4byte		.L29
                                413 	.L32:
  000001d9 05  05               414 		.sleb128	5
  000001da 05  6c6f 6e67        415 		.byte		"long"
  000001de 05  00               416 		.byte		0
  000001df 05  05               417 		.byte		0x5
  000001e0 05  04               418 		.byte		0x4
                                419 		.section	.debug_abbrev,,n
  0000005e 04  07               420 		.uleb128	7
  0000005f 04  01               421 		.uleb128	1
  00000060 04  01               422 		.byte		0x1
  00000061 04  01               423 		.uleb128	1
  00000062 04  13               424 		.uleb128	19
  00000063 04  49               425 		.uleb128	73
  00000064 04  10               426 		.uleb128	16
  00000065 04  00               427 		.uleb128	0
  00000066 04  00               428 		.uleb128	0
                                429 		.section	.debug_info,,n
                                430 	.L34:
  000001e1 05  07               431 		.sleb128	7
  000001e2 05  0000 01ec        432 		.4byte		.L35-.L2
  000001e6 05  0000 0000        433 		.4byte		.L29
                                434 		.section	.debug_abbrev,,n
  00000067 04  08               435 		.uleb128	8
  00000068 04  21               436 		.uleb128	33
  00000069 04  00               437 		.byte		0x0
  0000006a 04  00               438 		.uleb128	0
  0000006b 04  00               439 		.uleb128	0
                                440 		.section	.debug_info,,n
  000001ea 05  08               441 		.sleb128	8
  000001eb 05  00               442 		.sleb128	0
                                443 	.L35:
                                444 	.L37:
  000001ec 05  07               445 		.sleb128	7
  000001ed 05  0000 01f7        446 		.4byte		.L38-.L2
  000001f1 05  0000 0000        447 		.4byte		.L29
  000001f5 05  08               448 		.sleb128	8
  000001f6 05  00               449 		.sleb128	0
                                450 	.L38:
                                451 	.L40:
  000001f7 05  07               452 		.sleb128	7
  000001f8 05  0000 0202        453 		.4byte		.L41-.L2
  000001fc 05  0000 0000        454 		.4byte		.L29
  00000200 05  08               455 		.sleb128	8
  00000201 05  00               456 		.sleb128	0
                                457 	.L41:
                                458 	.L43:
  00000202 05  07               459 		.sleb128	7
  00000203 05  0000 020d        460 		.4byte		.L44-.L2
  00000207 05  0000 0000        461 		.4byte		.L29
  0000020b 05  08               462 		.sleb128	8
  0000020c 05  00               463 		.sleb128	0
                                464 	.L44:
                                465 	.L46:
  0000020d 05  07               466 		.sleb128	7
  0000020e 05  0000 0218        467 		.4byte		.L47-.L2
  00000212 05  0000 0000        468 		.4byte		.L29
  00000216 05  08               469 		.sleb128	8
  00000217 05  00               470 		.sleb128	0
                                471 	.L47:
                                472 	.L7:
  00000218 05  00               473 		.sleb128	0
                                474 	.L3:
                                475 		.section	.text_vle,,c
                                476 	.L5:
                                477 	.L23:	.d2filenum "C:\\Users\\ASE-Lab\\Desktop\\ASEUnit2\\Template\\src\\romcopy.c"
  00000098 03  0005 0200 0000   478 		.d2_line_end
  0000009e 03  0000 0101            	
                                479 		.section	.debug_abbrev,,n
  0000006c 04  00               480 		.sleb128	0
