                                  1 	#$$m2		- PowerPC mnemonics
                                  2 	#$$pVLE		- PowerPC VLE encoding
                                  3 	#$$oPPC5534  - Optimized for PPC5534
                                  4 	#$$ko 9		- Reorder info
                                  5 		.file		"siu.c"
                                  6 	#$$eb
                                  7 	#$$sz 0
                                  8 	#$$fp 0
                                  9 		.section	.PPC.EMB.apuinfo,,@note
  00000000 01  0000 0008         10 		.4byte		8
  00000004 01  0000 0004         11 		.4byte		4
  00000008 01  0000 0002         12 		.4byte		2
  0000000c 01  4150 5569 6e66    13 		.byte		"APUinfo"
  00000012 01  6f                   	
  00000013 01  00                14 		.byte		0
                                 15 		.align		2
  00000014 01  0104 0001         16 		.4byte		0x01040001
                                 17 		.section	.text_vle,,c
                                 18 		.section	.debug_frame,,n
                                 19 	__local_cie: 
  00000000 02  0000 0010         20 		.word	.LE-.LS
                                 21 	.LS:
  00000004 02  ffff ffff         22 		.word	-1
  00000008 02  01                23 		.byte	1
  00000009 02  00                24 		.byte	0
  0000000a 02  04                25 		.uleb128	4
  0000000b 02  7c                26 		.sleb128	-4
  0000000c 02  6c                27 		.byte	108
  0000000d 02  0c                28 		.byte	0x0c
  0000000e 02  01                29 		.byte	1
  0000000f 02  00                30 		.byte	0
  00000010 02  08                31 		.byte	8
  00000011 02  6c                32 		.byte	108
                                 33 		.fill           (.LS-.)&3
                                 34 	.LE:
                                 35 		.section	.debug_line,,n
                                 36 	.L8:
                                 37 		.section	.text_vle,,c
                                 38 	.L4:
  00000000 00                    39 		.0byte		.L2
  00000000 03  0000 0093 0002    40 		.d2_line_start	.debug_line
  00000006 03  0000 0013 0201       	
  0000000c 03  ff04 0d00 0101       	
  00000012 03  0101 0000 0001       	
  00000018 03  0000 0100 00         	
                                 41 		.section	.debug_abbrev,,n
                                 42 	.L9:
                                 43 		.section	.debug_info,,n
                                 44 	.L2:
  00000000 05  0000 00bf         45 		.4byte		.L3-.L1
                                 46 	.L1:
  00000004 05  0002              47 		.2byte		0x2
  00000006 05  0000 0000         48 		.4byte		.L9
  0000000a 05  04                49 		.byte		0x4
                                 50 		.section	.debug_abbrev,,n
  00000000 04  01                51 		.uleb128	1
  00000001 04  11                52 		.uleb128	17
  00000002 04  01                53 		.byte		0x1
  00000003 04  01                54 		.uleb128	1
  00000004 04  13                55 		.uleb128	19
  00000005 04  03                56 		.uleb128	3
  00000006 04  08                57 		.uleb128	8
  00000007 04  25                58 		.uleb128	37
  00000008 04  08                59 		.uleb128	8
  00000009 04  1b                60 		.uleb128	27
  0000000a 04  08                61 		.uleb128	8
  0000000b 04  13                62 		.uleb128	19
  0000000c 04  0f                63 		.uleb128	15
  0000000d 04  11                64 		.uleb128	17
  0000000e 04  01                65 		.uleb128	1
  0000000f 04  12                66 		.uleb128	18
  00000010 04  01                67 		.uleb128	1
  00000011 04  10                68 		.uleb128	16
  00000012 04  06                69 		.uleb128	6
  00000013 04  00                70 		.uleb128	0
  00000014 04  00                71 		.uleb128	0
                                 72 		.section	.debug_info,,n
  0000000b 05  01                73 		.sleb128	1
  0000000c 05  0000 00c2         74 		.4byte		.L7-.L2
  00000010 05  433a 5c55 7365    75 		.byte		"C:\\Users\\ASE-Lab\\Desktop\\ASEUnit2\\Template\\src\\siu.c"
  00000016 05  7273 5c41 5345       	
  0000001c 05  2d4c 6162 5c44       	
  00000022 05  6573 6b74 6f70       	
  00000028 05  5c41 5345 556e       	
  0000002e 05  6974                 	
  00000044 05  00                76 		.byte		0
  00000045 05  4469 6162 2044    77 		.byte		"Diab Data, Inc:dcc Rel 5.7.0.0:PPC5534"
  0000004b 05  6174 612c 2049       	
  00000051 05  6e63 3a64 6363       	
  00000057 05  2052 656c 2035       	
  0000005d 05  2e37 2e30 2e30       	
  00000063 05  3a50                 	
  0000006b 05  00                78 		.byte		0
  0000006c 05  433a 5c55 7365    79 		.byte		"C:\\Users\\ASE-Lab\\Desktop\\ASEUnit2\\Template"
  00000072 05  7273 5c41 5345       	
  00000078 05  2d4c 6162 5c44       	
  0000007e 05  6573 6b74 6f70       	
  00000084 05  5c41 5345 556e       	
  0000008a 05  6974                 	
  00000096 05  00                80 		.byte		0
  00000097 05  01                81 		.uleb128	1
  00000098 05  0000 0000         82 		.4byte		.L4
  0000009c 05  0000 0000         83 		.4byte		.L5
  000000a0 05  0000 0000         84 		.4byte		.L8
                                 85 		.section	.text_vle,,c
                                 86 	
                                 87 	#$$bf
                                 88 		.align		2
                                 89 		.globl		SIU_Init
  00000014 02  0000 003c 0000    90 		.d2_cfa_start __local_cie
  0000001a 02  0000 0000 0000       	
  00000020 02  0000 0146            	
                                 91 	SIU_Init:
                                 92 		.section	.debug_abbrev,,n
  00000015 04  02                93 		.uleb128	2
  00000016 04  2e                94 		.uleb128	46
  00000017 04  01                95 		.byte		0x1
  00000018 04  01                96 		.uleb128	1
  00000019 04  13                97 		.uleb128	19
  0000001a 04  03                98 		.uleb128	3
  0000001b 04  08                99 		.uleb128	8
  0000001c 04  3a               100 		.uleb128	58
  0000001d 04  06               101 		.uleb128	6
  0000001e 04  3b               102 		.uleb128	59
  0000001f 04  0f               103 		.uleb128	15
  00000020 04  3f               104 		.uleb128	63
  00000021 04  0c               105 		.uleb128	12
  00000022 04  27               106 		.uleb128	39
  00000023 04  0c               107 		.uleb128	12
  00000024 04  11               108 		.uleb128	17
  00000025 04  01               109 		.uleb128	1
  00000026 04  12               110 		.uleb128	18
  00000027 04  01               111 		.uleb128	1
  00000028 04  00               112 		.uleb128	0
  00000029 04  00               113 		.uleb128	0
                                114 		.section	.debug_info,,n
                                115 	.L5784:
  000000a4 05  02               116 		.sleb128	2
  000000a5 05  0000 00c2        117 		.4byte		.L5780-.L2
  000000a9 05  5349 555f 496e   118 		.byte		"SIU_Init"
  000000af 05  6974                 	
  000000b1 05  00               119 		.byte		0
  000000b2 05  0000 0001        120 		.4byte		.L5783
  000000b6 05  03               121 		.uleb128	3
  000000b7 05  01               122 		.byte		0x1
  000000b8 05  01               123 		.byte		0x1
  000000b9 05  0000 0000        124 		.4byte		.L5781
  000000bd 05  0000 0000        125 		.4byte		.L5782
                                126 		.section	.text_vle,,c
  0000001d 03  0040 0343 3a5c   127 		.d2file		"C:\\Users\\ASE-Lab\\Desktop\\ASEUnit2\\Template\\src\\siu.c"
  00000023 03  5c55 7365 7273       	
  00000029 03  5c5c 4153 452d       	
  0000002f 03  4c61 625c 5c44       	
  00000035 03  6573 6b74 6f70       	
  0000003b 03  5c5c                 	
  00000061 03  0005 0200 0000   128 	        .d2line         3
  00000067 03  0010                 	
                                129 	.L5781:
  00000000 00  1821 0680        130 		e_stwu		r1,-128(r1)
  00000024 02  410e 8001        131 		.d2_cfa_def_cfa_offset	128
  00000004 00  0080             132 		se_mflr		r0,lr
                                133 	#$$br
  00000006 00  19c1 0938        134 		e_stmw		r14,56(r1)
  00000028 02  418e 128f 1190   135 		.d2_cfa_offset_list	14,31,18,-1
  0000002e 02  1091 0f92 0e93       	
  00000034 02  0d94 0c95 0b96       	
  0000003a 02  0a97 0998 0899       	
  00000040 02  079a 069b 059c       	
  00000046 02  049d                 	
                                136 	#$$er
  0000000a 00  5401 0084        137 		e_stw		r0,132(r1)
  0000004d 02  4111 6c7f        138 		.d2_cfa_offset    108,-1
                                139 	#$$ee
  00000069 03  0207 0a          140 		.d2prologue_end
  0000000e 00  70f8 e3f9        141 		e_lis		r7,50169
  00000012 00  d271             142 		se_stw		r7,8(r1)
  0000006c 03  1c               143 	        .d2line         5
  00000014 00  c261             144 		se_lwz		r6,8(r1)
  00000016 00  6367             145 		se_bgeni		r7,22
  00000018 00  5ce6 0052        146 		e_sth		r7,82(r6)
                                147 	#$$vo
  0000001c 00  70d8 e3f9        148 		e_lis		r6,50169
  00000020 00  d361             149 		se_stw		r6,12(r1)
  0000006d 03  2b               150 	        .d2line         6
  00000022 00  c371             151 		se_lwz		r7,12(r1)
  00000024 00  6366             152 		se_bgeni		r6,22
  00000026 00  5cc7 0094        153 		e_sth		r6,148(r7)
                                154 	#$$vo
  0000002a 00  70f8 e3f9        155 		e_lis		r7,50169
  0000002e 00  d471             156 		se_stw		r7,16(r1)
  0000006e 03  2b               157 	        .d2line         7
  00000030 00  c461             158 		se_lwz		r6,16(r1)
  00000032 00  6367             159 		se_bgeni		r7,22
  00000034 00  5ce6 005a        160 		e_sth		r7,90(r6)
                                161 	#$$vo
  00000038 00  70d8 e3f9        162 		e_lis		r6,50169
  0000003c 00  d561             163 		se_stw		r6,20(r1)
  0000006f 03  2b               164 	        .d2line         8
  0000003e 00  c571             165 		se_lwz		r7,20(r1)
  00000040 00  6366             166 		se_bgeni		r6,22
  00000042 00  5cc7 0058        167 		e_sth		r6,88(r7)
                                168 	#$$vo
  00000046 00  70f8 e3f9        169 		e_lis		r7,50169
  0000004a 00  d671             170 		se_stw		r7,24(r1)
  00000070 03  2b               171 	        .d2line         9
  0000004c 00  c661             172 		se_lwz		r6,24(r1)
  0000004e 00  6367             173 		se_bgeni		r7,22
  00000050 00  5ce6 00bc        174 		e_sth		r7,188(r6)
                                175 	#$$vo
  00000054 00  70d8 e3f9        176 		e_lis		r6,50169
  00000058 00  d761             177 		se_stw		r6,28(r1)
  00000071 03  2b               178 	        .d2line         10
  0000005a 00  c771             179 		se_lwz		r7,28(r1)
  0000005c 00  6366             180 		se_bgeni		r6,22
  0000005e 00  5cc7 00ba        181 		e_sth		r6,186(r7)
                                182 	#$$vo
  00000062 00  7338 e3f9        183 		e_lis		r25,50169
  00000072 03  27               184 	        .d2line         11
  00000066 00  6366             185 		se_bgeni		r6,22
  00000068 00  5cd9 00b6        186 		e_sth		r6,182(r25)
                                187 	#$$vo
  0000006c 00  7318 e3f9        188 		e_lis		r24,50169
  00000073 03  23               189 	        .d2line         12
  00000070 00  6366             190 		se_bgeni		r6,22
  00000072 00  5cd8 0056        191 		e_sth		r6,86(r24)
                                192 	#$$vo
  00000076 00  72f8 e3f9        193 		e_lis		r23,50169
  00000074 03  0303 22          194 	        .d2line         15
  0000007a 00  70c4 0500        195 		e_li		r6,9472
  0000007e 00  5cd7 0082        196 		e_sth		r6,130(r23)
                                197 	#$$vo
  00000082 00  72d8 e3f9        198 		e_lis		r22,50169
  00000077 03  27               199 	        .d2line         16
  00000086 00  70c4 0500        200 		e_li		r6,9472
  0000008a 00  5cd6 00c2        201 		e_sth		r6,194(r22)
                                202 	#$$vo
  0000008e 00  72b8 e3f9        203 		e_lis		r21,50169
  00000078 03  0303 26          204 	        .d2line         19
  00000092 00  6376             205 		se_bgeni		r6,23
  00000094 00  5cd5 0040        206 		e_sth		r6,64(r21)
                                207 	#$$vo
  00000098 00  7298 e3f9        208 		e_lis		r20,50169
  0000007b 03  23               209 	        .d2line         20
  0000009c 00  6376             210 		se_bgeni		r6,23
  0000009e 00  5cd4 0042        211 		e_sth		r6,66(r20)
                                212 	#$$vo
  000000a2 00  7278 e3f9        213 		e_lis		r19,50169
  0000007c 03  23               214 	        .d2line         21
  000000a6 00  6376             215 		se_bgeni		r6,23
  000000a8 00  5cd3 0044        216 		e_sth		r6,68(r19)
                                217 	#$$vo
  000000ac 00  7258 e3f9        218 		e_lis		r18,50169
  0000007d 03  23               219 	        .d2line         22
  000000b0 00  6376             220 		se_bgeni		r6,23
  000000b2 00  5cd2 0046        221 		e_sth		r6,70(r18)
                                222 	#$$vo
  000000b6 00  7238 e3f9        223 		e_lis		r17,50169
  0000007e 03  23               224 	        .d2line         23
  000000ba 00  6376             225 		se_bgeni		r6,23
  000000bc 00  5cd1 0048        226 		e_sth		r6,72(r17)
                                227 	#$$vo
  000000c0 00  7218 e3f9        228 		e_lis		r16,50169
  0000007f 03  23               229 	        .d2line         24
  000000c4 00  6376             230 		se_bgeni		r6,23
  000000c6 00  5cd0 0098        231 		e_sth		r6,152(r16)
                                232 	#$$vo
  000000ca 00  71f8 e3f9        233 		e_lis		r15,50169
  00000080 03  030b 22          234 	        .d2line         35
  000000ce 00  1bef 8060        235 		e_addi		r31,r15,96
  000000d2 00  a07f             236 		se_lhz		r7,0(r31)
                                237 	#$$vo
  000000d4 00  74e7 05a7        238 		e_rlwinm		r7,r7,0,22,19
  000000d8 00  6557             239 		se_bseti		r7,21
  000000da 00  b07f             240 		se_sth		r7,0(r31)
                                241 	#$$vo
  000000dc 00  71d8 e3f9        242 		e_lis		r14,50169
  00000083 03  33               243 	        .d2line         36
  000000e0 00  1bce 8060        244 		e_addi		r30,r14,96
  000000e4 00  a06e             245 		se_lhz		r6,0(r30)
                                246 	#$$vo
  000000e6 00  6176             247 		se_bclri		r6,23
  000000e8 00  b06e             248 		se_sth		r6,0(r30)
                                249 	#$$vo
  000000ea 00  70f8 e3f9        250 		e_lis		r7,50169
  000000ee 00  d871             251 		se_stw		r7,32(r1)
  00000084 03  2f               252 	        .d2line         37
  000000f0 00  c861             253 		se_lwz		r6,32(r1)
  000000f2 00  1ba6 8060        254 		e_addi		r29,r6,96
  000000f6 00  a07d             255 		se_lhz		r7,0(r29)
                                256 	#$$vo
  000000f8 00  6567             257 		se_bseti		r7,22
  000000fa 00  b07d             258 		se_sth		r7,0(r29)
                                259 	#$$vo
  000000fc 00  70d8 e3f9        260 		e_lis		r6,50169
  00000100 00  d961             261 		se_stw		r6,36(r1)
  00000085 03  34               262 	        .d2line         39
  00000102 00  c971             263 		se_lwz		r7,36(r1)
  00000104 00  1b87 8062        264 		e_addi		r28,r7,98
  00000108 00  a06c             265 		se_lhz		r6,0(r28)
                                266 	#$$vo
  0000010a 00  74c6 05a7        267 		e_rlwinm		r6,r6,0,22,19
  0000010e 00  6556             268 		se_bseti		r6,21
  00000110 00  b06c             269 		se_sth		r6,0(r28)
                                270 	#$$vo
  00000112 00  70f8 e3f9        271 		e_lis		r7,50169
  00000116 00  da71             272 		se_stw		r7,40(r1)
  00000086 03  3b               273 	        .d2line         40
  00000118 00  ca61             274 		se_lwz		r6,40(r1)
  0000011a 00  1b66 8062        275 		e_addi		r27,r6,98
  0000011e 00  a07b             276 		se_lhz		r7,0(r27)
                                277 	#$$vo
  00000120 00  6577             278 		se_bseti		r7,23
  00000122 00  b07b             279 		se_sth		r7,0(r27)
                                280 	#$$vo
  00000124 00  70d8 e3f9        281 		e_lis		r6,50169
  00000128 00  db61             282 		se_stw		r6,44(r1)
  00000087 03  33               283 	        .d2line         41
  0000012a 00  cb71             284 		se_lwz		r7,44(r1)
  0000012c 00  1b47 8062        285 		e_addi		r26,r7,98
  00000130 00  a06a             286 		se_lhz		r6,0(r26)
                                287 	#$$vo
  00000132 00  6166             288 		se_bclri		r6,22
  00000134 00  b06a             289 		se_sth		r6,0(r26)
                                290 	#$$vo
  00000088 03  28               291 	        .d2line         43
                                292 	#$$be
  00000089 03  0200 0b01        293 		.d2epilogue_begin
                                294 	#$$br
  00000136 00  19c1 0838        295 		e_lmw		r14,56(r1)
                                296 	#$$er
  0000013a 00  5001 0084        297 		e_lwz		r0,132(r1)
  0000013e 00  0090             298 		se_mtlr		r0
  00000140 00  1821 8080        299 		e_addi		r1,r1,128
                                300 	#$$tl 0x0 0x0 0x0
  00000144 00  0004             301 		se_blr
                                302 	#$$ef
                                303 		.d2_cfa_end 2
                                304 		.section	.debug_info,,n
  000000c1 05  00               305 		.sleb128	0
                                306 	.L5780:
                                307 		.section	.text_vle,,c
                                308 	.L5782:
                                309 		.type		SIU_Init,@function
                                310 		.size		SIU_Init,.-SIU_Init
                                311 	# Number of nodes = 94
                                312 	
                                313 	# Allocations for SIU_Init
                                314 	#	SP,8		$$1
                                315 	#	SP,12		$$2
                                316 	#	SP,16		$$3
                                317 	#	SP,20		$$4
                                318 	#	SP,24		$$5
                                319 	#	SP,28		$$6
                                320 	#	r25		$$7
                                321 	#	r24		$$8
                                322 	#	r23		$$9
                                323 	#	r22		$$10
                                324 	#	r21		$$11
                                325 	#	r20		$$12
                                326 	#	r19		$$13
                                327 	#	r18		$$14
                                328 	#	r17		$$15
                                329 	#	r16		$$16
                                330 	#	r15		$$17
                                331 	#	r14		$$18
                                332 	#	SP,32		$$19
                                333 	#	SP,36		$$20
                                334 	#	SP,40		$$21
                                335 	#	SP,44		$$22
                                336 	#	r31		$$23
                                337 	#	r30		$$24
                                338 	#	r29		$$25
                                339 	#	r28		$$26
                                340 	#	r27		$$27
                                341 	#	r26		$$28
                                342 	
                                343 	# Allocations for module
                                344 		.section	.debug_info,,n
                                345 	.L7:
  000000c2 05  00               346 		.sleb128	0
                                347 	.L3:
                                348 		.section	.text_vle,,c
                                349 	.L5:
                                350 	.L5783:	.d2filenum "C:\\Users\\ASE-Lab\\Desktop\\ASEUnit2\\Template\\src\\siu.c"
  0000008d 03  0005 0200 0000   351 		.d2_line_end
  00000093 03  0000 0101            	
                                352 		.section	.debug_abbrev,,n
  0000002a 04  00               353 		.sleb128	0
